2023-08-24 14:22:13,675 ERROR t.TableDao [main] IMPORTANT: The element F638A is missing in the picklist anlymdLists in the picklists\ folder. Putting an empty value.
2023-08-24 14:22:13,675 ERROR t.TableDao [main] IMPORTANT: The element 2017 is missing in the picklist reportYearsList in the picklists\ folder. Putting an empty value.
2023-08-24 14:22:13,901 ERROR t.TableDao [main] IMPORTANT: The element F626A is missing in the picklist anlymdLists in the picklists\ folder. Putting an empty value.
2023-08-24 14:22:13,901 ERROR t.TableDao [main] IMPORTANT: The element 2017 is missing in the picklist reportYearsList in the picklists\ folder. Putting an empty value.
2023-08-24 14:22:13,925 ERROR t.TableDao [main] IMPORTANT: The element 2017 is missing in the picklist reportYearsList in the picklists\ folder. Putting an empty value.
2023-08-24 14:22:13,948 ERROR t.Relation [main] No relation found for Settings 1=>N CasesInformation
2023-08-24 14:22:13,951 ERROR t.Relation [main] No relation found for Preferences 1=>N CasesInformation
2023-08-24 14:22:13,968 ERROR t.Relation [main] No relation found for Settings 1=>N AnalyticalResults
2023-08-24 14:22:13,972 ERROR t.Relation [main] No relation found for Preferences 1=>N AnalyticalResults
2023-08-24 14:22:14,005 ERROR t.Relation [main] No relation found for Settings 1=>N AnalyticalResults
2023-08-24 14:22:14,008 ERROR t.Relation [main] No relation found for Preferences 1=>N AnalyticalResults
2023-08-24 14:22:14,018 ERROR t.Relation [main] No relation found for Settings 1=>N AnalyticalResults
2023-08-24 14:22:14,020 ERROR t.Relation [main] No relation found for Preferences 1=>N AnalyticalResults
2023-08-24 14:22:14,120 ERROR t.TableDao [main] IMPORTANT: The element F638A is missing in the picklist anlymdLists in the picklists\ folder. Putting an empty value.
2023-08-24 14:22:14,120 ERROR t.TableDao [main] IMPORTANT: The element 2017 is missing in the picklist reportYearsList in the picklists\ folder. Putting an empty value.
2023-08-24 14:22:14,257 ERROR t.TableDao [main] IMPORTANT: The element F626A is missing in the picklist anlymdLists in the picklists\ folder. Putting an empty value.
2023-08-24 14:22:14,257 ERROR t.TableDao [main] IMPORTANT: The element 2017 is missing in the picklist reportYearsList in the picklists\ folder. Putting an empty value.
2023-08-24 14:22:14,291 ERROR t.TableDao [main] IMPORTANT: The element 2017 is missing in the picklist reportYearsList in the picklists\ folder. Putting an empty value.
2023-08-24 14:22:14,305 ERROR t.Relation [main] No relation found for Settings 1=>N CasesInformation
2023-08-24 14:22:14,308 ERROR t.Relation [main] No relation found for Preferences 1=>N CasesInformation
2023-08-24 14:22:14,312 ERROR t.Relation [main] No relation found for Settings 1=>N AnalyticalResults
2023-08-24 14:22:14,315 ERROR t.Relation [main] No relation found for Preferences 1=>N AnalyticalResults
2023-08-24 14:22:14,320 ERROR t.Relation [main] No relation found for Settings 1=>N AnalyticalResults
2023-08-24 14:22:14,322 ERROR t.Relation [main] No relation found for Preferences 1=>N AnalyticalResults
2023-08-24 14:22:14,326 ERROR t.Relation [main] No relation found for Settings 1=>N AnalyticalResults
2023-08-24 14:22:14,329 ERROR t.Relation [main] No relation found for Preferences 1=>N AnalyticalResults
2023-08-24 14:22:14,425 ERROR t.TableDao [main] IMPORTANT: The element F638A is missing in the picklist anlymdLists in the picklists\ folder. Putting an empty value.
2023-08-24 14:22:14,425 ERROR t.TableDao [main] IMPORTANT: The element 2017 is missing in the picklist reportYearsList in the picklists\ folder. Putting an empty value.
2023-08-24 14:22:14,516 ERROR t.TableDao [main] IMPORTANT: The element F626A is missing in the picklist anlymdLists in the picklists\ folder. Putting an empty value.
2023-08-24 14:22:14,516 ERROR t.TableDao [main] IMPORTANT: The element 2017 is missing in the picklist reportYearsList in the picklists\ folder. Putting an empty value.
2023-08-24 14:22:14,525 ERROR t.TableDao [main] IMPORTANT: The element 2017 is missing in the picklist reportYearsList in the picklists\ folder. Putting an empty value.
2023-08-24 14:22:14,537 ERROR t.Relation [main] No relation found for Settings 1=>N CasesInformation
2023-08-24 14:22:14,540 ERROR t.Relation [main] No relation found for Preferences 1=>N CasesInformation
2023-08-24 14:22:14,544 ERROR t.Relation [main] No relation found for Settings 1=>N AnalyticalResults
2023-08-24 14:22:14,546 ERROR t.Relation [main] No relation found for Preferences 1=>N AnalyticalResults
2023-08-24 14:22:14,551 ERROR t.Relation [main] No relation found for Settings 1=>N AnalyticalResults
2023-08-24 14:22:14,553 ERROR t.Relation [main] No relation found for Preferences 1=>N AnalyticalResults
2023-08-24 14:22:14,558 ERROR t.Relation [main] No relation found for Settings 1=>N AnalyticalResults
2023-08-24 14:22:14,562 ERROR t.Relation [main] No relation found for Preferences 1=>N AnalyticalResults
2023-08-24 14:22:14,655 ERROR t.TableDao [main] IMPORTANT: The element F638A is missing in the picklist anlymdLists in the picklists\ folder. Putting an empty value.
2023-08-24 14:22:14,655 ERROR t.TableDao [main] IMPORTANT: The element 2017 is missing in the picklist reportYearsList in the picklists\ folder. Putting an empty value.
2023-08-24 14:22:14,747 ERROR t.TableDao [main] IMPORTANT: The element F626A is missing in the picklist anlymdLists in the picklists\ folder. Putting an empty value.
2023-08-24 14:22:14,747 ERROR t.TableDao [main] IMPORTANT: The element 2017 is missing in the picklist reportYearsList in the picklists\ folder. Putting an empty value.
2023-08-24 14:22:14,757 ERROR t.TableDao [main] IMPORTANT: The element 2017 is missing in the picklist reportYearsList in the picklists\ folder. Putting an empty value.
2023-08-24 14:22:14,769 ERROR t.Relation [main] No relation found for Settings 1=>N CasesInformation
2023-08-24 14:22:14,771 ERROR t.Relation [main] No relation found for Preferences 1=>N CasesInformation
2023-08-24 14:22:14,775 ERROR t.Relation [main] No relation found for Settings 1=>N AnalyticalResults
2023-08-24 14:22:14,776 ERROR t.Relation [main] No relation found for Preferences 1=>N AnalyticalResults
2023-08-24 14:22:14,781 ERROR t.Relation [main] No relation found for Settings 1=>N AnalyticalResults
2023-08-24 14:22:14,783 ERROR t.Relation [main] No relation found for Preferences 1=>N AnalyticalResults
2023-08-24 14:22:14,787 ERROR t.Relation [main] No relation found for Settings 1=>N AnalyticalResults
2023-08-24 14:22:14,790 ERROR t.Relation [main] No relation found for Preferences 1=>N AnalyticalResults
2023-08-24 14:22:15,160 ERROR t.TableDao [main] IMPORTANT: The element F638A is missing in the picklist anlymdLists in the picklists\ folder. Putting an empty value.
2023-08-24 14:22:15,160 ERROR t.TableDao [main] IMPORTANT: The element 2017 is missing in the picklist reportYearsList in the picklists\ folder. Putting an empty value.
2023-08-24 14:22:15,324 ERROR t.TableDao [main] IMPORTANT: The element F626A is missing in the picklist anlymdLists in the picklists\ folder. Putting an empty value.
2023-08-24 14:22:15,324 ERROR t.TableDao [main] IMPORTANT: The element 2017 is missing in the picklist reportYearsList in the picklists\ folder. Putting an empty value.
2023-08-24 14:22:15,333 ERROR t.TableDao [main] IMPORTANT: The element 2017 is missing in the picklist reportYearsList in the picklists\ folder. Putting an empty value.
2023-08-24 14:22:15,343 ERROR t.Relation [main] No relation found for Settings 1=>N CasesInformation
2023-08-24 14:22:15,344 ERROR t.Relation [main] No relation found for Preferences 1=>N CasesInformation
2023-08-24 14:22:15,349 ERROR t.Relation [main] No relation found for Settings 1=>N AnalyticalResults
2023-08-24 14:22:15,354 ERROR t.Relation [main] No relation found for Preferences 1=>N AnalyticalResults
2023-08-24 14:22:15,358 ERROR t.Relation [main] No relation found for Settings 1=>N AnalyticalResults
2023-08-24 14:22:15,360 ERROR t.Relation [main] No relation found for Preferences 1=>N AnalyticalResults
2023-08-24 14:22:15,364 ERROR t.Relation [main] No relation found for Settings 1=>N AnalyticalResults
2023-08-24 14:22:15,366 ERROR t.Relation [main] No relation found for Preferences 1=>N AnalyticalResults
2023-08-24 14:22:15,433 ERROR t.TableDao [main] IMPORTANT: The element F638A is missing in the picklist anlymdLists in the picklists\ folder. Putting an empty value.
2023-08-24 14:22:15,433 ERROR t.TableDao [main] IMPORTANT: The element 2017 is missing in the picklist reportYearsList in the picklists\ folder. Putting an empty value.
2023-08-24 14:22:15,521 ERROR t.TableDao [main] IMPORTANT: The element F626A is missing in the picklist anlymdLists in the picklists\ folder. Putting an empty value.
2023-08-24 14:22:15,522 ERROR t.TableDao [main] IMPORTANT: The element 2017 is missing in the picklist reportYearsList in the picklists\ folder. Putting an empty value.
2023-08-24 14:22:15,538 ERROR t.TableDao [main] IMPORTANT: The element 2017 is missing in the picklist reportYearsList in the picklists\ folder. Putting an empty value.
2023-08-24 14:22:15,554 ERROR t.Relation [main] No relation found for Settings 1=>N CasesInformation
2023-08-24 14:22:15,559 ERROR t.Relation [main] No relation found for Preferences 1=>N CasesInformation
2023-08-24 14:22:15,564 ERROR t.Relation [main] No relation found for Settings 1=>N AnalyticalResults
2023-08-24 14:22:15,567 ERROR t.Relation [main] No relation found for Preferences 1=>N AnalyticalResults
2023-08-24 14:22:15,572 ERROR t.Relation [main] No relation found for Settings 1=>N AnalyticalResults
2023-08-24 14:22:15,576 ERROR t.Relation [main] No relation found for Preferences 1=>N AnalyticalResults
2023-08-24 14:22:15,581 ERROR t.Relation [main] No relation found for Settings 1=>N AnalyticalResults
2023-08-24 14:22:15,583 ERROR t.Relation [main] No relation found for Preferences 1=>N AnalyticalResults
2023-08-24 14:22:16,186 ERROR t.Relation [main] No relation found for Settings 1=>N CasesInformation
2023-08-24 14:22:16,188 ERROR t.Relation [main] No relation found for Preferences 1=>N CasesInformation
2023-08-24 14:22:16,192 ERROR t.Relation [main] No relation found for Settings 1=>N AnalyticalResults
2023-08-24 14:22:16,195 ERROR t.Relation [main] No relation found for Preferences 1=>N AnalyticalResults
2023-08-24 14:22:16,198 ERROR t.Relation [main] No relation found for Settings 1=>N AnalyticalResults
2023-08-24 14:22:16,201 ERROR t.Relation [main] No relation found for Preferences 1=>N AnalyticalResults
2023-08-24 14:22:16,206 ERROR t.Relation [main] No relation found for Settings 1=>N AnalyticalResults
2023-08-24 14:22:16,208 ERROR t.Relation [main] No relation found for Preferences 1=>N AnalyticalResults
2023-08-24 14:22:16,402 ERROR t.Relation [main] No relation found for Settings 1=>N CasesInformation
2023-08-24 14:22:16,404 ERROR t.Relation [main] No relation found for Preferences 1=>N CasesInformation
2023-08-24 14:22:16,408 ERROR t.Relation [main] No relation found for Settings 1=>N AnalyticalResults
2023-08-24 14:22:16,410 ERROR t.Relation [main] No relation found for Preferences 1=>N AnalyticalResults
2023-08-24 14:22:16,414 ERROR t.Relation [main] No relation found for Settings 1=>N AnalyticalResults
2023-08-24 14:22:16,416 ERROR t.Relation [main] No relation found for Preferences 1=>N AnalyticalResults
2023-08-24 14:22:16,420 ERROR t.Relation [main] No relation found for Settings 1=>N AnalyticalResults
2023-08-24 14:22:16,421 ERROR t.Relation [main] No relation found for Preferences 1=>N AnalyticalResults
2023-08-24 14:22:16,627 ERROR t.Relation [main] No relation found for Settings 1=>N CasesInformation
2023-08-24 14:22:16,629 ERROR t.Relation [main] No relation found for Preferences 1=>N CasesInformation
2023-08-24 14:22:16,634 ERROR t.Relation [main] No relation found for Settings 1=>N AnalyticalResults
2023-08-24 14:22:16,636 ERROR t.Relation [main] No relation found for Preferences 1=>N AnalyticalResults
2023-08-24 14:22:16,641 ERROR t.Relation [main] No relation found for Settings 1=>N AnalyticalResults
2023-08-24 14:22:16,643 ERROR t.Relation [main] No relation found for Preferences 1=>N AnalyticalResults
2023-08-24 14:22:16,647 ERROR t.Relation [main] No relation found for Settings 1=>N AnalyticalResults
2023-08-24 14:22:16,650 ERROR t.Relation [main] No relation found for Preferences 1=>N AnalyticalResults
2023-08-24 14:22:16,845 ERROR t.Relation [main] No relation found for Settings 1=>N CasesInformation
2023-08-24 14:22:16,847 ERROR t.Relation [main] No relation found for Preferences 1=>N CasesInformation
2023-08-24 14:22:16,850 ERROR t.Relation [main] No relation found for Settings 1=>N AnalyticalResults
2023-08-24 14:22:16,852 ERROR t.Relation [main] No relation found for Preferences 1=>N AnalyticalResults
2023-08-24 14:22:16,856 ERROR t.Relation [main] No relation found for Settings 1=>N AnalyticalResults
2023-08-24 14:22:16,859 ERROR t.Relation [main] No relation found for Preferences 1=>N AnalyticalResults
2023-08-24 14:22:16,862 ERROR t.Relation [main] No relation found for Settings 1=>N AnalyticalResults
2023-08-24 14:22:16,863 ERROR t.Relation [main] No relation found for Preferences 1=>N AnalyticalResults
2023-08-24 14:22:17,337 ERROR t.Relation [main] No relation found for Settings 1=>N CasesInformation
2023-08-24 14:22:17,340 ERROR t.Relation [main] No relation found for Preferences 1=>N CasesInformation
2023-08-24 14:22:17,344 ERROR t.Relation [main] No relation found for Settings 1=>N AnalyticalResults
2023-08-24 14:22:17,346 ERROR t.Relation [main] No relation found for Preferences 1=>N AnalyticalResults
2023-08-24 14:22:17,350 ERROR t.Relation [main] No relation found for Settings 1=>N AnalyticalResults
2023-08-24 14:22:17,352 ERROR t.Relation [main] No relation found for Preferences 1=>N AnalyticalResults
2023-08-24 14:22:17,355 ERROR t.Relation [main] No relation found for Settings 1=>N AnalyticalResults
2023-08-24 14:22:17,357 ERROR t.Relation [main] No relation found for Preferences 1=>N AnalyticalResults
2023-08-24 14:22:17,585 ERROR t.Relation [main] No relation found for Settings 1=>N CasesInformation
2023-08-24 14:22:17,587 ERROR t.Relation [main] No relation found for Preferences 1=>N CasesInformation
2023-08-24 14:22:17,592 ERROR t.Relation [main] No relation found for Settings 1=>N AnalyticalResults
2023-08-24 14:22:17,594 ERROR t.Relation [main] No relation found for Preferences 1=>N AnalyticalResults
2023-08-24 14:22:17,598 ERROR t.Relation [main] No relation found for Settings 1=>N AnalyticalResults
2023-08-24 14:22:17,600 ERROR t.Relation [main] No relation found for Preferences 1=>N AnalyticalResults
2023-08-24 14:22:17,603 ERROR t.Relation [main] No relation found for Settings 1=>N AnalyticalResults
2023-08-24 14:22:17,605 ERROR t.Relation [main] No relation found for Preferences 1=>N AnalyticalResults
2023-08-24 14:22:57,459 FATAL t.StartUI [main] Generic error occurred
org.eclipse.swt.SWTException: Failed to execute runnable (java.lang.NumberFormatException: For input string: "")
	at org.eclipse.swt.SWT.error(Unknown Source) ~[swt.win64-3.655.jar:?]
	at org.eclipse.swt.SWT.error(Unknown Source) ~[swt.win64-3.655.jar:?]
	at org.eclipse.swt.widgets.Synchronizer.runAsyncMessages(Unknown Source) ~[swt.win64-3.655.jar:?]
	at org.eclipse.swt.widgets.Display.runAsyncMessages(Unknown Source) ~[swt.win64-3.655.jar:?]
	at org.eclipse.swt.widgets.Display.readAndDispatch(Unknown Source) ~[swt.win64-3.655.jar:?]
	at tse_main.StartUI.launch(StartUI.java:368) ~[classes/:?]
	at tse_main.StartUI.main(StartUI.java:197) [classes/:?]
Caused by: java.lang.NumberFormatException: For input string: ""
	at java.lang.NumberFormatException.forInputString(NumberFormatException.java:65) ~[?:1.8.0_382]
	at java.lang.Integer.parseInt(Integer.java:592) ~[?:1.8.0_382]
	at java.lang.Integer.parseInt(Integer.java:615) ~[?:1.8.0_382]
	at app_config.PropertiesReader.getDataCollectionCode(PropertiesReader.java:260) ~[classes/:?]
	at providers.ReportService.getDatasetsOf(ReportService.java:458) ~[classes/:?]
	at providers.ReportService.getDataset(ReportService.java:481) ~[classes/:?]
	at providers.ReportService.getDataset(ReportService.java:501) ~[classes/:?]
	at report.ReportActions.send(ReportActions.java:131) ~[classes/:?]
	at tse_amend_report.MassAmendListDialog$1.widgetSelected(MassAmendListDialog.java:66) ~[classes/:?]
	at org.eclipse.swt.widgets.TypedListener.handleEvent(Unknown Source) ~[swt.win64-3.655.jar:?]
	at org.eclipse.swt.widgets.EventTable.sendEvent(Unknown Source) ~[swt.win64-3.655.jar:?]
	at org.eclipse.swt.widgets.Widget.sendEvent(Unknown Source) ~[swt.win64-3.655.jar:?]
	at org.eclipse.swt.widgets.Display.runDeferredEvents(Unknown Source) ~[swt.win64-3.655.jar:?]
	at org.eclipse.swt.widgets.Display.readAndDispatch(Unknown Source) ~[swt.win64-3.655.jar:?]
	at tse_amend_report.MassAmendListDialog.open(MassAmendListDialog.java:196) ~[classes/:?]
	at tse_amend_report.ReportAmenderDialog$1.finished(ReportAmenderDialog.java:79) ~[classes/:?]
	at tse_amend_report.ReportAmenderDialog$2.lambda$finished$0(ReportAmenderDialog.java:169) ~[classes/:?]
	at org.eclipse.swt.widgets.RunnableLock.run(Unknown Source) ~[swt.win64-3.655.jar:?]
	... 5 more
