2023-08-24 16:10:43,991 ERROR r.TseReportDownloader [main] No value found in reportYearsList for 2001
2023-08-24 16:10:43,993 ERROR r.TseReportDownloader [main] No value found in reportYearsList for 2001
2023-08-24 16:10:43,993 ERROR r.TseReportDownloader [main] No value found in reportYearsList for 2005
2023-08-24 16:10:43,994 ERROR r.TseReportDownloader [main] No value found in reportYearsList for 2001
2023-08-24 16:10:43,994 ERROR r.TseReportDownloader [main] No value found in reportYearsList for 2001
2023-08-24 16:10:43,994 ERROR r.TseReportDownloader [main] No value found in reportYearsList for 2001
2023-08-24 16:10:43,996 ERROR r.TseReportDownloader [main] No value found in reportYearsList for 2013
2023-08-24 16:10:43,996 ERROR r.TseReportDownloader [main] No value found in reportYearsList for 2001
2023-08-24 16:10:43,997 ERROR r.TseReportDownloader [main] No value found in reportYearsList for 2012
2023-08-24 16:10:43,997 ERROR r.TseReportDownloader [main] No value found in reportYearsList for 2012
2023-08-24 16:10:43,998 ERROR r.TseReportDownloader [main] No value found in reportYearsList for 2010
2023-08-24 16:10:43,998 ERROR r.TseReportDownloader [main] No value found in reportYearsList for 2010
2023-08-24 16:10:43,998 ERROR r.TseReportDownloader [main] No value found in reportYearsList for 2096
2023-08-24 16:10:43,998 ERROR r.TseReportDownloader [main] No value found in reportYearsList for 2096
2023-08-24 16:10:43,999 ERROR r.TseReportDownloader [main] No value found in reportYearsList for 2011
2023-08-24 16:10:43,999 ERROR r.TseReportDownloader [main] No value found in reportYearsList for 2004
2023-08-24 16:10:43,999 ERROR r.TseReportDownloader [main] No value found in reportYearsList for 2001
2023-08-24 16:10:43,999 ERROR r.TseReportDownloader [main] No value found in reportYearsList for 2000
2023-08-24 16:10:43,999 ERROR r.TseReportDownloader [main] No value found in reportYearsList for 2001
2023-08-24 16:10:57,672 WARN f.RelationFormula [Thread-4] No value was found for relation Relation: [SummarizedInformation] 1=>N [AnalyticalResults] for formula RELATION{SummarizedInformation,type.code} in ID: -1
Column: statusHerd code=FI$birthYear;value=FI$birthYear
Column: sampMatCode code=A04MQ#F01.A056Q$F02.A16YZ$F21.A07RV$F31.A16NG$F32.A0C8Z;value=A04MQ#F01.A056Q$F02.A16YZ$F21.A07RV$F31.A16NG$F32.A0C8Z
Column: sampEventId code=8e3b71df-209b-4d74-ad6f-d3bdfd035ee5.A.3429;value=8e3b71df-209b-4d74-ad6f-d3bdfd035ee5.A.3429
Column: sampY code=2017;value=2017
Column: progId code=8e3b71df-209b-4d74-ad6f-d3bdfd035ee5.N123A.TG006A;value=8e3b71df-209b-4d74-ad6f-d3bdfd035ee5.N123A.TG006A
Column: sampEventInfo code=birthCountry=FI$birthYear=2008$birthMonth=9;value=birthCountry=FI$birthYear=2008$birthMonth=9
Column: repYear code=2017;value=2017
Column: sampMatType code=S000A;value=S000A
Column: sampInfo code=origSampId=8e3b71df-209b-4d74-ad6f-d3bdfd035ee5;value=origSampId=8e3b71df-209b-4d74-ad6f-d3bdfd035ee5
Column: paramType code=P001A;value=P001A
Column: sampAnId code=0012;value=0012
Column: anMethRefId code=AT12A.F638A;value=AT12A.F638A
Column: sampCountry code=LV;value=LV
Column: paramCodeBaseTerm code=RF-00004896-PAR;value=RF-00004896-PAR
Column: resType code=BIN;value=BIN
Column: ReportId code=1;value=1
Column: progInfo code=tseTargetGroup=TG006A;value=tseTargetGroup=TG006A
Column: sampId code=0012;value=0012
Column: analysisY code=2017;value=2017
Column: anMethType code=AT12A;value=AT12A
Column: resId code=8e3b71df-209b-4d74-ad6f-d3bdfd035ee5.000024;value=8e3b71df-209b-4d74-ad6f-d3bdfd035ee5.000024
Column: anMethCode code=F638A;value=F638A
Column: sampArea code=LV00;value=LV00
Column: resQualValue code=POS;value=POS
Column: paramCode code=RF-00004896-PAR;value=RF-00004896-PAR
Column: sampUnitIds code=animalId=3429 $PSUId=09724;value=animalId=3429 $PSUId=09724
Column: anMatCode code=A04MQ#F01.A056Q$F02.A16YZ$F21.A07RV$F31.A16NG$F32.A0C8Z;value=A04MQ#F01.A056Q$F02.A16YZ$F21.A07RV$F31.A16NG$F32.A0C8Z
Column: anPortSeq code=1;value=1
Column: evalInfo code=tseNationalCaseId=IT986425$tseIndexCase=Y$sampEventAsses=J050A;value=tseNationalCaseId=IT986425$tseIndexCase=Y$sampEventAsses=J050A
Column: sampUnitType code=G199A;value=G199A
Column: repCountry code=LV;value=LV
Column: sampM code=3;value=3
Column: progLegalRef code=N123A;value=N123A

2023-08-24 16:10:57,695 WARN f.RelationFormula [Thread-4] No value was found for relation Relation: [SummarizedInformation] 1=>N [AnalyticalResults] for formula RELATION{SummarizedInformation,type.code} in ID: -1
Column: statusHerd code=FI$birthYear;value=FI$birthYear
Column: sampMatCode code=A04MQ#F01.A056Q$F02.A16YZ$F21.A07RV$F31.A16NG$F32.A0C8Z;value=A04MQ#F01.A056Q$F02.A16YZ$F21.A07RV$F31.A16NG$F32.A0C8Z
Column: sampEventId code=8e3b71df-209b-4d74-ad6f-d3bdfd035ee5.A.3429;value=8e3b71df-209b-4d74-ad6f-d3bdfd035ee5.A.3429
Column: sampY code=2017;value=2017
Column: progId code=8e3b71df-209b-4d74-ad6f-d3bdfd035ee5.N123A.TG006A;value=8e3b71df-209b-4d74-ad6f-d3bdfd035ee5.N123A.TG006A
Column: sampEventInfo code=birthCountry=FI$birthYear=2008$birthMonth=9;value=birthCountry=FI$birthYear=2008$birthMonth=9
Column: repYear code=2017;value=2017
Column: sampMatType code=S000A;value=S000A
Column: sampInfo code=origSampId=8e3b71df-209b-4d74-ad6f-d3bdfd035ee5;value=origSampId=8e3b71df-209b-4d74-ad6f-d3bdfd035ee5
Column: paramType code=P001A;value=P001A
Column: sampAnId code=0012;value=0012
Column: anMethRefId code=AT08A.F626A;value=AT08A.F626A
Column: sampCountry code=LV;value=LV
Column: paramCodeBaseTerm code=RF-00004628-PAR;value=RF-00004628-PAR
Column: resType code=BIN;value=BIN
Column: ReportId code=1;value=1
Column: progInfo code=tseTargetGroup=TG006A;value=tseTargetGroup=TG006A
Column: sampId code=0012;value=0012
Column: analysisY code=2017;value=2017
Column: anMethType code=AT08A;value=AT08A
Column: resId code=8e3b71df-209b-4d74-ad6f-d3bdfd035ee5.000023;value=8e3b71df-209b-4d74-ad6f-d3bdfd035ee5.000023
Column: anMethCode code=F626A;value=F626A
Column: sampArea code=LV00;value=LV00
Column: resQualValue code=POS;value=POS
Column: paramCode code=RF-00004628-PAR;value=RF-00004628-PAR
Column: sampUnitIds code=animalId=3429 $PSUId=09724;value=animalId=3429 $PSUId=09724
Column: anMatCode code=A04MQ#F01.A056Q$F02.A16YZ$F21.A07RV$F31.A16NG$F32.A0C8Z;value=A04MQ#F01.A056Q$F02.A16YZ$F21.A07RV$F31.A16NG$F32.A0C8Z
Column: anPortSeq code=1;value=1
Column: evalInfo code=tseNationalCaseId=IT986425$tseIndexCase=Y$sampEventAsses=J050A;value=tseNationalCaseId=IT986425$tseIndexCase=Y$sampEventAsses=J050A
Column: sampUnitType code=G199A;value=G199A
Column: repCountry code=LV;value=LV
Column: sampM code=3;value=3
Column: progLegalRef code=N123A;value=N123A

2023-08-24 16:10:57,709 WARN f.RelationFormula [Thread-4] No value was found for relation Relation: [SummarizedInformation] 1=>N [AnalyticalResults] for formula RELATION{SummarizedInformation,type.code} in ID: -1
Column: statusHerd code=FI$birthYear;value=FI$birthYear
Column: sampMatCode code=A04MQ#F01.A056Q$F02.A16YZ$F21.A07RV$F31.A16NG$F32.A0C8Z;value=A04MQ#F01.A056Q$F02.A16YZ$F21.A07RV$F31.A16NG$F32.A0C8Z
Column: sampEventId code=8e3b71df-209b-4d74-ad6f-d3bdfd035ee5.A.3429;value=8e3b71df-209b-4d74-ad6f-d3bdfd035ee5.A.3429
Column: sampY code=2017;value=2017
Column: progId code=8e3b71df-209b-4d74-ad6f-d3bdfd035ee5.N123A.TG006A;value=8e3b71df-209b-4d74-ad6f-d3bdfd035ee5.N123A.TG006A
Column: sampEventInfo code=birthCountry=FI$birthYear=2008$birthMonth=9;value=birthCountry=FI$birthYear=2008$birthMonth=9
Column: repYear code=2017;value=2017
Column: sampMatType code=S000A;value=S000A
Column: sampInfo code=origSampId=8e3b71df-209b-4d74-ad6f-d3bdfd035ee5;value=origSampId=8e3b71df-209b-4d74-ad6f-d3bdfd035ee5
Column: paramType code=P001A;value=P001A
Column: sampAnId code=0012;value=0012
Column: anMethRefId code=AT06A.F647A;value=AT06A.F647A
Column: sampCountry code=LV;value=LV
Column: paramCodeBaseTerm code=RF-00004895-PAR;value=RF-00004895-PAR
Column: resType code=BIN;value=BIN
Column: ReportId code=1;value=1
Column: progInfo code=tseTargetGroup=TG006A;value=tseTargetGroup=TG006A
Column: sampId code=0012;value=0012
Column: analysisY code=2017;value=2017
Column: anMethType code=AT06A;value=AT06A
Column: resId code=8e3b71df-209b-4d74-ad6f-d3bdfd035ee5.000022;value=8e3b71df-209b-4d74-ad6f-d3bdfd035ee5.000022
Column: anMethCode code=F647A;value=F647A
Column: sampArea code=LV00;value=LV00
Column: resQualValue code=POS;value=POS
Column: paramCode code=RF-00004895-PAR;value=RF-00004895-PAR
Column: sampUnitIds code=animalId=3429 $PSUId=09724;value=animalId=3429 $PSUId=09724
Column: anMatCode code=A04MQ#F01.A056Q$F02.A16YZ$F21.A07RV$F31.A16NG$F32.A0C8Z;value=A04MQ#F01.A056Q$F02.A16YZ$F21.A07RV$F31.A16NG$F32.A0C8Z
Column: anPortSeq code=1;value=1
Column: evalInfo code=tseNationalCaseId=IT986425$tseIndexCase=Y$sampEventAsses=J050A;value=tseNationalCaseId=IT986425$tseIndexCase=Y$sampEventAsses=J050A
Column: sampUnitType code=G199A;value=G199A
Column: repCountry code=LV;value=LV
Column: sampM code=3;value=3
Column: progLegalRef code=N123A;value=N123A

2023-08-24 16:10:57,726 WARN f.RelationFormula [Thread-4] No value was found for relation Relation: [SummarizedInformation] 1=>N [AnalyticalResults] for formula RELATION{SummarizedInformation,type.code} in ID: -1
Column: statusHerd code=FI$birthYear;value=FI$birthYear
Column: sampMatCode code=A04MQ#F01.A056Q$F02.A16YL$F21.A07RV$F31.A16NG$F32.A0C8Z;value=A04MQ#F01.A056Q$F02.A16YL$F21.A07RV$F31.A16NG$F32.A0C8Z
Column: sampEventId code=8e3b71df-209b-4d74-ad6f-d3bdfd035ee5.A.3429;value=8e3b71df-209b-4d74-ad6f-d3bdfd035ee5.A.3429
Column: sampY code=2017;value=2017
Column: progId code=8e3b71df-209b-4d74-ad6f-d3bdfd035ee5.N123A.TG006A;value=8e3b71df-209b-4d74-ad6f-d3bdfd035ee5.N123A.TG006A
Column: sampEventInfo code=birthCountry=FI$birthYear=2008$birthMonth=9;value=birthCountry=FI$birthYear=2008$birthMonth=9
Column: repYear code=2017;value=2017
Column: sampMatType code=S000A;value=S000A
Column: sampInfo code=origSampId=8e3b71df-209b-4d74-ad6f-d3bdfd035ee5;value=origSampId=8e3b71df-209b-4d74-ad6f-d3bdfd035ee5
Column: paramType code=P001A;value=P001A
Column: sampAnId code=0011;value=0011
Column: anMethRefId code=AT12A.F638A;value=AT12A.F638A
Column: sampCountry code=LV;value=LV
Column: paramCodeBaseTerm code=RF-00004896-PAR;value=RF-00004896-PAR
Column: resType code=BIN;value=BIN
Column: ReportId code=1;value=1
Column: progInfo code=tseTargetGroup=TG006A;value=tseTargetGroup=TG006A
Column: sampId code=0011;value=0011
Column: analysisY code=2017;value=2017
Column: anMethType code=AT12A;value=AT12A
Column: resId code=8e3b71df-209b-4d74-ad6f-d3bdfd035ee5.000021;value=8e3b71df-209b-4d74-ad6f-d3bdfd035ee5.000021
Column: anMethCode code=F638A;value=F638A
Column: sampArea code=LV00;value=LV00
Column: resQualValue code=POS;value=POS
Column: paramCode code=RF-00004896-PAR;value=RF-00004896-PAR
Column: sampUnitIds code=animalId=3429 $PSUId=09724;value=animalId=3429 $PSUId=09724
Column: anMatCode code=A04MQ#F01.A056Q$F02.A16YL$F21.A07RV$F31.A16NG$F32.A0C8Z;value=A04MQ#F01.A056Q$F02.A16YL$F21.A07RV$F31.A16NG$F32.A0C8Z
Column: anPortSeq code=1;value=1
Column: evalInfo code=tseNationalCaseId=IT986425$tseIndexCase=Y$sampEventAsses=J050A;value=tseNationalCaseId=IT986425$tseIndexCase=Y$sampEventAsses=J050A
Column: sampUnitType code=G199A;value=G199A
Column: repCountry code=LV;value=LV
Column: sampM code=3;value=3
Column: progLegalRef code=N123A;value=N123A

2023-08-24 16:10:57,737 WARN f.RelationFormula [Thread-4] No value was found for relation Relation: [SummarizedInformation] 1=>N [AnalyticalResults] for formula RELATION{SummarizedInformation,type.code} in ID: -1
Column: statusHerd code=FI$birthYear;value=FI$birthYear
Column: sampMatCode code=A04MQ#F01.A056Q$F02.A16YL$F21.A07RV$F31.A16NG$F32.A0C8Z;value=A04MQ#F01.A056Q$F02.A16YL$F21.A07RV$F31.A16NG$F32.A0C8Z
Column: sampEventId code=8e3b71df-209b-4d74-ad6f-d3bdfd035ee5.A.3429;value=8e3b71df-209b-4d74-ad6f-d3bdfd035ee5.A.3429
Column: sampY code=2017;value=2017
Column: progId code=8e3b71df-209b-4d74-ad6f-d3bdfd035ee5.N123A.TG006A;value=8e3b71df-209b-4d74-ad6f-d3bdfd035ee5.N123A.TG006A
Column: sampEventInfo code=birthCountry=FI$birthYear=2008$birthMonth=9;value=birthCountry=FI$birthYear=2008$birthMonth=9
Column: repYear code=2017;value=2017
Column: sampMatType code=S000A;value=S000A
Column: sampInfo code=origSampId=8e3b71df-209b-4d74-ad6f-d3bdfd035ee5;value=origSampId=8e3b71df-209b-4d74-ad6f-d3bdfd035ee5
Column: paramType code=P001A;value=P001A
Column: sampAnId code=0011;value=0011
Column: anMethRefId code=AT08A.F626A;value=AT08A.F626A
Column: sampCountry code=LV;value=LV
Column: paramCodeBaseTerm code=RF-00004628-PAR;value=RF-00004628-PAR
Column: resType code=BIN;value=BIN
Column: ReportId code=1;value=1
Column: progInfo code=tseTargetGroup=TG006A;value=tseTargetGroup=TG006A
Column: sampId code=0011;value=0011
Column: analysisY code=2017;value=2017
Column: anMethType code=AT08A;value=AT08A
Column: resId code=8e3b71df-209b-4d74-ad6f-d3bdfd035ee5.000020;value=8e3b71df-209b-4d74-ad6f-d3bdfd035ee5.000020
Column: anMethCode code=F626A;value=F626A
Column: sampArea code=LV00;value=LV00
Column: resQualValue code=POS;value=POS
Column: paramCode code=RF-00004628-PAR;value=RF-00004628-PAR
Column: sampUnitIds code=animalId=3429 $PSUId=09724;value=animalId=3429 $PSUId=09724
Column: anMatCode code=A04MQ#F01.A056Q$F02.A16YL$F21.A07RV$F31.A16NG$F32.A0C8Z;value=A04MQ#F01.A056Q$F02.A16YL$F21.A07RV$F31.A16NG$F32.A0C8Z
Column: anPortSeq code=1;value=1
Column: evalInfo code=tseNationalCaseId=IT986425$tseIndexCase=Y$sampEventAsses=J050A;value=tseNationalCaseId=IT986425$tseIndexCase=Y$sampEventAsses=J050A
Column: sampUnitType code=G199A;value=G199A
Column: repCountry code=LV;value=LV
Column: sampM code=3;value=3
Column: progLegalRef code=N123A;value=N123A

2023-08-24 16:10:57,749 WARN f.RelationFormula [Thread-4] No value was found for relation Relation: [SummarizedInformation] 1=>N [AnalyticalResults] for formula RELATION{SummarizedInformation,type.code} in ID: -1
Column: statusHerd code=FI$birthYear;value=FI$birthYear
Column: sampMatCode code=A04MQ#F01.A056Q$F02.A16YL$F21.A07RV$F31.A16NG$F32.A0C8Z;value=A04MQ#F01.A056Q$F02.A16YL$F21.A07RV$F31.A16NG$F32.A0C8Z
Column: sampEventId code=8e3b71df-209b-4d74-ad6f-d3bdfd035ee5.A.3429;value=8e3b71df-209b-4d74-ad6f-d3bdfd035ee5.A.3429
Column: sampY code=2017;value=2017
Column: progId code=8e3b71df-209b-4d74-ad6f-d3bdfd035ee5.N123A.TG006A;value=8e3b71df-209b-4d74-ad6f-d3bdfd035ee5.N123A.TG006A
Column: sampEventInfo code=birthCountry=FI$birthYear=2008$birthMonth=9;value=birthCountry=FI$birthYear=2008$birthMonth=9
Column: repYear code=2017;value=2017
Column: sampMatType code=S000A;value=S000A
Column: sampInfo code=origSampId=8e3b71df-209b-4d74-ad6f-d3bdfd035ee5;value=origSampId=8e3b71df-209b-4d74-ad6f-d3bdfd035ee5
Column: paramType code=P001A;value=P001A
Column: sampAnId code=0011;value=0011
Column: anMethRefId code=AT06A.F647A;value=AT06A.F647A
Column: sampCountry code=LV;value=LV
Column: paramCodeBaseTerm code=RF-00004895-PAR;value=RF-00004895-PAR
Column: resType code=BIN;value=BIN
Column: ReportId code=1;value=1
Column: progInfo code=tseTargetGroup=TG006A;value=tseTargetGroup=TG006A
Column: sampId code=0011;value=0011
Column: analysisY code=2017;value=2017
Column: anMethType code=AT06A;value=AT06A
Column: resId code=8e3b71df-209b-4d74-ad6f-d3bdfd035ee5.000019;value=8e3b71df-209b-4d74-ad6f-d3bdfd035ee5.000019
Column: anMethCode code=F647A;value=F647A
Column: sampArea code=LV00;value=LV00
Column: resQualValue code=POS;value=POS
Column: paramCode code=RF-00004895-PAR;value=RF-00004895-PAR
Column: sampUnitIds code=animalId=3429 $PSUId=09724;value=animalId=3429 $PSUId=09724
Column: anMatCode code=A04MQ#F01.A056Q$F02.A16YL$F21.A07RV$F31.A16NG$F32.A0C8Z;value=A04MQ#F01.A056Q$F02.A16YL$F21.A07RV$F31.A16NG$F32.A0C8Z
Column: anPortSeq code=1;value=1
Column: evalInfo code=tseNationalCaseId=IT986425$tseIndexCase=Y$sampEventAsses=J050A;value=tseNationalCaseId=IT986425$tseIndexCase=Y$sampEventAsses=J050A
Column: sampUnitType code=G199A;value=G199A
Column: repCountry code=LV;value=LV
Column: sampM code=3;value=3
Column: progLegalRef code=N123A;value=N123A

2023-08-24 16:10:57,766 WARN f.RelationFormula [Thread-4] No value was found for relation Relation: [SummarizedInformation] 1=>N [AnalyticalResults] for formula RELATION{SummarizedInformation,type.code} in ID: -1
Column: statusHerd code=FI$birthYear;value=FI$birthYear
Column: sampMatCode code=A04MQ#F01.A056Q$F02.A16YZ$F21.A07RV$F31.A16NG$F32.A0C8Z;value=A04MQ#F01.A056Q$F02.A16YZ$F21.A07RV$F31.A16NG$F32.A0C8Z
Column: sampEventId code=8e3b71df-209b-4d74-ad6f-d3bdfd035ee5.A.IT896424;value=8e3b71df-209b-4d74-ad6f-d3bdfd035ee5.A.IT896424
Column: sampY code=2017;value=2017
Column: progId code=8e3b71df-209b-4d74-ad6f-d3bdfd035ee5.N123A.TG006A;value=8e3b71df-209b-4d74-ad6f-d3bdfd035ee5.N123A.TG006A
Column: sampEventInfo code=birthCountry=FI$birthYear=2008$birthMonth=7;value=birthCountry=FI$birthYear=2008$birthMonth=7
Column: repYear code=2017;value=2017
Column: sampMatType code=S000A;value=S000A
Column: sampInfo code=origSampId=8e3b71df-209b-4d74-ad6f-d3bdfd035ee5;value=origSampId=8e3b71df-209b-4d74-ad6f-d3bdfd035ee5
Column: paramType code=P001A;value=P001A
Column: sampAnId code=0014;value=0014
Column: anMethRefId code=AT12A.F638A;value=AT12A.F638A
Column: sampCountry code=LV;value=LV
Column: paramCodeBaseTerm code=RF-00004896-PAR;value=RF-00004896-PAR
Column: resType code=BIN;value=BIN
Column: ReportId code=1;value=1
Column: progInfo code=tseTargetGroup=TG006A;value=tseTargetGroup=TG006A
Column: sampId code=0014;value=0014
Column: analysisY code=2017;value=2017
Column: anMethType code=AT12A;value=AT12A
Column: resId code=8e3b71df-209b-4d74-ad6f-d3bdfd035ee5.000018;value=8e3b71df-209b-4d74-ad6f-d3bdfd035ee5.000018
Column: anMethCode code=F638A;value=F638A
Column: sampArea code=LV00;value=LV00
Column: resQualValue code=POS;value=POS
Column: paramCode code=RF-00004896-PAR;value=RF-00004896-PAR
Column: sampUnitIds code=animalId=IT896424 $PSUId=09724;value=animalId=IT896424 $PSUId=09724
Column: anMatCode code=A04MQ#F01.A056Q$F02.A16YZ$F21.A07RV$F31.A16NG$F32.A0C8Z;value=A04MQ#F01.A056Q$F02.A16YZ$F21.A07RV$F31.A16NG$F32.A0C8Z
Column: anPortSeq code=1;value=1
Column: evalInfo code=tseNationalCaseId=IT25783$tseIndexCase=Y$sampEventAsses=J049A;value=tseNationalCaseId=IT25783$tseIndexCase=Y$sampEventAsses=J049A
Column: sampUnitType code=G199A;value=G199A
Column: repCountry code=LV;value=LV
Column: sampM code=3;value=3
Column: progLegalRef code=N123A;value=N123A

2023-08-24 16:10:57,775 WARN f.RelationFormula [Thread-4] No value was found for relation Relation: [SummarizedInformation] 1=>N [AnalyticalResults] for formula RELATION{SummarizedInformation,type.code} in ID: -1
Column: statusHerd code=FI$birthYear;value=FI$birthYear
Column: sampMatCode code=A04MQ#F01.A056Q$F02.A16YZ$F21.A07RV$F31.A16NG$F32.A0C8Z;value=A04MQ#F01.A056Q$F02.A16YZ$F21.A07RV$F31.A16NG$F32.A0C8Z
Column: sampEventId code=8e3b71df-209b-4d74-ad6f-d3bdfd035ee5.A.IT896424;value=8e3b71df-209b-4d74-ad6f-d3bdfd035ee5.A.IT896424
Column: sampY code=2017;value=2017
Column: progId code=8e3b71df-209b-4d74-ad6f-d3bdfd035ee5.N123A.TG006A;value=8e3b71df-209b-4d74-ad6f-d3bdfd035ee5.N123A.TG006A
Column: sampEventInfo code=birthCountry=FI$birthYear=2008$birthMonth=7;value=birthCountry=FI$birthYear=2008$birthMonth=7
Column: repYear code=2017;value=2017
Column: sampMatType code=S000A;value=S000A
Column: sampInfo code=origSampId=8e3b71df-209b-4d74-ad6f-d3bdfd035ee5;value=origSampId=8e3b71df-209b-4d74-ad6f-d3bdfd035ee5
Column: paramType code=P001A;value=P001A
Column: sampAnId code=0014;value=0014
Column: anMethRefId code=AT08A.F626A;value=AT08A.F626A
Column: sampCountry code=LV;value=LV
Column: paramCodeBaseTerm code=RF-00004628-PAR;value=RF-00004628-PAR
Column: resType code=BIN;value=BIN
Column: ReportId code=1;value=1
Column: progInfo code=tseTargetGroup=TG006A;value=tseTargetGroup=TG006A
Column: sampId code=0014;value=0014
Column: analysisY code=2017;value=2017
Column: anMethType code=AT08A;value=AT08A
Column: resId code=8e3b71df-209b-4d74-ad6f-d3bdfd035ee5.000017;value=8e3b71df-209b-4d74-ad6f-d3bdfd035ee5.000017
Column: anMethCode code=F626A;value=F626A
Column: sampArea code=LV00;value=LV00
Column: resQualValue code=POS;value=POS
Column: paramCode code=RF-00004628-PAR;value=RF-00004628-PAR
Column: sampUnitIds code=animalId=IT896424 $PSUId=09724;value=animalId=IT896424 $PSUId=09724
Column: anMatCode code=A04MQ#F01.A056Q$F02.A16YZ$F21.A07RV$F31.A16NG$F32.A0C8Z;value=A04MQ#F01.A056Q$F02.A16YZ$F21.A07RV$F31.A16NG$F32.A0C8Z
Column: anPortSeq code=1;value=1
Column: evalInfo code=tseNationalCaseId=IT25783$tseIndexCase=Y$sampEventAsses=J049A;value=tseNationalCaseId=IT25783$tseIndexCase=Y$sampEventAsses=J049A
Column: sampUnitType code=G199A;value=G199A
Column: repCountry code=LV;value=LV
Column: sampM code=3;value=3
Column: progLegalRef code=N123A;value=N123A

2023-08-24 16:10:57,785 WARN f.RelationFormula [Thread-4] No value was found for relation Relation: [SummarizedInformation] 1=>N [AnalyticalResults] for formula RELATION{SummarizedInformation,type.code} in ID: -1
Column: statusHerd code=FI$birthYear;value=FI$birthYear
Column: sampMatCode code=A04MQ#F01.A056Q$F02.A16YZ$F21.A07RV$F31.A16NG$F32.A0C8Z;value=A04MQ#F01.A056Q$F02.A16YZ$F21.A07RV$F31.A16NG$F32.A0C8Z
Column: sampEventId code=8e3b71df-209b-4d74-ad6f-d3bdfd035ee5.A.IT896424;value=8e3b71df-209b-4d74-ad6f-d3bdfd035ee5.A.IT896424
Column: sampY code=2017;value=2017
Column: progId code=8e3b71df-209b-4d74-ad6f-d3bdfd035ee5.N123A.TG006A;value=8e3b71df-209b-4d74-ad6f-d3bdfd035ee5.N123A.TG006A
Column: sampEventInfo code=birthCountry=FI$birthYear=2008$birthMonth=7;value=birthCountry=FI$birthYear=2008$birthMonth=7
Column: repYear code=2017;value=2017
Column: sampMatType code=S000A;value=S000A
Column: sampInfo code=origSampId=8e3b71df-209b-4d74-ad6f-d3bdfd035ee5;value=origSampId=8e3b71df-209b-4d74-ad6f-d3bdfd035ee5
Column: paramType code=P001A;value=P001A
Column: sampAnId code=0014;value=0014
Column: anMethRefId code=AT06A.F647A;value=AT06A.F647A
Column: sampCountry code=LV;value=LV
Column: paramCodeBaseTerm code=RF-00004895-PAR;value=RF-00004895-PAR
Column: resType code=BIN;value=BIN
Column: ReportId code=1;value=1
Column: progInfo code=tseTargetGroup=TG006A;value=tseTargetGroup=TG006A
Column: sampId code=0014;value=0014
Column: analysisY code=2017;value=2017
Column: anMethType code=AT06A;value=AT06A
Column: resId code=8e3b71df-209b-4d74-ad6f-d3bdfd035ee5.000016;value=8e3b71df-209b-4d74-ad6f-d3bdfd035ee5.000016
Column: anMethCode code=F647A;value=F647A
Column: sampArea code=LV00;value=LV00
Column: resQualValue code=POS;value=POS
Column: paramCode code=RF-00004895-PAR;value=RF-00004895-PAR
Column: sampUnitIds code=animalId=IT896424 $PSUId=09724;value=animalId=IT896424 $PSUId=09724
Column: anMatCode code=A04MQ#F01.A056Q$F02.A16YZ$F21.A07RV$F31.A16NG$F32.A0C8Z;value=A04MQ#F01.A056Q$F02.A16YZ$F21.A07RV$F31.A16NG$F32.A0C8Z
Column: anPortSeq code=1;value=1
Column: evalInfo code=tseNationalCaseId=IT25783$tseIndexCase=Y$sampEventAsses=J049A;value=tseNationalCaseId=IT25783$tseIndexCase=Y$sampEventAsses=J049A
Column: sampUnitType code=G199A;value=G199A
Column: repCountry code=LV;value=LV
Column: sampM code=3;value=3
Column: progLegalRef code=N123A;value=N123A

2023-08-24 16:10:57,801 WARN f.RelationFormula [Thread-4] No value was found for relation Relation: [SummarizedInformation] 1=>N [AnalyticalResults] for formula RELATION{SummarizedInformation,type.code} in ID: -1
Column: statusHerd code=FI$birthYear;value=FI$birthYear
Column: sampMatCode code=A04MQ#F01.A056Q$F02.A16YL$F21.A07RV$F31.A16NG$F32.A0C8Z;value=A04MQ#F01.A056Q$F02.A16YL$F21.A07RV$F31.A16NG$F32.A0C8Z
Column: sampEventId code=8e3b71df-209b-4d74-ad6f-d3bdfd035ee5.A.IT896424;value=8e3b71df-209b-4d74-ad6f-d3bdfd035ee5.A.IT896424
Column: sampY code=2017;value=2017
Column: progId code=8e3b71df-209b-4d74-ad6f-d3bdfd035ee5.N123A.TG006A;value=8e3b71df-209b-4d74-ad6f-d3bdfd035ee5.N123A.TG006A
Column: sampEventInfo code=birthCountry=FI$birthYear=2008$birthMonth=7;value=birthCountry=FI$birthYear=2008$birthMonth=7
Column: repYear code=2017;value=2017
Column: sampMatType code=S000A;value=S000A
Column: sampInfo code=origSampId=8e3b71df-209b-4d74-ad6f-d3bdfd035ee5;value=origSampId=8e3b71df-209b-4d74-ad6f-d3bdfd035ee5
Column: paramType code=P001A;value=P001A
Column: sampAnId code=0013;value=0013
Column: anMethRefId code=AT12A.F638A;value=AT12A.F638A
Column: sampCountry code=LV;value=LV
Column: paramCodeBaseTerm code=RF-00004896-PAR;value=RF-00004896-PAR
Column: resType code=BIN;value=BIN
Column: ReportId code=1;value=1
Column: progInfo code=tseTargetGroup=TG006A;value=tseTargetGroup=TG006A
Column: sampId code=0013;value=0013
Column: analysisY code=2017;value=2017
Column: anMethType code=AT12A;value=AT12A
Column: resId code=8e3b71df-209b-4d74-ad6f-d3bdfd035ee5.000015;value=8e3b71df-209b-4d74-ad6f-d3bdfd035ee5.000015
Column: anMethCode code=F638A;value=F638A
Column: sampArea code=LV00;value=LV00
Column: resQualValue code=POS;value=POS
Column: paramCode code=RF-00004896-PAR;value=RF-00004896-PAR
Column: sampUnitIds code=animalId=IT896424 $PSUId=09724;value=animalId=IT896424 $PSUId=09724
Column: anMatCode code=A04MQ#F01.A056Q$F02.A16YL$F21.A07RV$F31.A16NG$F32.A0C8Z;value=A04MQ#F01.A056Q$F02.A16YL$F21.A07RV$F31.A16NG$F32.A0C8Z
Column: anPortSeq code=1;value=1
Column: evalInfo code=tseNationalCaseId=IT25783$tseIndexCase=Y$sampEventAsses=J049A;value=tseNationalCaseId=IT25783$tseIndexCase=Y$sampEventAsses=J049A
Column: sampUnitType code=G199A;value=G199A
Column: repCountry code=LV;value=LV
Column: sampM code=3;value=3
Column: progLegalRef code=N123A;value=N123A

2023-08-24 16:10:57,815 WARN f.RelationFormula [Thread-4] No value was found for relation Relation: [SummarizedInformation] 1=>N [AnalyticalResults] for formula RELATION{SummarizedInformation,type.code} in ID: -1
Column: statusHerd code=FI$birthYear;value=FI$birthYear
Column: sampMatCode code=A04MQ#F01.A056Q$F02.A16YL$F21.A07RV$F31.A16NG$F32.A0C8Z;value=A04MQ#F01.A056Q$F02.A16YL$F21.A07RV$F31.A16NG$F32.A0C8Z
Column: sampEventId code=8e3b71df-209b-4d74-ad6f-d3bdfd035ee5.A.IT896424;value=8e3b71df-209b-4d74-ad6f-d3bdfd035ee5.A.IT896424
Column: sampY code=2017;value=2017
Column: progId code=8e3b71df-209b-4d74-ad6f-d3bdfd035ee5.N123A.TG006A;value=8e3b71df-209b-4d74-ad6f-d3bdfd035ee5.N123A.TG006A
Column: sampEventInfo code=birthCountry=FI$birthYear=2008$birthMonth=7;value=birthCountry=FI$birthYear=2008$birthMonth=7
Column: repYear code=2017;value=2017
Column: sampMatType code=S000A;value=S000A
Column: sampInfo code=origSampId=8e3b71df-209b-4d74-ad6f-d3bdfd035ee5;value=origSampId=8e3b71df-209b-4d74-ad6f-d3bdfd035ee5
Column: paramType code=P001A;value=P001A
Column: sampAnId code=0013;value=0013
Column: anMethRefId code=AT08A.F626A;value=AT08A.F626A
Column: sampCountry code=LV;value=LV
Column: paramCodeBaseTerm code=RF-00004628-PAR;value=RF-00004628-PAR
Column: resType code=BIN;value=BIN
Column: ReportId code=1;value=1
Column: progInfo code=tseTargetGroup=TG006A;value=tseTargetGroup=TG006A
Column: sampId code=0013;value=0013
Column: analysisY code=2017;value=2017
Column: anMethType code=AT08A;value=AT08A
Column: resId code=8e3b71df-209b-4d74-ad6f-d3bdfd035ee5.000014;value=8e3b71df-209b-4d74-ad6f-d3bdfd035ee5.000014
Column: anMethCode code=F626A;value=F626A
Column: sampArea code=LV00;value=LV00
Column: resQualValue code=POS;value=POS
Column: paramCode code=RF-00004628-PAR;value=RF-00004628-PAR
Column: sampUnitIds code=animalId=IT896424 $PSUId=09724;value=animalId=IT896424 $PSUId=09724
Column: anMatCode code=A04MQ#F01.A056Q$F02.A16YL$F21.A07RV$F31.A16NG$F32.A0C8Z;value=A04MQ#F01.A056Q$F02.A16YL$F21.A07RV$F31.A16NG$F32.A0C8Z
Column: anPortSeq code=1;value=1
Column: evalInfo code=tseNationalCaseId=IT25783$tseIndexCase=Y$sampEventAsses=J049A;value=tseNationalCaseId=IT25783$tseIndexCase=Y$sampEventAsses=J049A
Column: sampUnitType code=G199A;value=G199A
Column: repCountry code=LV;value=LV
Column: sampM code=3;value=3
Column: progLegalRef code=N123A;value=N123A

2023-08-24 16:10:57,825 WARN f.RelationFormula [Thread-4] No value was found for relation Relation: [SummarizedInformation] 1=>N [AnalyticalResults] for formula RELATION{SummarizedInformation,type.code} in ID: -1
Column: statusHerd code=FI$birthYear;value=FI$birthYear
Column: sampMatCode code=A04MQ#F01.A056Q$F02.A16YL$F21.A07RV$F31.A16NG$F32.A0C8Z;value=A04MQ#F01.A056Q$F02.A16YL$F21.A07RV$F31.A16NG$F32.A0C8Z
Column: sampEventId code=8e3b71df-209b-4d74-ad6f-d3bdfd035ee5.A.IT896424;value=8e3b71df-209b-4d74-ad6f-d3bdfd035ee5.A.IT896424
Column: sampY code=2017;value=2017
Column: progId code=8e3b71df-209b-4d74-ad6f-d3bdfd035ee5.N123A.TG006A;value=8e3b71df-209b-4d74-ad6f-d3bdfd035ee5.N123A.TG006A
Column: sampEventInfo code=birthCountry=FI$birthYear=2008$birthMonth=7;value=birthCountry=FI$birthYear=2008$birthMonth=7
Column: repYear code=2017;value=2017
Column: sampMatType code=S000A;value=S000A
Column: sampInfo code=origSampId=8e3b71df-209b-4d74-ad6f-d3bdfd035ee5;value=origSampId=8e3b71df-209b-4d74-ad6f-d3bdfd035ee5
Column: paramType code=P001A;value=P001A
Column: sampAnId code=0013;value=0013
Column: anMethRefId code=AT06A.F647A;value=AT06A.F647A
Column: sampCountry code=LV;value=LV
Column: paramCodeBaseTerm code=RF-00004895-PAR;value=RF-00004895-PAR
Column: resType code=BIN;value=BIN
Column: ReportId code=1;value=1
Column: progInfo code=tseTargetGroup=TG006A;value=tseTargetGroup=TG006A
Column: sampId code=0013;value=0013
Column: analysisY code=2017;value=2017
Column: anMethType code=AT06A;value=AT06A
Column: resId code=8e3b71df-209b-4d74-ad6f-d3bdfd035ee5.000013;value=8e3b71df-209b-4d74-ad6f-d3bdfd035ee5.000013
Column: anMethCode code=F647A;value=F647A
Column: sampArea code=LV00;value=LV00
Column: resQualValue code=POS;value=POS
Column: paramCode code=RF-00004895-PAR;value=RF-00004895-PAR
Column: sampUnitIds code=animalId=IT896424 $PSUId=09724;value=animalId=IT896424 $PSUId=09724
Column: anMatCode code=A04MQ#F01.A056Q$F02.A16YL$F21.A07RV$F31.A16NG$F32.A0C8Z;value=A04MQ#F01.A056Q$F02.A16YL$F21.A07RV$F31.A16NG$F32.A0C8Z
Column: anPortSeq code=1;value=1
Column: evalInfo code=tseNationalCaseId=IT25783$tseIndexCase=Y$sampEventAsses=J049A;value=tseNationalCaseId=IT25783$tseIndexCase=Y$sampEventAsses=J049A
Column: sampUnitType code=G199A;value=G199A
Column: repCountry code=LV;value=LV
Column: sampM code=3;value=3
Column: progLegalRef code=N123A;value=N123A

2023-08-24 16:11:11,089 ERROR t.Database [main] Error in shutting down the database
java.sql.SQLNonTransientConnectionException: Database 'database\' shutdown.
	at org.apache.derby.impl.jdbc.SQLExceptionFactory.getSQLException(Unknown Source) ~[derby-10.14.2.0.jar:?]
	at org.apache.derby.impl.jdbc.Util.generateCsSQLException(Unknown Source) ~[derby-10.14.2.0.jar:?]
	at org.apache.derby.impl.jdbc.TransactionResourceImpl.wrapInSQLException(Unknown Source) ~[derby-10.14.2.0.jar:?]
	at org.apache.derby.impl.jdbc.TransactionResourceImpl.handleException(Unknown Source) ~[derby-10.14.2.0.jar:?]
	at org.apache.derby.impl.jdbc.EmbedConnection.handleException(Unknown Source) ~[derby-10.14.2.0.jar:?]
	at org.apache.derby.impl.jdbc.EmbedConnection.<init>(Unknown Source) ~[derby-10.14.2.0.jar:?]
	at org.apache.derby.jdbc.InternalDriver$1.run(Unknown Source) ~[derby-10.14.2.0.jar:?]
	at org.apache.derby.jdbc.InternalDriver$1.run(Unknown Source) ~[derby-10.14.2.0.jar:?]
	at java.security.AccessController.doPrivileged(Native Method) ~[?:1.8.0_382]
	at org.apache.derby.jdbc.InternalDriver.getNewEmbedConnection(Unknown Source) ~[derby-10.14.2.0.jar:?]
	at org.apache.derby.jdbc.InternalDriver.connect(Unknown Source) ~[derby-10.14.2.0.jar:?]
	at org.apache.derby.jdbc.InternalDriver.connect(Unknown Source) ~[derby-10.14.2.0.jar:?]
	at org.apache.derby.jdbc.AutoloadedDriver.connect(Unknown Source) ~[derby-10.14.2.0.jar:?]
	at java.sql.DriverManager.getConnection(DriverManager.java:664) ~[?:1.8.0_382]
	at java.sql.DriverManager.getConnection(DriverManager.java:270) ~[?:1.8.0_382]
	at table_database.Database.shutdown(Database.java:207) [classes/:?]
	at tse_main.StartUI.shutdown(StartUI.java:156) [classes/:?]
	at tse_main.StartUI.main(StartUI.java:198) [classes/:?]
Caused by: org.apache.derby.iapi.error.StandardException: Database 'database\' shutdown.
	at org.apache.derby.iapi.error.StandardException.newException(Unknown Source) ~[derby-10.14.2.0.jar:?]
	at org.apache.derby.iapi.error.StandardException.newException(Unknown Source) ~[derby-10.14.2.0.jar:?]
	at org.apache.derby.impl.jdbc.TransactionResourceImpl.shutdownDatabaseException(Unknown Source) ~[derby-10.14.2.0.jar:?]
	... 13 more
