2023-08-07 14:05:46,424 FATAL t.StartUI [main] Generic error occurred
java.lang.NullPointerException: null
	at table_skeleton.TableRow.equals(TableRow.java:814) ~[classes/:?]
	at org.eclipse.jface.viewers.CustomHashtable.keyEquals(CustomHashtable.java:275) ~[jface-3.7.0.jar:?]
	at org.eclipse.jface.viewers.CustomHashtable.get(CustomHashtable.java:239) ~[jface-3.7.0.jar:?]
	at org.eclipse.jface.viewers.StructuredViewer.mapElement(StructuredViewer.java:1316) ~[jface-3.7.0.jar:?]
	at org.eclipse.jface.viewers.StructuredViewer.associate(StructuredViewer.java:637) ~[jface-3.7.0.jar:?]
	at org.eclipse.jface.viewers.AbstractTableViewer$1.handleEvent(AbstractTableViewer.java:91) ~[jface-3.7.0.jar:?]
	at org.eclipse.swt.widgets.EventTable.sendEvent(Unknown Source) ~[swt.win64-3.655.jar:?]
	at org.eclipse.swt.widgets.Widget.sendEvent(Unknown Source) ~[swt.win64-3.655.jar:?]
	at org.eclipse.swt.widgets.Widget.sendEvent(Unknown Source) ~[swt.win64-3.655.jar:?]
	at org.eclipse.swt.widgets.Widget.sendEvent(Unknown Source) ~[swt.win64-3.655.jar:?]
	at org.eclipse.swt.widgets.Table.checkData(Unknown Source) ~[swt.win64-3.655.jar:?]
	at org.eclipse.swt.widgets.Table.wmNotifyChild(Unknown Source) ~[swt.win64-3.655.jar:?]
	at org.eclipse.swt.widgets.Control.wmNotify(Unknown Source) ~[swt.win64-3.655.jar:?]
	at org.eclipse.swt.widgets.Composite.wmNotify(Unknown Source) ~[swt.win64-3.655.jar:?]
	at org.eclipse.swt.widgets.Control.WM_NOTIFY(Unknown Source) ~[swt.win64-3.655.jar:?]
	at org.eclipse.swt.widgets.Control.windowProc(Unknown Source) ~[swt.win64-3.655.jar:?]
	at org.eclipse.swt.widgets.Display.windowProc(Unknown Source) ~[swt.win64-3.655.jar:?]
	at org.eclipse.swt.internal.win32.OS.CallWindowProcW(Native Method) ~[swt.win64-3.655.jar:?]
	at org.eclipse.swt.internal.win32.OS.CallWindowProc(Unknown Source) ~[swt.win64-3.655.jar:?]
	at org.eclipse.swt.widgets.Table.callWindowProc(Unknown Source) ~[swt.win64-3.655.jar:?]
	at org.eclipse.swt.widgets.Table.callWindowProc(Unknown Source) ~[swt.win64-3.655.jar:?]
	at org.eclipse.swt.widgets.Control.windowProc(Unknown Source) ~[swt.win64-3.655.jar:?]
	at org.eclipse.swt.widgets.Table.windowProc(Unknown Source) ~[swt.win64-3.655.jar:?]
	at org.eclipse.swt.widgets.Display.windowProc(Unknown Source) ~[swt.win64-3.655.jar:?]
	at org.eclipse.swt.internal.win32.OS.UpdateWindow(Native Method) ~[swt.win64-3.655.jar:?]
	at org.eclipse.swt.widgets.Decorations.setVisible(Unknown Source) ~[swt.win64-3.655.jar:?]
	at org.eclipse.swt.widgets.Shell.setVisible(Unknown Source) ~[swt.win64-3.655.jar:?]
	at org.eclipse.swt.widgets.Shell.open(Unknown Source) ~[swt.win64-3.655.jar:?]
	at table_dialog.TableDialog.open(TableDialog.java:293) ~[classes/:?]
	at tse_main.MainMenu$7.widgetSelected(MainMenu.java:367) ~[classes/:?]
	at org.eclipse.swt.widgets.TypedListener.handleEvent(Unknown Source) ~[swt.win64-3.655.jar:?]
	at org.eclipse.swt.widgets.EventTable.sendEvent(Unknown Source) ~[swt.win64-3.655.jar:?]
	at org.eclipse.swt.widgets.Widget.sendEvent(Unknown Source) ~[swt.win64-3.655.jar:?]
	at org.eclipse.swt.widgets.Display.runDeferredEvents(Unknown Source) ~[swt.win64-3.655.jar:?]
	at org.eclipse.swt.widgets.Display.readAndDispatch(Unknown Source) ~[swt.win64-3.655.jar:?]
	at tse_main.StartUI.launch(StartUI.java:368) ~[classes/:?]
	at tse_main.StartUI.main(StartUI.java:197) [classes/:?]
