2023-08-21 13:12:47,984 FATAL t.StartUI [main] Generic error occurred
org.eclipse.swt.SWTException: Failed to execute runnable (java.lang.NumberFormatException: For input string: "")
	at org.eclipse.swt.SWT.error(Unknown Source) ~[swt.win64-3.655.jar:?]
	at org.eclipse.swt.SWT.error(Unknown Source) ~[swt.win64-3.655.jar:?]
	at org.eclipse.swt.widgets.Synchronizer.runAsyncMessages(Unknown Source) ~[swt.win64-3.655.jar:?]
	at org.eclipse.swt.widgets.Display.runAsyncMessages(Unknown Source) ~[swt.win64-3.655.jar:?]
	at org.eclipse.swt.widgets.Display.readAndDispatch(Unknown Source) ~[swt.win64-3.655.jar:?]
	at tse_main.StartUI.launch(StartUI.java:368) ~[classes/:?]
	at tse_main.StartUI.main(StartUI.java:197) [classes/:?]
Caused by: java.lang.NumberFormatException: For input string: ""
	at java.lang.NumberFormatException.forInputString(NumberFormatException.java:65) ~[?:1.8.0_382]
	at java.lang.Integer.parseInt(Integer.java:592) ~[?:1.8.0_382]
	at java.lang.Integer.parseInt(Integer.java:615) ~[?:1.8.0_382]
	at app_config.PropertiesReader.getDataCollectionCode(PropertiesReader.java:260) ~[classes/:?]
	at providers.ReportService.getDatasetsOf(ReportService.java:456) ~[classes/:?]
	at providers.ReportService.getDataset(ReportService.java:479) ~[classes/:?]
	at providers.ReportService.getDataset(ReportService.java:499) ~[classes/:?]
	at providers.ReportService.create(ReportService.java:525) ~[classes/:?]
	at providers.TseReportService.createAggregatedReport(TseReportService.java:286) ~[classes/:?]
	at tse_amend_report.MassAmendListDialog$1.widgetSelected(MassAmendListDialog.java:62) ~[classes/:?]
	at org.eclipse.swt.widgets.TypedListener.handleEvent(Unknown Source) ~[swt.win64-3.655.jar:?]
	at org.eclipse.swt.widgets.EventTable.sendEvent(Unknown Source) ~[swt.win64-3.655.jar:?]
	at org.eclipse.swt.widgets.Widget.sendEvent(Unknown Source) ~[swt.win64-3.655.jar:?]
	at org.eclipse.swt.widgets.Display.runDeferredEvents(Unknown Source) ~[swt.win64-3.655.jar:?]
	at org.eclipse.swt.widgets.Display.readAndDispatch(Unknown Source) ~[swt.win64-3.655.jar:?]
	at tse_amend_report.MassAmendListDialog.open(MassAmendListDialog.java:192) ~[classes/:?]
	at tse_amend_report.ReportAmenderDialog$1.finished(ReportAmenderDialog.java:75) ~[classes/:?]
	at tse_amend_report.ReportAmenderDialog$2.lambda$finished$0(ReportAmenderDialog.java:165) ~[classes/:?]
	at org.eclipse.swt.widgets.RunnableLock.run(Unknown Source) ~[swt.win64-3.655.jar:?]
	... 5 more
