2023-08-07 13:30:02,769 ERROR t.DatabaseBuilder [main] Cannot create database in folder=database\
java.sql.SQLException: Failed to start database 'database\' with class loader sun.misc.Launcher$AppClassLoader@18b4aac2, see the next exception for details.
	at org.apache.derby.impl.jdbc.SQLExceptionFactory.getSQLException(Unknown Source) ~[derby-10.14.2.0.jar:?]
	at org.apache.derby.impl.jdbc.SQLExceptionFactory.getSQLException(Unknown Source) ~[derby-10.14.2.0.jar:?]
	at org.apache.derby.impl.jdbc.Util.seeNextException(Unknown Source) ~[derby-10.14.2.0.jar:?]
	at org.apache.derby.impl.jdbc.EmbedConnection.bootDatabase(Unknown Source) ~[derby-10.14.2.0.jar:?]
	at org.apache.derby.impl.jdbc.EmbedConnection.<init>(Unknown Source) ~[derby-10.14.2.0.jar:?]
	at org.apache.derby.jdbc.InternalDriver$1.run(Unknown Source) ~[derby-10.14.2.0.jar:?]
	at org.apache.derby.jdbc.InternalDriver$1.run(Unknown Source) ~[derby-10.14.2.0.jar:?]
	at java.security.AccessController.doPrivileged(Native Method) ~[?:1.8.0_382]
	at org.apache.derby.jdbc.InternalDriver.getNewEmbedConnection(Unknown Source) ~[derby-10.14.2.0.jar:?]
	at org.apache.derby.jdbc.InternalDriver.connect(Unknown Source) ~[derby-10.14.2.0.jar:?]
	at org.apache.derby.jdbc.InternalDriver.connect(Unknown Source) ~[derby-10.14.2.0.jar:?]
	at org.apache.derby.jdbc.AutoloadedDriver.connect(Unknown Source) ~[derby-10.14.2.0.jar:?]
	at java.sql.DriverManager.getConnection(DriverManager.java:664) ~[?:1.8.0_382]
	at java.sql.DriverManager.getConnection(DriverManager.java:270) ~[?:1.8.0_382]
	at table_database.DatabaseBuilder.create(DatabaseBuilder.java:48) [classes/:?]
	at table_database.Database.connect(Database.java:66) [classes/:?]
	at tse_main.StartUI.launch(StartUI.java:217) [classes/:?]
	at tse_main.StartUI.main(StartUI.java:197) [classes/:?]
Caused by: org.apache.derby.iapi.error.StandardException: Failed to start database 'database\' with class loader sun.misc.Launcher$AppClassLoader@18b4aac2, see the next exception for details.
	at org.apache.derby.iapi.error.StandardException.newException(Unknown Source) ~[derby-10.14.2.0.jar:?]
	at org.apache.derby.impl.jdbc.SQLExceptionFactory.wrapArgsForTransportAcrossDRDA(Unknown Source) ~[derby-10.14.2.0.jar:?]
	... 18 more
Caused by: org.apache.derby.iapi.error.StandardException: Another instance of Derby may have already booted the database C:\Users\thanos\Desktop\tse-efsa\tse-app\database.
	at org.apache.derby.iapi.error.StandardException.newException(Unknown Source) ~[derby-10.14.2.0.jar:?]
	at org.apache.derby.iapi.error.StandardException.newException(Unknown Source) ~[derby-10.14.2.0.jar:?]
	at org.apache.derby.impl.store.raw.data.BaseDataFileFactory.privGetJBMSLockOnDB(Unknown Source) ~[derby-10.14.2.0.jar:?]
	at org.apache.derby.impl.store.raw.data.BaseDataFileFactory.run(Unknown Source) ~[derby-10.14.2.0.jar:?]
	at java.security.AccessController.doPrivileged(Native Method) ~[?:1.8.0_382]
	at org.apache.derby.impl.store.raw.data.BaseDataFileFactory.getJBMSLockOnDB(Unknown Source) ~[derby-10.14.2.0.jar:?]
	at org.apache.derby.impl.store.raw.data.BaseDataFileFactory.boot(Unknown Source) ~[derby-10.14.2.0.jar:?]
	at org.apache.derby.impl.services.monitor.BaseMonitor.boot(Unknown Source) ~[derby-10.14.2.0.jar:?]
	at org.apache.derby.impl.services.monitor.TopService.bootModule(Unknown Source) ~[derby-10.14.2.0.jar:?]
	at org.apache.derby.impl.services.monitor.BaseMonitor.startModule(Unknown Source) ~[derby-10.14.2.0.jar:?]
	at org.apache.derby.impl.services.monitor.FileMonitor.startModule(Unknown Source) ~[derby-10.14.2.0.jar:?]
	at org.apache.derby.iapi.services.monitor.Monitor.bootServiceModule(Unknown Source) ~[derby-10.14.2.0.jar:?]
	at org.apache.derby.impl.store.raw.RawStore$6.run(Unknown Source) ~[derby-10.14.2.0.jar:?]
	at java.security.AccessController.doPrivileged(Native Method) ~[?:1.8.0_382]
	at org.apache.derby.impl.store.raw.RawStore.bootServiceModule(Unknown Source) ~[derby-10.14.2.0.jar:?]
	at org.apache.derby.impl.store.raw.RawStore.boot(Unknown Source) ~[derby-10.14.2.0.jar:?]
	at org.apache.derby.impl.services.monitor.BaseMonitor.boot(Unknown Source) ~[derby-10.14.2.0.jar:?]
	at org.apache.derby.impl.services.monitor.TopService.bootModule(Unknown Source) ~[derby-10.14.2.0.jar:?]
	at org.apache.derby.impl.services.monitor.BaseMonitor.startModule(Unknown Source) ~[derby-10.14.2.0.jar:?]
	at org.apache.derby.impl.services.monitor.FileMonitor.startModule(Unknown Source) ~[derby-10.14.2.0.jar:?]
	at org.apache.derby.iapi.services.monitor.Monitor.bootServiceModule(Unknown Source) ~[derby-10.14.2.0.jar:?]
	at org.apache.derby.impl.store.access.RAMAccessManager$5.run(Unknown Source) ~[derby-10.14.2.0.jar:?]
	at java.security.AccessController.doPrivileged(Native Method) ~[?:1.8.0_382]
	at org.apache.derby.impl.store.access.RAMAccessManager.bootServiceModule(Unknown Source) ~[derby-10.14.2.0.jar:?]
	at org.apache.derby.impl.store.access.RAMAccessManager.boot(Unknown Source) ~[derby-10.14.2.0.jar:?]
	at org.apache.derby.impl.services.monitor.BaseMonitor.boot(Unknown Source) ~[derby-10.14.2.0.jar:?]
	at org.apache.derby.impl.services.monitor.TopService.bootModule(Unknown Source) ~[derby-10.14.2.0.jar:?]
	at org.apache.derby.impl.services.monitor.BaseMonitor.startModule(Unknown Source) ~[derby-10.14.2.0.jar:?]
	at org.apache.derby.impl.services.monitor.FileMonitor.startModule(Unknown Source) ~[derby-10.14.2.0.jar:?]
	at org.apache.derby.iapi.services.monitor.Monitor.bootServiceModule(Unknown Source) ~[derby-10.14.2.0.jar:?]
	at org.apache.derby.impl.db.BasicDatabase$5.run(Unknown Source) ~[derby-10.14.2.0.jar:?]
	at java.security.AccessController.doPrivileged(Native Method) ~[?:1.8.0_382]
	at org.apache.derby.impl.db.BasicDatabase.bootServiceModule(Unknown Source) ~[derby-10.14.2.0.jar:?]
	at org.apache.derby.impl.db.BasicDatabase.bootStore(Unknown Source) ~[derby-10.14.2.0.jar:?]
	at org.apache.derby.impl.db.BasicDatabase.boot(Unknown Source) ~[derby-10.14.2.0.jar:?]
	at org.apache.derby.impl.services.monitor.BaseMonitor.boot(Unknown Source) ~[derby-10.14.2.0.jar:?]
	at org.apache.derby.impl.services.monitor.TopService.bootModule(Unknown Source) ~[derby-10.14.2.0.jar:?]
	at org.apache.derby.impl.services.monitor.BaseMonitor.bootService(Unknown Source) ~[derby-10.14.2.0.jar:?]
	at org.apache.derby.impl.services.monitor.BaseMonitor.startProviderService(Unknown Source) ~[derby-10.14.2.0.jar:?]
	at org.apache.derby.impl.services.monitor.BaseMonitor.findProviderAndStartService(Unknown Source) ~[derby-10.14.2.0.jar:?]
	at org.apache.derby.impl.services.monitor.BaseMonitor.startPersistentService(Unknown Source) ~[derby-10.14.2.0.jar:?]
	at org.apache.derby.iapi.services.monitor.Monitor.startPersistentService(Unknown Source) ~[derby-10.14.2.0.jar:?]
	at org.apache.derby.impl.jdbc.EmbedConnection$4.run(Unknown Source) ~[derby-10.14.2.0.jar:?]
	at org.apache.derby.impl.jdbc.EmbedConnection$4.run(Unknown Source) ~[derby-10.14.2.0.jar:?]
	at java.security.AccessController.doPrivileged(Native Method) ~[?:1.8.0_382]
	at org.apache.derby.impl.jdbc.EmbedConnection.startPersistentService(Unknown Source) ~[derby-10.14.2.0.jar:?]
	... 15 more
2023-08-07 13:30:02,815 ERROR t.Database [main] Cannot get database property key=DB_VERSION java.sql.SQLException: Failed to start database 'database\' with class loader sun.misc.Launcher$AppClassLoader@18b4aac2, see the next exception for details.
2023-08-07 13:30:02,816 ERROR t.StartUI [main] Old version of the database found
table_database.DatabaseVersionException: No database version found. Cannot check updates.
	at table_database.Database.update(Database.java:80) ~[classes/:?]
	at global_utils.EFSARCL.init(EFSARCL.java:41) ~[classes/:?]
	at tse_main.StartUI.launch(StartUI.java:229) [classes/:?]
	at tse_main.StartUI.main(StartUI.java:197) [classes/:?]
