2023-08-23 17:59:01,585 FATAL t.StartUI [main] Generic error occurred
org.eclipse.swt.SWTException: Failed to execute runnable (java.lang.NullPointerException)
	at org.eclipse.swt.SWT.error(Unknown Source) ~[swt.win64-3.655.jar:?]
	at org.eclipse.swt.SWT.error(Unknown Source) ~[swt.win64-3.655.jar:?]
	at org.eclipse.swt.widgets.Synchronizer.runAsyncMessages(Unknown Source) ~[swt.win64-3.655.jar:?]
	at org.eclipse.swt.widgets.Display.runAsyncMessages(Unknown Source) ~[swt.win64-3.655.jar:?]
	at org.eclipse.swt.widgets.Display.readAndDispatch(Unknown Source) ~[swt.win64-3.655.jar:?]
	at tse_main.StartUI.launch(StartUI.java:368) ~[classes/:?]
	at tse_main.StartUI.main(StartUI.java:197) [classes/:?]
Caused by: java.lang.NullPointerException
	at providers.TseReportService.copyReportChildren(TseReportService.java:378) ~[classes/:?]
	at providers.TseReportService.lambda$createAggregatedReport$1(TseReportService.java:306) ~[classes/:?]
	at java.util.stream.ForEachOps$ForEachOp$OfRef.accept(ForEachOps.java:183) ~[?:1.8.0_382]
	at java.util.stream.ReferencePipeline$3$1.accept(ReferencePipeline.java:193) ~[?:1.8.0_382]
	at java.util.ArrayList$ArrayListSpliterator.forEachRemaining(ArrayList.java:1384) ~[?:1.8.0_382]
	at java.util.stream.AbstractPipeline.copyInto(AbstractPipeline.java:482) ~[?:1.8.0_382]
	at java.util.stream.AbstractPipeline.wrapAndCopyInto(AbstractPipeline.java:472) ~[?:1.8.0_382]
	at java.util.stream.ForEachOps$ForEachOp.evaluateSequential(ForEachOps.java:150) ~[?:1.8.0_382]
	at java.util.stream.ForEachOps$ForEachOp$OfRef.evaluateSequential(ForEachOps.java:173) ~[?:1.8.0_382]
	at java.util.stream.AbstractPipeline.evaluate(AbstractPipeline.java:234) ~[?:1.8.0_382]
	at java.util.stream.ReferencePipeline.forEach(ReferencePipeline.java:485) ~[?:1.8.0_382]
	at providers.TseReportService.createAggregatedReport(TseReportService.java:306) ~[classes/:?]
	at tse_amend_report.MassAmendListDialog$1.widgetSelected(MassAmendListDialog.java:62) ~[classes/:?]
	at org.eclipse.swt.widgets.TypedListener.handleEvent(Unknown Source) ~[swt.win64-3.655.jar:?]
	at org.eclipse.swt.widgets.EventTable.sendEvent(Unknown Source) ~[swt.win64-3.655.jar:?]
	at org.eclipse.swt.widgets.Widget.sendEvent(Unknown Source) ~[swt.win64-3.655.jar:?]
	at org.eclipse.swt.widgets.Display.runDeferredEvents(Unknown Source) ~[swt.win64-3.655.jar:?]
	at org.eclipse.swt.widgets.Display.readAndDispatch(Unknown Source) ~[swt.win64-3.655.jar:?]
	at tse_amend_report.MassAmendListDialog.open(MassAmendListDialog.java:192) ~[classes/:?]
	at tse_amend_report.ReportAmenderDialog$1.finished(ReportAmenderDialog.java:79) ~[classes/:?]
	at tse_amend_report.ReportAmenderDialog$2.lambda$finished$0(ReportAmenderDialog.java:169) ~[classes/:?]
	at org.eclipse.swt.widgets.RunnableLock.run(Unknown Source) ~[swt.win64-3.655.jar:?]
	... 5 more
