2023-08-24 16:22:11,151 ERROR t.TableDao [main] IMPORTANT: The element F638A is missing in the picklist anlymdLists in the picklists\ folder. Putting an empty value.
2023-08-24 16:22:11,351 ERROR t.TableDao [main] IMPORTANT: The element F626A is missing in the picklist anlymdLists in the picklists\ folder. Putting an empty value.
2023-08-24 16:22:11,372 ERROR t.Relation [main] No relation found for Settings 1=>N CasesInformation
2023-08-24 16:22:11,374 ERROR t.Relation [main] No relation found for Preferences 1=>N CasesInformation
2023-08-24 16:22:11,394 ERROR t.Relation [main] No relation found for Settings 1=>N AnalyticalResults
2023-08-24 16:22:11,396 ERROR t.Relation [main] No relation found for Preferences 1=>N AnalyticalResults
2023-08-24 16:22:11,424 ERROR t.Relation [main] No relation found for Settings 1=>N AnalyticalResults
2023-08-24 16:22:11,427 ERROR t.Relation [main] No relation found for Preferences 1=>N AnalyticalResults
2023-08-24 16:22:11,430 ERROR t.Relation [main] No relation found for Settings 1=>N AnalyticalResults
2023-08-24 16:22:11,432 ERROR t.Relation [main] No relation found for Preferences 1=>N AnalyticalResults
2023-08-24 16:22:11,499 ERROR t.TableDao [main] IMPORTANT: The element F638A is missing in the picklist anlymdLists in the picklists\ folder. Putting an empty value.
2023-08-24 16:22:11,574 ERROR t.TableDao [main] IMPORTANT: The element F626A is missing in the picklist anlymdLists in the picklists\ folder. Putting an empty value.
2023-08-24 16:22:11,591 ERROR t.Relation [main] No relation found for Settings 1=>N CasesInformation
2023-08-24 16:22:11,593 ERROR t.Relation [main] No relation found for Preferences 1=>N CasesInformation
2023-08-24 16:22:11,597 ERROR t.Relation [main] No relation found for Settings 1=>N AnalyticalResults
2023-08-24 16:22:11,598 ERROR t.Relation [main] No relation found for Preferences 1=>N AnalyticalResults
2023-08-24 16:22:11,602 ERROR t.Relation [main] No relation found for Settings 1=>N AnalyticalResults
2023-08-24 16:22:11,603 ERROR t.Relation [main] No relation found for Preferences 1=>N AnalyticalResults
2023-08-24 16:22:11,608 ERROR t.Relation [main] No relation found for Settings 1=>N AnalyticalResults
2023-08-24 16:22:11,610 ERROR t.Relation [main] No relation found for Preferences 1=>N AnalyticalResults
2023-08-24 16:22:11,683 ERROR t.TableDao [main] IMPORTANT: The element F638A is missing in the picklist anlymdLists in the picklists\ folder. Putting an empty value.
2023-08-24 16:22:11,760 ERROR t.TableDao [main] IMPORTANT: The element F626A is missing in the picklist anlymdLists in the picklists\ folder. Putting an empty value.
2023-08-24 16:22:11,779 ERROR t.Relation [main] No relation found for Settings 1=>N CasesInformation
2023-08-24 16:22:11,781 ERROR t.Relation [main] No relation found for Preferences 1=>N CasesInformation
2023-08-24 16:22:11,784 ERROR t.Relation [main] No relation found for Settings 1=>N AnalyticalResults
2023-08-24 16:22:11,785 ERROR t.Relation [main] No relation found for Preferences 1=>N AnalyticalResults
2023-08-24 16:22:11,789 ERROR t.Relation [main] No relation found for Settings 1=>N AnalyticalResults
2023-08-24 16:22:11,790 ERROR t.Relation [main] No relation found for Preferences 1=>N AnalyticalResults
2023-08-24 16:22:11,795 ERROR t.Relation [main] No relation found for Settings 1=>N AnalyticalResults
2023-08-24 16:22:11,797 ERROR t.Relation [main] No relation found for Preferences 1=>N AnalyticalResults
2023-08-24 16:22:11,871 ERROR t.TableDao [main] IMPORTANT: The element F638A is missing in the picklist anlymdLists in the picklists\ folder. Putting an empty value.
2023-08-24 16:22:11,957 ERROR t.TableDao [main] IMPORTANT: The element F626A is missing in the picklist anlymdLists in the picklists\ folder. Putting an empty value.
2023-08-24 16:22:11,977 ERROR t.Relation [main] No relation found for Settings 1=>N CasesInformation
2023-08-24 16:22:11,979 ERROR t.Relation [main] No relation found for Preferences 1=>N CasesInformation
2023-08-24 16:22:11,983 ERROR t.Relation [main] No relation found for Settings 1=>N AnalyticalResults
2023-08-24 16:22:12,001 ERROR t.Relation [main] No relation found for Preferences 1=>N AnalyticalResults
2023-08-24 16:22:12,007 ERROR t.Relation [main] No relation found for Settings 1=>N AnalyticalResults
2023-08-24 16:22:12,010 ERROR t.Relation [main] No relation found for Preferences 1=>N AnalyticalResults
2023-08-24 16:22:12,014 ERROR t.Relation [main] No relation found for Settings 1=>N AnalyticalResults
2023-08-24 16:22:12,017 ERROR t.Relation [main] No relation found for Preferences 1=>N AnalyticalResults
2023-08-24 16:22:12,387 ERROR t.TableDao [main] IMPORTANT: The element F638A is missing in the picklist anlymdLists in the picklists\ folder. Putting an empty value.
2023-08-24 16:22:12,574 ERROR t.TableDao [main] IMPORTANT: The element F626A is missing in the picklist anlymdLists in the picklists\ folder. Putting an empty value.
2023-08-24 16:22:12,593 ERROR t.Relation [main] No relation found for Settings 1=>N CasesInformation
2023-08-24 16:22:12,595 ERROR t.Relation [main] No relation found for Preferences 1=>N CasesInformation
2023-08-24 16:22:12,601 ERROR t.Relation [main] No relation found for Settings 1=>N AnalyticalResults
2023-08-24 16:22:12,603 ERROR t.Relation [main] No relation found for Preferences 1=>N AnalyticalResults
2023-08-24 16:22:12,607 ERROR t.Relation [main] No relation found for Settings 1=>N AnalyticalResults
2023-08-24 16:22:12,609 ERROR t.Relation [main] No relation found for Preferences 1=>N AnalyticalResults
2023-08-24 16:22:12,614 ERROR t.Relation [main] No relation found for Settings 1=>N AnalyticalResults
2023-08-24 16:22:12,616 ERROR t.Relation [main] No relation found for Preferences 1=>N AnalyticalResults
2023-08-24 16:22:12,707 ERROR t.TableDao [main] IMPORTANT: The element F638A is missing in the picklist anlymdLists in the picklists\ folder. Putting an empty value.
2023-08-24 16:22:12,807 ERROR t.TableDao [main] IMPORTANT: The element F626A is missing in the picklist anlymdLists in the picklists\ folder. Putting an empty value.
2023-08-24 16:22:12,827 ERROR t.Relation [main] No relation found for Settings 1=>N CasesInformation
2023-08-24 16:22:12,829 ERROR t.Relation [main] No relation found for Preferences 1=>N CasesInformation
2023-08-24 16:22:12,833 ERROR t.Relation [main] No relation found for Settings 1=>N AnalyticalResults
2023-08-24 16:22:12,835 ERROR t.Relation [main] No relation found for Preferences 1=>N AnalyticalResults
2023-08-24 16:22:12,842 ERROR t.Relation [main] No relation found for Settings 1=>N AnalyticalResults
2023-08-24 16:22:12,844 ERROR t.Relation [main] No relation found for Preferences 1=>N AnalyticalResults
2023-08-24 16:22:12,848 ERROR t.Relation [main] No relation found for Settings 1=>N AnalyticalResults
2023-08-24 16:22:12,850 ERROR t.Relation [main] No relation found for Preferences 1=>N AnalyticalResults
2023-08-24 16:22:13,717 ERROR t.Relation [main] No relation found for Settings 1=>N CasesInformation
2023-08-24 16:22:13,719 ERROR t.Relation [main] No relation found for Preferences 1=>N CasesInformation
2023-08-24 16:22:13,727 ERROR t.Relation [main] No relation found for Settings 1=>N AnalyticalResults
2023-08-24 16:22:13,730 ERROR t.Relation [main] No relation found for Preferences 1=>N AnalyticalResults
2023-08-24 16:22:13,737 ERROR t.Relation [main] No relation found for Settings 1=>N AnalyticalResults
2023-08-24 16:22:13,741 ERROR t.Relation [main] No relation found for Preferences 1=>N AnalyticalResults
2023-08-24 16:22:13,746 ERROR t.Relation [main] No relation found for Settings 1=>N AnalyticalResults
2023-08-24 16:22:13,748 ERROR t.Relation [main] No relation found for Preferences 1=>N AnalyticalResults
2023-08-24 16:22:13,941 ERROR t.Relation [main] No relation found for Settings 1=>N CasesInformation
2023-08-24 16:22:13,947 ERROR t.Relation [main] No relation found for Preferences 1=>N CasesInformation
2023-08-24 16:22:13,951 ERROR t.Relation [main] No relation found for Settings 1=>N AnalyticalResults
2023-08-24 16:22:13,952 ERROR t.Relation [main] No relation found for Preferences 1=>N AnalyticalResults
2023-08-24 16:22:13,957 ERROR t.Relation [main] No relation found for Settings 1=>N AnalyticalResults
2023-08-24 16:22:13,958 ERROR t.Relation [main] No relation found for Preferences 1=>N AnalyticalResults
2023-08-24 16:22:13,962 ERROR t.Relation [main] No relation found for Settings 1=>N AnalyticalResults
2023-08-24 16:22:13,964 ERROR t.Relation [main] No relation found for Preferences 1=>N AnalyticalResults
2023-08-24 16:22:14,186 ERROR t.Relation [main] No relation found for Settings 1=>N CasesInformation
2023-08-24 16:22:14,188 ERROR t.Relation [main] No relation found for Preferences 1=>N CasesInformation
2023-08-24 16:22:14,195 ERROR t.Relation [main] No relation found for Settings 1=>N AnalyticalResults
2023-08-24 16:22:14,198 ERROR t.Relation [main] No relation found for Preferences 1=>N AnalyticalResults
2023-08-24 16:22:14,202 ERROR t.Relation [main] No relation found for Settings 1=>N AnalyticalResults
2023-08-24 16:22:14,203 ERROR t.Relation [main] No relation found for Preferences 1=>N AnalyticalResults
2023-08-24 16:22:14,207 ERROR t.Relation [main] No relation found for Settings 1=>N AnalyticalResults
2023-08-24 16:22:14,209 ERROR t.Relation [main] No relation found for Preferences 1=>N AnalyticalResults
2023-08-24 16:22:14,429 ERROR t.Relation [main] No relation found for Settings 1=>N CasesInformation
2023-08-24 16:22:14,431 ERROR t.Relation [main] No relation found for Preferences 1=>N CasesInformation
2023-08-24 16:22:14,434 ERROR t.Relation [main] No relation found for Settings 1=>N AnalyticalResults
2023-08-24 16:22:14,436 ERROR t.Relation [main] No relation found for Preferences 1=>N AnalyticalResults
2023-08-24 16:22:14,438 ERROR t.Relation [main] No relation found for Settings 1=>N AnalyticalResults
2023-08-24 16:22:14,440 ERROR t.Relation [main] No relation found for Preferences 1=>N AnalyticalResults
2023-08-24 16:22:14,443 ERROR t.Relation [main] No relation found for Settings 1=>N AnalyticalResults
2023-08-24 16:22:14,445 ERROR t.Relation [main] No relation found for Preferences 1=>N AnalyticalResults
2023-08-24 16:22:15,233 ERROR t.Relation [main] No relation found for Settings 1=>N CasesInformation
2023-08-24 16:22:15,240 ERROR t.Relation [main] No relation found for Preferences 1=>N CasesInformation
2023-08-24 16:22:15,248 ERROR t.Relation [main] No relation found for Settings 1=>N AnalyticalResults
2023-08-24 16:22:15,251 ERROR t.Relation [main] No relation found for Preferences 1=>N AnalyticalResults
2023-08-24 16:22:15,256 ERROR t.Relation [main] No relation found for Settings 1=>N AnalyticalResults
2023-08-24 16:22:15,259 ERROR t.Relation [main] No relation found for Preferences 1=>N AnalyticalResults
2023-08-24 16:22:15,301 ERROR t.Relation [main] No relation found for Settings 1=>N AnalyticalResults
2023-08-24 16:22:15,304 ERROR t.Relation [main] No relation found for Preferences 1=>N AnalyticalResults
2023-08-24 16:22:15,679 ERROR t.Relation [main] No relation found for Settings 1=>N CasesInformation
2023-08-24 16:22:15,689 ERROR t.Relation [main] No relation found for Preferences 1=>N CasesInformation
2023-08-24 16:22:15,707 ERROR t.Relation [main] No relation found for Settings 1=>N AnalyticalResults
2023-08-24 16:22:15,711 ERROR t.Relation [main] No relation found for Preferences 1=>N AnalyticalResults
2023-08-24 16:22:15,720 ERROR t.Relation [main] No relation found for Settings 1=>N AnalyticalResults
2023-08-24 16:22:15,727 ERROR t.Relation [main] No relation found for Preferences 1=>N AnalyticalResults
2023-08-24 16:22:15,741 ERROR t.Relation [main] No relation found for Settings 1=>N AnalyticalResults
2023-08-24 16:22:15,747 ERROR t.Relation [main] No relation found for Preferences 1=>N AnalyticalResults
