2023-08-24 09:58:05,080 WARN f.RelationFormula [Thread-5] No value was found for relation Relation: [SummarizedInformation] 1=>N [AnalyticalResults] for formula RELATION{SummarizedInformation,type.code} in ID: -1
Column: statusHerd code=XE$birthInFlockHerd;value=XE$birthInFlockHerd
Column: sampMatCode code=A04MQ#F01.A057E$F02.A16YL$F21.A07RV$F31.A16NK$F32.A0C9A;value=A04MQ#F01.A057E$F02.A16YL$F21.A07RV$F31.A16NK$F32.A0C9A
Column: sampEventId code=a370e55c-acb9-4376-b753-4deb2b6ff855.A.eh;value=a370e55c-acb9-4376-b753-4deb2b6ff855.A.eh
Column: sampY code=2021;value=2021
Column: progId code=a370e55c-acb9-4376-b753-4deb2b6ff855.N123A.TG002A;value=a370e55c-acb9-4376-b753-4deb2b6ff855.N123A.TG002A
Column: sampEventInfo code=birthCountry=XE$birthInFlockHerd=N$birthYear=2020$birthMonth=4;value=birthCountry=XE$birthInFlockHerd=N$birthYear=2020$birthMonth=4
Column: repYear code=2021;value=2021
Column: sampMatType code=S000A;value=S000A
Column: sampInfo code=origSampId=a370e55c-acb9-4376-b753-4deb2b6ff855;value=origSampId=a370e55c-acb9-4376-b753-4deb2b6ff855
Column: paramType code=P001A;value=P001A
Column: sampAnId code=er;value=er
Column: anMethRefId code=AT12A.F661A;value=AT12A.F661A
Column: sampCountry code=XE;value=XE
Column: paramCodeBaseTerm code=RF-00004888-PAR;value=RF-00004888-PAR
Column: resType code=BIN;value=BIN
Column: ReportId code=802;value=802
Column: progInfo code=tseTargetGroup=TG002A;value=tseTargetGroup=TG002A
Column: sampId code=er;value=er
Column: analysisY code=2021;value=2021
Column: anMethType code=AT12A;value=AT12A
Column: resId code=a370e55c-acb9-4376-b753-4deb2b6ff855.000031;value=a370e55c-acb9-4376-b753-4deb2b6ff855.000031
Column: sampD code=1;value=1
Column: anMethCode code=F661A;value=F661A
Column: sampArea code=MTZZ;value=MTZZ
Column: resQualValue code=POS;value=POS
Column: paramCode code=RF-00004888-PAR;value=RF-00004888-PAR
Column: sampUnitIds code=animalId=eh$herdId=ek$sampHoldingId=el;value=animalId=eh$herdId=ek$sampHoldingId=el
Column: anMatCode code=A04MQ#F01.A057E$F02.A16YL$F21.A07RV$F31.A16NK$F32.A0C9A;value=A04MQ#F01.A057E$F02.A16YL$F21.A07RV$F31.A16NK$F32.A0C9A
Column: anPortSeq code=1;value=1
Column: evalInfo code=tseNationalCaseId=eg$tseIndexCase=Y$sampEventAsses=J050A;value=tseNationalCaseId=eg$tseIndexCase=Y$sampEventAsses=J050A
Column: sampUnitType code=G199A;value=G199A
Column: repCountry code=XE;value=XE
Column: sampM code=1;value=1
Column: progLegalRef code=N123A;value=N123A

2023-08-24 09:58:05,105 WARN f.RelationFormula [Thread-5] No value was found for relation Relation: [SummarizedInformation] 1=>N [AnalyticalResults] for formula RELATION{SummarizedInformation,type.code} in ID: -1
Column: statusHerd code=XE$birthInFlockHerd;value=XE$birthInFlockHerd
Column: sampMatCode code=A04MQ#F01.A057E$F02.A16YL$F21.A07RV$F31.A16NK$F32.A0C9A;value=A04MQ#F01.A057E$F02.A16YL$F21.A07RV$F31.A16NK$F32.A0C9A
Column: sampEventId code=a370e55c-acb9-4376-b753-4deb2b6ff855.A.eh;value=a370e55c-acb9-4376-b753-4deb2b6ff855.A.eh
Column: sampY code=2021;value=2021
Column: progId code=a370e55c-acb9-4376-b753-4deb2b6ff855.N123A.TG002A;value=a370e55c-acb9-4376-b753-4deb2b6ff855.N123A.TG002A
Column: sampEventInfo code=birthCountry=XE$birthInFlockHerd=N$birthYear=2020$birthMonth=4;value=birthCountry=XE$birthInFlockHerd=N$birthYear=2020$birthMonth=4
Column: repYear code=2021;value=2021
Column: sampMatType code=S000A;value=S000A
Column: sampInfo code=origSampId=a370e55c-acb9-4376-b753-4deb2b6ff855;value=origSampId=a370e55c-acb9-4376-b753-4deb2b6ff855
Column: paramType code=P001A;value=P001A
Column: sampAnId code=er;value=er
Column: anMethRefId code=AT06A.F639A;value=AT06A.F639A
Column: sampCountry code=XE;value=XE
Column: paramCodeBaseTerm code=RF-00004884-PAR;value=RF-00004884-PAR
Column: resType code=BIN;value=BIN
Column: ReportId code=802;value=802
Column: progInfo code=tseTargetGroup=TG002A;value=tseTargetGroup=TG002A
Column: sampId code=er;value=er
Column: analysisY code=2021;value=2021
Column: anMethType code=AT06A;value=AT06A
Column: resId code=a370e55c-acb9-4376-b753-4deb2b6ff855.000030;value=a370e55c-acb9-4376-b753-4deb2b6ff855.000030
Column: sampD code=1;value=1
Column: anMethCode code=F639A;value=F639A
Column: sampArea code=MTZZ;value=MTZZ
Column: resQualValue code=POS;value=POS
Column: paramCode code=RF-00004884-PAR;value=RF-00004884-PAR
Column: sampUnitIds code=animalId=eh$herdId=ek$sampHoldingId=el;value=animalId=eh$herdId=ek$sampHoldingId=el
Column: anMatCode code=A04MQ#F01.A057E$F02.A16YL$F21.A07RV$F31.A16NK$F32.A0C9A;value=A04MQ#F01.A057E$F02.A16YL$F21.A07RV$F31.A16NK$F32.A0C9A
Column: anPortSeq code=1;value=1
Column: evalInfo code=tseNationalCaseId=eg$tseIndexCase=Y$sampEventAsses=J050A;value=tseNationalCaseId=eg$tseIndexCase=Y$sampEventAsses=J050A
Column: sampUnitType code=G199A;value=G199A
Column: repCountry code=XE;value=XE
Column: sampM code=1;value=1
Column: progLegalRef code=N123A;value=N123A

2023-08-24 09:58:05,118 WARN f.RelationFormula [Thread-5] No value was found for relation Relation: [SummarizedInformation] 1=>N [AnalyticalResults] for formula RELATION{SummarizedInformation,type.code} in ID: -1
Column: statusHerd code=XE$birthInFlockHerd;value=XE$birthInFlockHerd
Column: sampMatCode code=A04MQ#F01.A057E$F02.A16YL$F21.A07RV$F31.A16NK$F32.A0C9A;value=A04MQ#F01.A057E$F02.A16YL$F21.A07RV$F31.A16NK$F32.A0C9A
Column: sampEventId code=a370e55c-acb9-4376-b753-4deb2b6ff855.A.ey;value=a370e55c-acb9-4376-b753-4deb2b6ff855.A.ey
Column: sampY code=2021;value=2021
Column: progId code=a370e55c-acb9-4376-b753-4deb2b6ff855.N123A.TG002A;value=a370e55c-acb9-4376-b753-4deb2b6ff855.N123A.TG002A
Column: sampEventInfo code=birthCountry=XE$birthInFlockHerd=N$birthYear=2020$birthMonth=2;value=birthCountry=XE$birthInFlockHerd=N$birthYear=2020$birthMonth=2
Column: repYear code=2021;value=2021
Column: sampMatType code=S000A;value=S000A
Column: sampInfo code=origSampId=a370e55c-acb9-4376-b753-4deb2b6ff855;value=origSampId=a370e55c-acb9-4376-b753-4deb2b6ff855
Column: paramType code=P001A;value=P001A
Column: sampAnId code=ew;value=ew
Column: anMethRefId code=AT12A.F661A;value=AT12A.F661A
Column: sampCountry code=XE;value=XE
Column: paramCodeBaseTerm code=RF-00004888-PAR;value=RF-00004888-PAR
Column: resType code=BIN;value=BIN
Column: ReportId code=802;value=802
Column: progInfo code=tseTargetGroup=TG002A;value=tseTargetGroup=TG002A
Column: sampId code=ew;value=ew
Column: analysisY code=2021;value=2021
Column: anMethType code=AT12A;value=AT12A
Column: resId code=a370e55c-acb9-4376-b753-4deb2b6ff855.000029;value=a370e55c-acb9-4376-b753-4deb2b6ff855.000029
Column: sampD code=2;value=2
Column: anMethCode code=F661A;value=F661A
Column: sampArea code=MTZZ;value=MTZZ
Column: resQualValue code=POS;value=POS
Column: paramCode code=RF-00004888-PAR;value=RF-00004888-PAR
Column: sampUnitIds code=animalId=ey$herdId=ei$sampHoldingId=eo;value=animalId=ey$herdId=ei$sampHoldingId=eo
Column: anMatCode code=A04MQ#F01.A057E$F02.A16YL$F21.A07RV$F31.A16NK$F32.A0C9A;value=A04MQ#F01.A057E$F02.A16YL$F21.A07RV$F31.A16NK$F32.A0C9A
Column: anPortSeq code=1;value=1
Column: evalInfo code=tseNationalCaseId=et$tseIndexCase=Y$sampEventAsses=J054A;value=tseNationalCaseId=et$tseIndexCase=Y$sampEventAsses=J054A
Column: sampUnitType code=G199A;value=G199A
Column: repCountry code=XE;value=XE
Column: sampM code=1;value=1
Column: progLegalRef code=N123A;value=N123A

2023-08-24 09:58:05,128 WARN f.RelationFormula [Thread-5] No value was found for relation Relation: [SummarizedInformation] 1=>N [AnalyticalResults] for formula RELATION{SummarizedInformation,type.code} in ID: -1
Column: statusHerd code=XE$birthInFlockHerd;value=XE$birthInFlockHerd
Column: sampMatCode code=A04MQ#F01.A057E$F02.A16YL$F21.A07RV$F31.A16NK$F32.A0C9A;value=A04MQ#F01.A057E$F02.A16YL$F21.A07RV$F31.A16NK$F32.A0C9A
Column: sampEventId code=a370e55c-acb9-4376-b753-4deb2b6ff855.A.ey;value=a370e55c-acb9-4376-b753-4deb2b6ff855.A.ey
Column: sampY code=2021;value=2021
Column: progId code=a370e55c-acb9-4376-b753-4deb2b6ff855.N123A.TG002A;value=a370e55c-acb9-4376-b753-4deb2b6ff855.N123A.TG002A
Column: sampEventInfo code=birthCountry=XE$birthInFlockHerd=N$birthYear=2020$birthMonth=2;value=birthCountry=XE$birthInFlockHerd=N$birthYear=2020$birthMonth=2
Column: repYear code=2021;value=2021
Column: sampMatType code=S000A;value=S000A
Column: sampInfo code=origSampId=a370e55c-acb9-4376-b753-4deb2b6ff855;value=origSampId=a370e55c-acb9-4376-b753-4deb2b6ff855
Column: paramType code=P001A;value=P001A
Column: sampAnId code=ew;value=ew
Column: anMethRefId code=AT06A.F639A;value=AT06A.F639A
Column: sampCountry code=XE;value=XE
Column: paramCodeBaseTerm code=RF-00004884-PAR;value=RF-00004884-PAR
Column: resType code=BIN;value=BIN
Column: ReportId code=802;value=802
Column: progInfo code=tseTargetGroup=TG002A;value=tseTargetGroup=TG002A
Column: sampId code=ew;value=ew
Column: analysisY code=2021;value=2021
Column: anMethType code=AT06A;value=AT06A
Column: resId code=a370e55c-acb9-4376-b753-4deb2b6ff855.000028;value=a370e55c-acb9-4376-b753-4deb2b6ff855.000028
Column: sampD code=2;value=2
Column: anMethCode code=F639A;value=F639A
Column: sampArea code=MTZZ;value=MTZZ
Column: resQualValue code=POS;value=POS
Column: paramCode code=RF-00004884-PAR;value=RF-00004884-PAR
Column: sampUnitIds code=animalId=ey$herdId=ei$sampHoldingId=eo;value=animalId=ey$herdId=ei$sampHoldingId=eo
Column: anMatCode code=A04MQ#F01.A057E$F02.A16YL$F21.A07RV$F31.A16NK$F32.A0C9A;value=A04MQ#F01.A057E$F02.A16YL$F21.A07RV$F31.A16NK$F32.A0C9A
Column: anPortSeq code=1;value=1
Column: evalInfo code=tseNationalCaseId=et$tseIndexCase=Y$sampEventAsses=J054A;value=tseNationalCaseId=et$tseIndexCase=Y$sampEventAsses=J054A
Column: sampUnitType code=G199A;value=G199A
Column: repCountry code=XE;value=XE
Column: sampM code=1;value=1
Column: progLegalRef code=N123A;value=N123A

2023-08-24 09:58:05,153 WARN f.RelationFormula [Thread-5] No value was found for relation Relation: [SummarizedInformation] 1=>N [AnalyticalResults] for formula RELATION{SummarizedInformation,type.code} in ID: -1
Column: statusHerd code=XE$statusHerd;value=XE$statusHerd
Column: sampMatCode code=A04MQ#F01.A0CNM$F02.A06AM$F21.A07RV$F31.A16NF$F32.A0C9A;value=A04MQ#F01.A0CNM$F02.A06AM$F21.A07RV$F31.A16NF$F32.A0C9A
Column: sampEventId code=1e4bb9af-abbd-496f-9fd5-5eb40ec3f57c.A.as;value=1e4bb9af-abbd-496f-9fd5-5eb40ec3f57c.A.as
Column: sampY code=2021;value=2021
Column: progId code=1e4bb9af-abbd-496f-9fd5-5eb40ec3f57c.N123A.TG009A;value=1e4bb9af-abbd-496f-9fd5-5eb40ec3f57c.N123A.TG009A
Column: sampEventInfo code=birthCountry=XE$statusHerd=F$birthInFlockHerd=N$birthYear=2020$birthMonth=4;value=birthCountry=XE$statusHerd=F$birthInFlockHerd=N$birthYear=2020$birthMonth=4
Column: repYear code=2021;value=2021
Column: sampMatType code=S000A;value=S000A
Column: sampInfo code=origSampId=1e4bb9af-abbd-496f-9fd5-5eb40ec3f57c;value=origSampId=1e4bb9af-abbd-496f-9fd5-5eb40ec3f57c
Column: paramType code=P001A;value=P001A
Column: sampAnId code=a1;value=a1
Column: anMethRefId code=AT06A.F639A;value=AT06A.F639A
Column: sampCountry code=XE;value=XE
Column: paramCodeBaseTerm code=RF-00004884-PAR;value=RF-00004884-PAR
Column: resType code=BIN;value=BIN
Column: ReportId code=802;value=802
Column: progInfo code=tseTargetGroup=TG009A;value=tseTargetGroup=TG009A
Column: sampId code=a1;value=a1
Column: analysisY code=2021;value=2021
Column: anMethType code=AT06A;value=AT06A
Column: resId code=1e4bb9af-abbd-496f-9fd5-5eb40ec3f57c.000027;value=1e4bb9af-abbd-496f-9fd5-5eb40ec3f57c.000027
Column: sampD code=4;value=4
Column: anMethCode code=F639A;value=F639A
Column: sampArea code=MTZZ;value=MTZZ
Column: resQualValue code=NEG;value=NEG
Column: paramCode code=RF-00004884-PAR;value=RF-00004884-PAR
Column: sampUnitIds code=animalId=as$herdId=ax$sampHoldingId=ad;value=animalId=as$herdId=ax$sampHoldingId=ad
Column: anMatCode code=A04MQ#F01.A0CNM$F02.A06AM$F21.A07RV$F31.A16NF$F32.A0C9A;value=A04MQ#F01.A0CNM$F02.A06AM$F21.A07RV$F31.A16NF$F32.A0C9A
Column: anPortSeq code=1;value=1
Column: evalInfo code=tseNationalCaseId=az$tseIndexCase=Y$sampEventAsses=J054A;value=tseNationalCaseId=az$tseIndexCase=Y$sampEventAsses=J054A
Column: sampUnitType code=G199A;value=G199A
Column: repCountry code=XE;value=XE
Column: sampM code=1;value=1
Column: progLegalRef code=N123A;value=N123A

2023-08-24 09:58:05,170 WARN f.RelationFormula [Thread-5] No value was found for relation Relation: [SummarizedInformation] 1=>N [AnalyticalResults] for formula RELATION{SummarizedInformation,type.code} in ID: -1
Column: statusHerd code=XE$statusHerd;value=XE$statusHerd
Column: sampMatCode code=A04MQ#F01.A0CNM$F02.A06AM$F21.A07RV$F31.A16NF$F32.A0C9A;value=A04MQ#F01.A0CNM$F02.A06AM$F21.A07RV$F31.A16NF$F32.A0C9A
Column: sampEventId code=1e4bb9af-abbd-496f-9fd5-5eb40ec3f57c.A.zc;value=1e4bb9af-abbd-496f-9fd5-5eb40ec3f57c.A.zc
Column: sampY code=2021;value=2021
Column: progId code=1e4bb9af-abbd-496f-9fd5-5eb40ec3f57c.N123A.TG009A;value=1e4bb9af-abbd-496f-9fd5-5eb40ec3f57c.N123A.TG009A
Column: sampEventInfo code=birthCountry=XE$statusHerd=F$birthInFlockHerd=N$birthYear=2020$birthMonth=3;value=birthCountry=XE$statusHerd=F$birthInFlockHerd=N$birthYear=2020$birthMonth=3
Column: repYear code=2021;value=2021
Column: sampMatType code=S000A;value=S000A
Column: sampInfo code=origSampId=1e4bb9af-abbd-496f-9fd5-5eb40ec3f57c;value=origSampId=1e4bb9af-abbd-496f-9fd5-5eb40ec3f57c
Column: paramType code=P001A;value=P001A
Column: sampAnId code=z1;value=z1
Column: anMethRefId code=AT06A.F639A;value=AT06A.F639A
Column: sampCountry code=XE;value=XE
Column: paramCodeBaseTerm code=RF-00004884-PAR;value=RF-00004884-PAR
Column: resType code=BIN;value=BIN
Column: ReportId code=802;value=802
Column: progInfo code=tseTargetGroup=TG009A;value=tseTargetGroup=TG009A
Column: sampId code=z1;value=z1
Column: analysisY code=2021;value=2021
Column: anMethType code=AT06A;value=AT06A
Column: resId code=1e4bb9af-abbd-496f-9fd5-5eb40ec3f57c.000025;value=1e4bb9af-abbd-496f-9fd5-5eb40ec3f57c.000025
Column: sampD code=3;value=3
Column: anMethCode code=F639A;value=F639A
Column: sampArea code=MTZZ;value=MTZZ
Column: resQualValue code=NEG;value=NEG
Column: paramCode code=RF-00004884-PAR;value=RF-00004884-PAR
Column: sampUnitIds code=animalId=zc$herdId=zv$sampHoldingId=zb;value=animalId=zc$herdId=zv$sampHoldingId=zb
Column: anMatCode code=A04MQ#F01.A0CNM$F02.A06AM$F21.A07RV$F31.A16NF$F32.A0C9A;value=A04MQ#F01.A0CNM$F02.A06AM$F21.A07RV$F31.A16NF$F32.A0C9A
Column: anPortSeq code=1;value=1
Column: evalInfo code=tseNationalCaseId=zx$tseIndexCase=Y$sampEventAsses=J050A;value=tseNationalCaseId=zx$tseIndexCase=Y$sampEventAsses=J050A
Column: sampUnitType code=G199A;value=G199A
Column: repCountry code=XE;value=XE
Column: sampM code=1;value=1
Column: progLegalRef code=N123A;value=N123A

2023-08-24 09:58:05,189 WARN f.RelationFormula [Thread-5] No value was found for relation Relation: [SummarizedInformation] 1=>N [AnalyticalResults] for formula RELATION{SummarizedInformation,type.code} in ID: -1
Column: statusHerd code=XE$statusHerd;value=XE$statusHerd
Column: sampMatCode code=A04MQ#F01.A0CNM$F02.A06AM$F21.A07RV$F31.A16NF$F32.A0C9A;value=A04MQ#F01.A0CNM$F02.A06AM$F21.A07RV$F31.A16NF$F32.A0C9A
Column: sampEventId code=1e4bb9af-abbd-496f-9fd5-5eb40ec3f57c.A.vc1;value=1e4bb9af-abbd-496f-9fd5-5eb40ec3f57c.A.vc1
Column: sampY code=2021;value=2021
Column: progId code=1e4bb9af-abbd-496f-9fd5-5eb40ec3f57c.N123A.TG009A;value=1e4bb9af-abbd-496f-9fd5-5eb40ec3f57c.N123A.TG009A
Column: sampEventInfo code=birthCountry=XE$statusHerd=F$birthInFlockHerd=N$birthYear=2020$birthMonth=2;value=birthCountry=XE$statusHerd=F$birthInFlockHerd=N$birthYear=2020$birthMonth=2
Column: repYear code=2021;value=2021
Column: sampMatType code=S000A;value=S000A
Column: sampInfo code=origSampId=1e4bb9af-abbd-496f-9fd5-5eb40ec3f57c;value=origSampId=1e4bb9af-abbd-496f-9fd5-5eb40ec3f57c
Column: paramType code=P001A;value=P001A
Column: sampAnId code=v1;value=v1
Column: anMethRefId code=AT06A.F639A;value=AT06A.F639A
Column: sampCountry code=XE;value=XE
Column: paramCodeBaseTerm code=RF-00004884-PAR;value=RF-00004884-PAR
Column: resType code=BIN;value=BIN
Column: ReportId code=802;value=802
Column: progInfo code=tseTargetGroup=TG009A;value=tseTargetGroup=TG009A
Column: sampId code=v1;value=v1
Column: analysisY code=2021;value=2021
Column: anMethType code=AT06A;value=AT06A
Column: resId code=1e4bb9af-abbd-496f-9fd5-5eb40ec3f57c.000024;value=1e4bb9af-abbd-496f-9fd5-5eb40ec3f57c.000024
Column: sampD code=2;value=2
Column: anMethCode code=F639A;value=F639A
Column: sampArea code=MTZZ;value=MTZZ
Column: resQualValue code=POS;value=POS
Column: paramCode code=RF-00004884-PAR;value=RF-00004884-PAR
Column: sampUnitIds code=animalId=vc1$herdId=vx1$sampHoldingId=vb1;value=animalId=vc1$herdId=vx1$sampHoldingId=vb1
Column: anMatCode code=A04MQ#F01.A0CNM$F02.A06AM$F21.A07RV$F31.A16NF$F32.A0C9A;value=A04MQ#F01.A0CNM$F02.A06AM$F21.A07RV$F31.A16NF$F32.A0C9A
Column: anPortSeq code=1;value=1
Column: evalInfo code=tseNationalCaseId=vv1$tseIndexCase=Y$sampEventAsses=J055A;value=tseNationalCaseId=vv1$tseIndexCase=Y$sampEventAsses=J055A
Column: sampUnitType code=G199A;value=G199A
Column: repCountry code=XE;value=XE
Column: sampM code=1;value=1
Column: progLegalRef code=N123A;value=N123A

2023-08-24 09:58:05,211 WARN f.RelationFormula [Thread-5] No value was found for relation Relation: [SummarizedInformation] 1=>N [AnalyticalResults] for formula RELATION{SummarizedInformation,type.code} in ID: -1
Column: statusHerd code=XE$birthYear;value=XE$birthYear
Column: sampMatCode code=A04MQ#F01.A056M$F02.A16YZ$F21.A07RV$F31.A16NF$F32.A0C9A;value=A04MQ#F01.A056M$F02.A16YZ$F21.A07RV$F31.A16NF$F32.A0C9A
Column: sampEventId code=b8f09d6f-e495-4b01-b660-0c4268af9529.A.ka2;value=b8f09d6f-e495-4b01-b660-0c4268af9529.A.ka2
Column: sampY code=2021;value=2021
Column: progId code=b8f09d6f-e495-4b01-b660-0c4268af9529.N123A.TG006A;value=b8f09d6f-e495-4b01-b660-0c4268af9529.N123A.TG006A
Column: sampEventInfo code=birthCountry=XE$birthYear=2020$birthMonth=3;value=birthCountry=XE$birthYear=2020$birthMonth=3
Column: repYear code=2021;value=2021
Column: sampMatType code=S000A;value=S000A
Column: sampInfo code=origSampId=b8f09d6f-e495-4b01-b660-0c4268af9529;value=origSampId=b8f09d6f-e495-4b01-b660-0c4268af9529
Column: paramType code=P001A;value=P001A
Column: sampAnId code=k;value=k
Column: anMethRefId code=AT06A.F646A;value=AT06A.F646A
Column: sampCountry code=XE;value=XE
Column: paramCodeBaseTerm code=RF-00004895-PAR;value=RF-00004895-PAR
Column: resType code=BIN;value=BIN
Column: ReportId code=802;value=802
Column: progInfo code=tseTargetGroup=TG006A;value=tseTargetGroup=TG006A
Column: sampId code=k;value=k
Column: analysisY code=2021;value=2021
Column: anMethType code=AT06A;value=AT06A
Column: resId code=b8f09d6f-e495-4b01-b660-0c4268af9529.000023;value=b8f09d6f-e495-4b01-b660-0c4268af9529.000023
Column: sampD code=3;value=3
Column: anMethCode code=F646A;value=F646A
Column: sampArea code=MTZZ;value=MTZZ
Column: resQualValue code=POS;value=POS
Column: paramCode code=RF-00004895-PAR;value=RF-00004895-PAR
Column: sampUnitIds code=animalId=ka2$herdId=lk1$sampHoldingId=lh7$PSUId=psu2;value=animalId=ka2$herdId=lk1$sampHoldingId=lh7$PSUId=psu2
Column: anMatCode code=A04MQ#F01.A056M$F02.A16YZ$F21.A07RV$F31.A16NF$F32.A0C9A;value=A04MQ#F01.A056M$F02.A16YZ$F21.A07RV$F31.A16NF$F32.A0C9A
Column: anPortSeq code=1;value=1
Column: evalInfo code=tseNationalCaseId=k11$tseIndexCase=Y$sampEventAsses=J054A;value=tseNationalCaseId=k11$tseIndexCase=Y$sampEventAsses=J054A
Column: sampUnitType code=G199A;value=G199A
Column: repCountry code=XE;value=XE
Column: sampM code=1;value=1
Column: progLegalRef code=N123A;value=N123A

2023-08-24 09:58:05,244 WARN f.RelationFormula [Thread-5] No value was found for relation Relation: [SummarizedInformation] 1=>N [AnalyticalResults] for formula RELATION{SummarizedInformation,type.code} in ID: -1
Column: statusHerd code=XE$statusHerd;value=XE$statusHerd
Column: sampMatCode code=A04MQ#F01.A057G$F02.A16YL$F21.A07RV$F31.A16ND$F32.A0C9A;value=A04MQ#F01.A057G$F02.A16YL$F21.A07RV$F31.A16ND$F32.A0C9A
Column: sampEventId code=d99264e0-671f-40fe-97e0-8894fc3d80a1.A.wa2;value=d99264e0-671f-40fe-97e0-8894fc3d80a1.A.wa2
Column: sampY code=2021;value=2021
Column: progId code=d99264e0-671f-40fe-97e0-8894fc3d80a1.N123A.TG007A;value=d99264e0-671f-40fe-97e0-8894fc3d80a1.N123A.TG007A
Column: sampEventInfo code=birthCountry=XE$statusHerd=F$birthInFlockHerd=N$birthYear=2020$birthMonth=3;value=birthCountry=XE$statusHerd=F$birthInFlockHerd=N$birthYear=2020$birthMonth=3
Column: repYear code=2021;value=2021
Column: sampMatType code=S000A;value=S000A
Column: sampInfo code=origSampId=d99264e0-671f-40fe-97e0-8894fc3d80a1;value=origSampId=d99264e0-671f-40fe-97e0-8894fc3d80a1
Column: paramType code=P001A;value=P001A
Column: sampAnId code=w2;value=w2
Column: anMethRefId code=AT13A.F089A;value=AT13A.F089A
Column: sampCountry code=XE;value=XE
Column: paramCodeBaseTerm code=RF-00004894-PAR;value=RF-00004894-PAR
Column: resType code=BIN;value=BIN
Column: ReportId code=802;value=802
Column: progInfo code=tseTargetGroup=TG007A;value=tseTargetGroup=TG007A
Column: sampId code=w2;value=w2
Column: analysisY code=2021;value=2021
Column: anMethType code=AT13A;value=AT13A
Column: resId code=d99264e0-671f-40fe-97e0-8894fc3d80a1.000016;value=d99264e0-671f-40fe-97e0-8894fc3d80a1.000016
Column: sampD code=3;value=3
Column: anMethCode code=F089A;value=F089A
Column: sampArea code=MTZZ;value=MTZZ
Column: resQualValue code=POS;value=POS
Column: paramCode code=RF-00004894-PAR#allele=AXRR$allele=AXRR;value=RF-00004894-PAR#allele=AXRR$allele=AXRR
Column: sampUnitIds code=animalId=wa2$herdId=wh2$sampHoldingId=whl2;value=animalId=wa2$herdId=wh2$sampHoldingId=whl2
Column: anMatCode code=A04MQ#F01.A057G$F02.A16YL$F21.A07RV$F31.A16ND$F32.A0C9A;value=A04MQ#F01.A057G$F02.A16YL$F21.A07RV$F31.A16ND$F32.A0C9A
Column: anPortSeq code=1;value=1
Column: evalInfo code=tseNationalCaseId=w22$tseIndexCase=Y$sampEventAsses=J050A;value=tseNationalCaseId=w22$tseIndexCase=Y$sampEventAsses=J050A
Column: sampUnitType code=G199A;value=G199A
Column: repCountry code=XE;value=XE
Column: sampM code=1;value=1
Column: progLegalRef code=N123A;value=N123A

2023-08-24 09:58:05,270 WARN f.RelationFormula [Thread-5] No value was found for relation Relation: [SummarizedInformation] 1=>N [AnalyticalResults] for formula RELATION{SummarizedInformation,type.code} in ID: -1
Column: statusHerd code=XE$birthYear;value=XE$birthYear
Column: sampMatCode code=A04MQ#F01.A056M$F02.A06AM$F21.A07RV$F31.A16NF$F32.A0C9A;value=A04MQ#F01.A056M$F02.A06AM$F21.A07RV$F31.A16NF$F32.A0C9A
Column: sampEventId code=ac9d2f00-7626-4d46-8006-d3b578368c20.A.d;value=ac9d2f00-7626-4d46-8006-d3b578368c20.A.d
Column: sampY code=2021;value=2021
Column: progId code=ac9d2f00-7626-4d46-8006-d3b578368c20.N123A.TG010A;value=ac9d2f00-7626-4d46-8006-d3b578368c20.N123A.TG010A
Column: sampEventInfo code=birthCountry=XE$birthYear=2020$birthMonth=3;value=birthCountry=XE$birthYear=2020$birthMonth=3
Column: repYear code=2021;value=2021
Column: sampMatType code=S000A;value=S000A
Column: sampInfo code=origSampId=ac9d2f00-7626-4d46-8006-d3b578368c20;value=origSampId=ac9d2f00-7626-4d46-8006-d3b578368c20
Column: paramType code=P001A;value=P001A
Column: sampAnId code=2;value=2
Column: anMethRefId code=AT06A.F646A;value=AT06A.F646A
Column: sampCountry code=XE;value=XE
Column: paramCodeBaseTerm code=RF-00004895-PAR;value=RF-00004895-PAR
Column: resType code=BIN;value=BIN
Column: ReportId code=802;value=802
Column: progInfo code=tseTargetGroup=TG010A;value=tseTargetGroup=TG010A
Column: sampId code=2;value=2
Column: analysisY code=2021;value=2021
Column: anMethType code=AT06A;value=AT06A
Column: resId code=ac9d2f00-7626-4d46-8006-d3b578368c20.000021;value=ac9d2f00-7626-4d46-8006-d3b578368c20.000021
Column: sampD code=2;value=2
Column: anMethCode code=F646A;value=F646A
Column: sampArea code=MTZZ;value=MTZZ
Column: resQualValue code=POS;value=POS
Column: paramCode code=RF-00004895-PAR;value=RF-00004895-PAR
Column: sampUnitIds code=animalId=d$herdId=h2$sampHoldingId=j$PSUId=psu1;value=animalId=d$herdId=h2$sampHoldingId=j$PSUId=psu1
Column: anMatCode code=A04MQ#F01.A056M$F02.A06AM$F21.A07RV$F31.A16NF$F32.A0C9A;value=A04MQ#F01.A056M$F02.A06AM$F21.A07RV$F31.A16NF$F32.A0C9A
Column: anPortSeq code=1;value=1
Column: evalInfo code=tseNationalCaseId=22$tseIndexCase=Y$sampEventAsses=J050A;value=tseNationalCaseId=22$tseIndexCase=Y$sampEventAsses=J050A
Column: sampUnitType code=G199A;value=G199A
Column: repCountry code=XE;value=XE
Column: sampM code=1;value=1
Column: progLegalRef code=N123A;value=N123A

2023-08-24 09:58:05,312 WARN f.RelationFormula [Thread-5] No value was found for relation Relation: [SummarizedInformation] 1=>N [AnalyticalResults] for formula RELATION{SummarizedInformation,type.code} in ID: -1
Column: statusHerd code=XE$birthInFlockHerd;value=XE$birthInFlockHerd
Column: sampMatCode code=A04MQ#F01.A056M$F02.A16YL$F21.A07RV$F31.A16NF$F32.A0C9A;value=A04MQ#F01.A056M$F02.A16YL$F21.A07RV$F31.A16NF$F32.A0C9A
Column: sampEventId code=ac9d2f00-7626-4d46-8006-d3b578368c20.A.c;value=ac9d2f00-7626-4d46-8006-d3b578368c20.A.c
Column: sampY code=2021;value=2021
Column: progId code=ac9d2f00-7626-4d46-8006-d3b578368c20.N123A.TG010A;value=ac9d2f00-7626-4d46-8006-d3b578368c20.N123A.TG010A
Column: sampEventInfo code=birthCountry=XE$birthInFlockHerd=N$birthYear=2020$birthMonth=3;value=birthCountry=XE$birthInFlockHerd=N$birthYear=2020$birthMonth=3
Column: repYear code=2021;value=2021
Column: sampMatType code=S000A;value=S000A
Column: sampInfo code=origSampId=ac9d2f00-7626-4d46-8006-d3b578368c20;value=origSampId=ac9d2f00-7626-4d46-8006-d3b578368c20
Column: paramType code=P001A;value=P001A
Column: sampAnId code=3;value=3
Column: anMethRefId code=AT06A.F646A;value=AT06A.F646A
Column: sampCountry code=XE;value=XE
Column: paramCodeBaseTerm code=RF-00004895-PAR;value=RF-00004895-PAR
Column: resType code=BIN;value=BIN
Column: ReportId code=802;value=802
Column: progInfo code=tseTargetGroup=TG010A;value=tseTargetGroup=TG010A
Column: sampId code=3;value=3
Column: analysisY code=2021;value=2021
Column: anMethType code=AT06A;value=AT06A
Column: resId code=ac9d2f00-7626-4d46-8006-d3b578368c20.000019;value=ac9d2f00-7626-4d46-8006-d3b578368c20.000019
Column: sampD code=3;value=3
Column: anMethCode code=F646A;value=F646A
Column: sampArea code=MTZZ;value=MTZZ
Column: resQualValue code=POS;value=POS
Column: paramCode code=RF-00004895-PAR;value=RF-00004895-PAR
Column: sampUnitIds code=animalId=c$herdId=h3$sampHoldingId=g$PSUId=psu1;value=animalId=c$herdId=h3$sampHoldingId=g$PSUId=psu1
Column: anMatCode code=A04MQ#F01.A056M$F02.A16YL$F21.A07RV$F31.A16NF$F32.A0C9A;value=A04MQ#F01.A056M$F02.A16YL$F21.A07RV$F31.A16NF$F32.A0C9A
Column: anPortSeq code=1;value=1
Column: evalInfo code=tseNationalCaseId=33$tseIndexCase=Y$sampEventAsses=J049A;value=tseNationalCaseId=33$tseIndexCase=Y$sampEventAsses=J049A
Column: sampUnitType code=G199A;value=G199A
Column: repCountry code=XE;value=XE
Column: sampM code=1;value=1
Column: progLegalRef code=N123A;value=N123A

2023-08-24 09:58:05,355 WARN f.RelationFormula [Thread-5] No value was found for relation Relation: [SummarizedInformation] 1=>N [AnalyticalResults] for formula RELATION{SummarizedInformation,type.code} in ID: -1
Column: statusHerd code=XE$birthInFlockHerd;value=XE$birthInFlockHerd
Column: sampMatCode code=A04MQ#F01.A056M$F02.A16YL$F21.A07RV$F31.A16NF$F32.A0C9A;value=A04MQ#F01.A056M$F02.A16YL$F21.A07RV$F31.A16NF$F32.A0C9A
Column: sampEventId code=ac9d2f00-7626-4d46-8006-d3b578368c20.A.a;value=ac9d2f00-7626-4d46-8006-d3b578368c20.A.a
Column: sampY code=2021;value=2021
Column: progId code=ac9d2f00-7626-4d46-8006-d3b578368c20.N123A.TG010A;value=ac9d2f00-7626-4d46-8006-d3b578368c20.N123A.TG010A
Column: sampEventInfo code=birthCountry=XE$birthInFlockHerd=N$birthYear=2020$birthMonth=2;value=birthCountry=XE$birthInFlockHerd=N$birthYear=2020$birthMonth=2
Column: repYear code=2021;value=2021
Column: sampMatType code=S000A;value=S000A
Column: sampInfo code=origSampId=ac9d2f00-7626-4d46-8006-d3b578368c20;value=origSampId=ac9d2f00-7626-4d46-8006-d3b578368c20
Column: paramType code=P001A;value=P001A
Column: sampAnId code=1;value=1
Column: anMethRefId code=AT06A.F646A;value=AT06A.F646A
Column: sampCountry code=XE;value=XE
Column: paramCodeBaseTerm code=RF-00004895-PAR;value=RF-00004895-PAR
Column: resType code=BIN;value=BIN
Column: ReportId code=802;value=802
Column: progInfo code=tseTargetGroup=TG010A;value=tseTargetGroup=TG010A
Column: sampId code=1;value=1
Column: analysisY code=2021;value=2021
Column: anMethType code=AT06A;value=AT06A
Column: resId code=ac9d2f00-7626-4d46-8006-d3b578368c20.000017;value=ac9d2f00-7626-4d46-8006-d3b578368c20.000017
Column: sampD code=1;value=1
Column: anMethCode code=F646A;value=F646A
Column: sampArea code=MTZZ;value=MTZZ
Column: resQualValue code=POS;value=POS
Column: paramCode code=RF-00004895-PAR;value=RF-00004895-PAR
Column: sampUnitIds code=animalId=a$herdId=h1$sampHoldingId=d$PSUId=psu1;value=animalId=a$herdId=h1$sampHoldingId=d$PSUId=psu1
Column: anMatCode code=A04MQ#F01.A056M$F02.A16YL$F21.A07RV$F31.A16NF$F32.A0C9A;value=A04MQ#F01.A056M$F02.A16YL$F21.A07RV$F31.A16NF$F32.A0C9A
Column: anPortSeq code=1;value=1
Column: evalInfo code=tseNationalCaseId=11$tseIndexCase=Y$sampEventAsses=J049A;value=tseNationalCaseId=11$tseIndexCase=Y$sampEventAsses=J049A
Column: sampUnitType code=G199A;value=G199A
Column: repCountry code=XE;value=XE
Column: sampM code=1;value=1
Column: progLegalRef code=N123A;value=N123A

2023-08-24 09:58:05,382 WARN f.RelationFormula [Thread-5] No value was found for relation Relation: [SummarizedInformation] 1=>N [AnalyticalResults] for formula RELATION{SummarizedInformation,type.code} in ID: -1
Column: statusHerd code=XE$statusHerd;value=XE$statusHerd
Column: sampMatCode code=A04MQ#F01.A057G$F02.A16YL$F21.A07RV$F31.A16ND$F32.A0C9A;value=A04MQ#F01.A057G$F02.A16YL$F21.A07RV$F31.A16ND$F32.A0C9A
Column: sampEventId code=d99264e0-671f-40fe-97e0-8894fc3d80a1.A.wa2;value=d99264e0-671f-40fe-97e0-8894fc3d80a1.A.wa2
Column: sampY code=2021;value=2021
Column: progId code=d99264e0-671f-40fe-97e0-8894fc3d80a1.N123A.TG007A;value=d99264e0-671f-40fe-97e0-8894fc3d80a1.N123A.TG007A
Column: sampEventInfo code=birthCountry=XE$statusHerd=F$birthInFlockHerd=N$birthYear=2020$birthMonth=3;value=birthCountry=XE$statusHerd=F$birthInFlockHerd=N$birthYear=2020$birthMonth=3
Column: repYear code=2021;value=2021
Column: sampMatType code=S000A;value=S000A
Column: sampInfo code=origSampId=d99264e0-671f-40fe-97e0-8894fc3d80a1;value=origSampId=d99264e0-671f-40fe-97e0-8894fc3d80a1
Column: paramType code=P001A;value=P001A
Column: sampAnId code=w2;value=w2
Column: anMethRefId code=AT12A.F622A;value=AT12A.F622A
Column: sampCountry code=XE;value=XE
Column: paramCodeBaseTerm code=RF-00004894-PAR;value=RF-00004894-PAR
Column: resType code=BIN;value=BIN
Column: ReportId code=802;value=802
Column: progInfo code=tseTargetGroup=TG007A;value=tseTargetGroup=TG007A
Column: sampId code=w2;value=w2
Column: analysisY code=2021;value=2021
Column: anMethType code=AT12A;value=AT12A
Column: resId code=d99264e0-671f-40fe-97e0-8894fc3d80a1.000015;value=d99264e0-671f-40fe-97e0-8894fc3d80a1.000015
Column: sampD code=3;value=3
Column: anMethCode code=F622A;value=F622A
Column: sampArea code=MTZZ;value=MTZZ
Column: resQualValue code=POS;value=POS
Column: paramCode code=RF-00004894-PAR;value=RF-00004894-PAR
Column: sampUnitIds code=animalId=wa2$herdId=wh2$sampHoldingId=whl2;value=animalId=wa2$herdId=wh2$sampHoldingId=whl2
Column: anMatCode code=A04MQ#F01.A057G$F02.A16YL$F21.A07RV$F31.A16ND$F32.A0C9A;value=A04MQ#F01.A057G$F02.A16YL$F21.A07RV$F31.A16ND$F32.A0C9A
Column: anPortSeq code=1;value=1
Column: evalInfo code=tseNationalCaseId=w22$tseIndexCase=Y$sampEventAsses=J050A;value=tseNationalCaseId=w22$tseIndexCase=Y$sampEventAsses=J050A
Column: sampUnitType code=G199A;value=G199A
Column: repCountry code=XE;value=XE
Column: sampM code=1;value=1
Column: progLegalRef code=N123A;value=N123A

2023-08-24 09:58:05,412 WARN f.RelationFormula [Thread-5] No value was found for relation Relation: [SummarizedInformation] 1=>N [AnalyticalResults] for formula RELATION{SummarizedInformation,type.code} in ID: -1
Column: statusHerd code=XE$statusHerd;value=XE$statusHerd
Column: sampMatCode code=A04MQ#F01.A057G$F02.A16YL$F21.A07RV$F31.A16ND$F32.A0C9A;value=A04MQ#F01.A057G$F02.A16YL$F21.A07RV$F31.A16ND$F32.A0C9A
Column: sampEventId code=d99264e0-671f-40fe-97e0-8894fc3d80a1.A.wa2;value=d99264e0-671f-40fe-97e0-8894fc3d80a1.A.wa2
Column: sampY code=2021;value=2021
Column: progId code=d99264e0-671f-40fe-97e0-8894fc3d80a1.N123A.TG007A;value=d99264e0-671f-40fe-97e0-8894fc3d80a1.N123A.TG007A
Column: sampEventInfo code=birthCountry=XE$statusHerd=F$birthInFlockHerd=N$birthYear=2020$birthMonth=3;value=birthCountry=XE$statusHerd=F$birthInFlockHerd=N$birthYear=2020$birthMonth=3
Column: repYear code=2021;value=2021
Column: sampMatType code=S000A;value=S000A
Column: sampInfo code=origSampId=d99264e0-671f-40fe-97e0-8894fc3d80a1;value=origSampId=d99264e0-671f-40fe-97e0-8894fc3d80a1
Column: paramType code=P001A;value=P001A
Column: sampAnId code=w2;value=w2
Column: anMethRefId code=AT06A.F639A;value=AT06A.F639A
Column: sampCountry code=XE;value=XE
Column: paramCodeBaseTerm code=RF-00004889-PAR;value=RF-00004889-PAR
Column: resType code=BIN;value=BIN
Column: ReportId code=802;value=802
Column: progInfo code=tseTargetGroup=TG007A;value=tseTargetGroup=TG007A
Column: sampId code=w2;value=w2
Column: analysisY code=2021;value=2021
Column: anMethType code=AT06A;value=AT06A
Column: resId code=d99264e0-671f-40fe-97e0-8894fc3d80a1.000014;value=d99264e0-671f-40fe-97e0-8894fc3d80a1.000014
Column: sampD code=3;value=3
Column: anMethCode code=F639A;value=F639A
Column: sampArea code=MTZZ;value=MTZZ
Column: resQualValue code=POS;value=POS
Column: paramCode code=RF-00004889-PAR;value=RF-00004889-PAR
Column: sampUnitIds code=animalId=wa2$herdId=wh2$sampHoldingId=whl2;value=animalId=wa2$herdId=wh2$sampHoldingId=whl2
Column: anMatCode code=A04MQ#F01.A057G$F02.A16YL$F21.A07RV$F31.A16ND$F32.A0C9A;value=A04MQ#F01.A057G$F02.A16YL$F21.A07RV$F31.A16ND$F32.A0C9A
Column: anPortSeq code=1;value=1
Column: evalInfo code=tseNationalCaseId=w22$tseIndexCase=Y$sampEventAsses=J050A;value=tseNationalCaseId=w22$tseIndexCase=Y$sampEventAsses=J050A
Column: sampUnitType code=G199A;value=G199A
Column: repCountry code=XE;value=XE
Column: sampM code=1;value=1
Column: progLegalRef code=N123A;value=N123A

2023-08-24 09:58:05,443 WARN f.RelationFormula [Thread-5] No value was found for relation Relation: [SummarizedInformation] 1=>N [AnalyticalResults] for formula RELATION{SummarizedInformation,type.code} in ID: -1
Column: statusHerd code=XE$statusHerd;value=XE$statusHerd
Column: sampMatCode code=A04MQ#F01.A057G$F02.A16YL$F21.A07RV$F31.A16ND$F32.A0C8Z;value=A04MQ#F01.A057G$F02.A16YL$F21.A07RV$F31.A16ND$F32.A0C8Z
Column: sampEventId code=d99264e0-671f-40fe-97e0-8894fc3d80a1.A.wa1;value=d99264e0-671f-40fe-97e0-8894fc3d80a1.A.wa1
Column: sampY code=2021;value=2021
Column: progId code=d99264e0-671f-40fe-97e0-8894fc3d80a1.N123A.TG007A;value=d99264e0-671f-40fe-97e0-8894fc3d80a1.N123A.TG007A
Column: sampEventInfo code=birthCountry=XE$statusHerd=F$birthInFlockHerd=N$birthYear=2020$birthMonth=3;value=birthCountry=XE$statusHerd=F$birthInFlockHerd=N$birthYear=2020$birthMonth=3
Column: repYear code=2021;value=2021
Column: sampMatType code=S000A;value=S000A
Column: sampInfo code=origSampId=d99264e0-671f-40fe-97e0-8894fc3d80a1;value=origSampId=d99264e0-671f-40fe-97e0-8894fc3d80a1
Column: paramType code=P001A;value=P001A
Column: sampAnId code=w1;value=w1
Column: anMethRefId code=AT13A.F089A;value=AT13A.F089A
Column: sampCountry code=XE;value=XE
Column: paramCodeBaseTerm code=RF-00004894-PAR;value=RF-00004894-PAR
Column: resType code=BIN;value=BIN
Column: ReportId code=802;value=802
Column: progInfo code=tseTargetGroup=TG007A;value=tseTargetGroup=TG007A
Column: sampId code=w1;value=w1
Column: analysisY code=2021;value=2021
Column: anMethType code=AT13A;value=AT13A
Column: resId code=d99264e0-671f-40fe-97e0-8894fc3d80a1.000013;value=d99264e0-671f-40fe-97e0-8894fc3d80a1.000013
Column: sampD code=2;value=2
Column: anMethCode code=F089A;value=F089A
Column: sampArea code=MTZZ;value=MTZZ
Column: resQualValue code=POS;value=POS
Column: paramCode code=RF-00004894-PAR#allele=AXRR$allele=AXRR;value=RF-00004894-PAR#allele=AXRR$allele=AXRR
Column: sampUnitIds code=animalId=wa1$herdId=wh1$sampHoldingId=whl1;value=animalId=wa1$herdId=wh1$sampHoldingId=whl1
Column: anMatCode code=A04MQ#F01.A057G$F02.A16YL$F21.A07RV$F31.A16ND$F32.A0C8Z;value=A04MQ#F01.A057G$F02.A16YL$F21.A07RV$F31.A16ND$F32.A0C8Z
Column: anPortSeq code=1;value=1
Column: evalInfo code=tseNationalCaseId=w11$tseIndexCase=Y$sampEventAsses=J050A;value=tseNationalCaseId=w11$tseIndexCase=Y$sampEventAsses=J050A
Column: sampUnitType code=G199A;value=G199A
Column: repCountry code=XE;value=XE
Column: sampM code=1;value=1
Column: progLegalRef code=N123A;value=N123A

2023-08-24 09:58:05,471 WARN f.RelationFormula [Thread-5] No value was found for relation Relation: [SummarizedInformation] 1=>N [AnalyticalResults] for formula RELATION{SummarizedInformation,type.code} in ID: -1
Column: statusHerd code=XE$statusHerd;value=XE$statusHerd
Column: sampMatCode code=A04MQ#F01.A057G$F02.A16YL$F21.A07RV$F31.A16ND$F32.A0C8Z;value=A04MQ#F01.A057G$F02.A16YL$F21.A07RV$F31.A16ND$F32.A0C8Z
Column: sampEventId code=d99264e0-671f-40fe-97e0-8894fc3d80a1.A.wa1;value=d99264e0-671f-40fe-97e0-8894fc3d80a1.A.wa1
Column: sampY code=2021;value=2021
Column: progId code=d99264e0-671f-40fe-97e0-8894fc3d80a1.N123A.TG007A;value=d99264e0-671f-40fe-97e0-8894fc3d80a1.N123A.TG007A
Column: sampEventInfo code=birthCountry=XE$statusHerd=F$birthInFlockHerd=N$birthYear=2020$birthMonth=3;value=birthCountry=XE$statusHerd=F$birthInFlockHerd=N$birthYear=2020$birthMonth=3
Column: repYear code=2021;value=2021
Column: sampMatType code=S000A;value=S000A
Column: sampInfo code=origSampId=d99264e0-671f-40fe-97e0-8894fc3d80a1;value=origSampId=d99264e0-671f-40fe-97e0-8894fc3d80a1
Column: paramType code=P001A;value=P001A
Column: sampAnId code=w1;value=w1
Column: anMethRefId code=AT12A.F622A;value=AT12A.F622A
Column: sampCountry code=XE;value=XE
Column: paramCodeBaseTerm code=RF-00004894-PAR;value=RF-00004894-PAR
Column: resType code=BIN;value=BIN
Column: ReportId code=802;value=802
Column: progInfo code=tseTargetGroup=TG007A;value=tseTargetGroup=TG007A
Column: sampId code=w1;value=w1
Column: analysisY code=2021;value=2021
Column: anMethType code=AT12A;value=AT12A
Column: resId code=d99264e0-671f-40fe-97e0-8894fc3d80a1.000012;value=d99264e0-671f-40fe-97e0-8894fc3d80a1.000012
Column: sampD code=2;value=2
Column: anMethCode code=F622A;value=F622A
Column: sampArea code=MTZZ;value=MTZZ
Column: resQualValue code=POS;value=POS
Column: paramCode code=RF-00004894-PAR;value=RF-00004894-PAR
Column: sampUnitIds code=animalId=wa1$herdId=wh1$sampHoldingId=whl1;value=animalId=wa1$herdId=wh1$sampHoldingId=whl1
Column: anMatCode code=A04MQ#F01.A057G$F02.A16YL$F21.A07RV$F31.A16ND$F32.A0C8Z;value=A04MQ#F01.A057G$F02.A16YL$F21.A07RV$F31.A16ND$F32.A0C8Z
Column: anPortSeq code=1;value=1
Column: evalInfo code=tseNationalCaseId=w11$tseIndexCase=Y$sampEventAsses=J050A;value=tseNationalCaseId=w11$tseIndexCase=Y$sampEventAsses=J050A
Column: sampUnitType code=G199A;value=G199A
Column: repCountry code=XE;value=XE
Column: sampM code=1;value=1
Column: progLegalRef code=N123A;value=N123A

2023-08-24 09:58:05,507 WARN f.RelationFormula [Thread-5] No value was found for relation Relation: [SummarizedInformation] 1=>N [AnalyticalResults] for formula RELATION{SummarizedInformation,type.code} in ID: -1
Column: statusHerd code=XE$statusHerd;value=XE$statusHerd
Column: sampMatCode code=A04MQ#F01.A057G$F02.A16YL$F21.A07RV$F31.A16ND$F32.A0C8Z;value=A04MQ#F01.A057G$F02.A16YL$F21.A07RV$F31.A16ND$F32.A0C8Z
Column: sampEventId code=d99264e0-671f-40fe-97e0-8894fc3d80a1.A.wa1;value=d99264e0-671f-40fe-97e0-8894fc3d80a1.A.wa1
Column: sampY code=2021;value=2021
Column: progId code=d99264e0-671f-40fe-97e0-8894fc3d80a1.N123A.TG007A;value=d99264e0-671f-40fe-97e0-8894fc3d80a1.N123A.TG007A
Column: sampEventInfo code=birthCountry=XE$statusHerd=F$birthInFlockHerd=N$birthYear=2020$birthMonth=3;value=birthCountry=XE$statusHerd=F$birthInFlockHerd=N$birthYear=2020$birthMonth=3
Column: repYear code=2021;value=2021
Column: sampMatType code=S000A;value=S000A
Column: sampInfo code=origSampId=d99264e0-671f-40fe-97e0-8894fc3d80a1;value=origSampId=d99264e0-671f-40fe-97e0-8894fc3d80a1
Column: paramType code=P001A;value=P001A
Column: sampAnId code=w1;value=w1
Column: anMethRefId code=AT06A.F639A;value=AT06A.F639A
Column: sampCountry code=XE;value=XE
Column: paramCodeBaseTerm code=RF-00004889-PAR;value=RF-00004889-PAR
Column: resType code=BIN;value=BIN
Column: ReportId code=802;value=802
Column: progInfo code=tseTargetGroup=TG007A;value=tseTargetGroup=TG007A
Column: sampId code=w1;value=w1
Column: analysisY code=2021;value=2021
Column: anMethType code=AT06A;value=AT06A
Column: resId code=d99264e0-671f-40fe-97e0-8894fc3d80a1.000011;value=d99264e0-671f-40fe-97e0-8894fc3d80a1.000011
Column: sampD code=2;value=2
Column: anMethCode code=F639A;value=F639A
Column: sampArea code=MTZZ;value=MTZZ
Column: resQualValue code=POS;value=POS
Column: paramCode code=RF-00004889-PAR;value=RF-00004889-PAR
Column: sampUnitIds code=animalId=wa1$herdId=wh1$sampHoldingId=whl1;value=animalId=wa1$herdId=wh1$sampHoldingId=whl1
Column: anMatCode code=A04MQ#F01.A057G$F02.A16YL$F21.A07RV$F31.A16ND$F32.A0C8Z;value=A04MQ#F01.A057G$F02.A16YL$F21.A07RV$F31.A16ND$F32.A0C8Z
Column: anPortSeq code=1;value=1
Column: evalInfo code=tseNationalCaseId=w11$tseIndexCase=Y$sampEventAsses=J050A;value=tseNationalCaseId=w11$tseIndexCase=Y$sampEventAsses=J050A
Column: sampUnitType code=G199A;value=G199A
Column: repCountry code=XE;value=XE
Column: sampM code=1;value=1
Column: progLegalRef code=N123A;value=N123A

2023-08-24 09:58:05,554 WARN f.RelationFormula [Thread-5] No value was found for relation Relation: [SummarizedInformation] 1=>N [AnalyticalResults] for formula RELATION{SummarizedInformation,type.code} in ID: -1
Column: statusHerd code=XE$statusHerd;value=XE$statusHerd
Column: sampMatCode code=A04MQ#F01.A057P$F02.A16YL$F21.A07RV$F31.A16ND$F32.A0C8Z;value=A04MQ#F01.A057P$F02.A16YL$F21.A07RV$F31.A16ND$F32.A0C8Z
Column: sampEventId code=f6498608-8126-445c-8c60-147bf73657a9.A.sca1;value=f6498608-8126-445c-8c60-147bf73657a9.A.sca1
Column: sampY code=2021;value=2021
Column: progId code=f6498608-8126-445c-8c60-147bf73657a9.N123A.TG008A;value=f6498608-8126-445c-8c60-147bf73657a9.N123A.TG008A
Column: sampEventInfo code=birthCountry=XE$statusHerd=F$birthInFlockHerd=N$birthYear=2020$birthMonth=2;value=birthCountry=XE$statusHerd=F$birthInFlockHerd=N$birthYear=2020$birthMonth=2
Column: repYear code=2021;value=2021
Column: sampMatType code=S000A;value=S000A
Column: sampInfo code=origSampId=f6498608-8126-445c-8c60-147bf73657a9;value=origSampId=f6498608-8126-445c-8c60-147bf73657a9
Column: paramType code=P001A;value=P001A
Column: sampAnId code=sc1;value=sc1
Column: anMethRefId code=AT13A.F089A;value=AT13A.F089A
Column: sampCountry code=XE;value=XE
Column: paramCodeBaseTerm code=RF-00004891-PAR;value=RF-00004891-PAR
Column: resType code=BIN;value=BIN
Column: ReportId code=802;value=802
Column: progInfo code=tseTargetGroup=TG008A;value=tseTargetGroup=TG008A
Column: sampId code=sc1;value=sc1
Column: analysisY code=2021;value=2021
Column: anMethType code=AT13A;value=AT13A
Column: resId code=f6498608-8126-445c-8c60-147bf73657a9.000007;value=f6498608-8126-445c-8c60-147bf73657a9.000007
Column: sampD code=3;value=3
Column: anMethCode code=F089A;value=F089A
Column: sampArea code=MTZZ;value=MTZZ
Column: resQualValue code=POS;value=POS
Column: paramCode code=RF-00004891-PAR#allele=SK$allele=SK;value=RF-00004891-PAR#allele=SK$allele=SK
Column: sampUnitIds code=animalId=sca1$herdId=sch$sampHoldingId=schl;value=animalId=sca1$herdId=sch$sampHoldingId=schl
Column: anMatCode code=A04MQ#F01.A057P$F02.A16YL$F21.A07RV$F31.A16ND$F32.A0C8Z;value=A04MQ#F01.A057P$F02.A16YL$F21.A07RV$F31.A16ND$F32.A0C8Z
Column: anPortSeq code=1;value=1
Column: evalInfo code=tseNationalCaseId=sc11$tseIndexCase=Y$sampEventAsses=J045A;value=tseNationalCaseId=sc11$tseIndexCase=Y$sampEventAsses=J045A
Column: sampUnitType code=G199A;value=G199A
Column: repCountry code=XE;value=XE
Column: sampM code=1;value=1
Column: progLegalRef code=N123A;value=N123A

2023-08-24 09:58:05,591 WARN f.RelationFormula [Thread-5] No value was found for relation Relation: [SummarizedInformation] 1=>N [AnalyticalResults] for formula RELATION{SummarizedInformation,type.code} in ID: -1
Column: statusHerd code=XE$birthInFlockHerd;value=XE$birthInFlockHerd
Column: sampMatCode code=A04MQ#F01.A057E$F02.A16YL$F21.A07RV$F31.A16NK$F32.A0C8Z;value=A04MQ#F01.A057E$F02.A16YL$F21.A07RV$F31.A16NK$F32.A0C8Z
Column: sampEventId code=77a58f17-6ed3-4389-8e09-9f3a4866a492.A.fa1;value=77a58f17-6ed3-4389-8e09-9f3a4866a492.A.fa1
Column: sampY code=2021;value=2021
Column: progId code=77a58f17-6ed3-4389-8e09-9f3a4866a492.N123A.TG001A;value=77a58f17-6ed3-4389-8e09-9f3a4866a492.N123A.TG001A
Column: sampEventInfo code=birthCountry=XE$birthInFlockHerd=N$birthYear=2020$birthMonth=3;value=birthCountry=XE$birthInFlockHerd=N$birthYear=2020$birthMonth=3
Column: repYear code=2021;value=2021
Column: sampMatType code=S000A;value=S000A
Column: sampInfo code=origSampId=77a58f17-6ed3-4389-8e09-9f3a4866a492;value=origSampId=77a58f17-6ed3-4389-8e09-9f3a4866a492
Column: paramType code=P001A;value=P001A
Column: sampAnId code=f1;value=f1
Column: anMethRefId code=AT06A.F639A;value=AT06A.F639A
Column: sampCountry code=XE;value=XE
Column: paramCodeBaseTerm code=RF-00004884-PAR;value=RF-00004884-PAR
Column: resType code=BIN;value=BIN
Column: ReportId code=802;value=802
Column: progInfo code=tseTargetGroup=TG001A;value=tseTargetGroup=TG001A
Column: sampId code=f1;value=f1
Column: analysisY code=2021;value=2021
Column: anMethType code=AT06A;value=AT06A
Column: resId code=77a58f17-6ed3-4389-8e09-9f3a4866a492.000003;value=77a58f17-6ed3-4389-8e09-9f3a4866a492.000003
Column: sampD code=4;value=4
Column: anMethCode code=F639A;value=F639A
Column: sampArea code=MTZZ;value=MTZZ
Column: resQualValue code=POS;value=POS
Column: paramCode code=RF-00004884-PAR;value=RF-00004884-PAR
Column: sampUnitIds code=animalId=fa1$herdId=fh1$sampHoldingId=fhl1;value=animalId=fa1$herdId=fh1$sampHoldingId=fhl1
Column: anMatCode code=A04MQ#F01.A057E$F02.A16YL$F21.A07RV$F31.A16NK$F32.A0C8Z;value=A04MQ#F01.A057E$F02.A16YL$F21.A07RV$F31.A16NK$F32.A0C8Z
Column: anPortSeq code=1;value=1
Column: evalInfo code=tseNationalCaseId=f11$tseIndexCase=Y$sampEventAsses=J050A;value=tseNationalCaseId=f11$tseIndexCase=Y$sampEventAsses=J050A
Column: sampUnitType code=G199A;value=G199A
Column: repCountry code=XE;value=XE
Column: sampM code=1;value=1
Column: progLegalRef code=N123A;value=N123A

2023-08-24 09:58:05,629 WARN f.RelationFormula [Thread-5] No value was found for relation Relation: [SummarizedInformation] 1=>N [AnalyticalResults] for formula RELATION{SummarizedInformation,type.code} in ID: -1
Column: statusHerd code=XE$statusHerd;value=XE$statusHerd
Column: sampMatCode code=A04MQ#F01.A057P$F02.A16YL$F21.A07RV$F31.A16ND$F32.A0C8Z;value=A04MQ#F01.A057P$F02.A16YL$F21.A07RV$F31.A16ND$F32.A0C8Z
Column: sampEventId code=f6498608-8126-445c-8c60-147bf73657a9.A.sca1;value=f6498608-8126-445c-8c60-147bf73657a9.A.sca1
Column: sampY code=2021;value=2021
Column: progId code=f6498608-8126-445c-8c60-147bf73657a9.N123A.TG008A;value=f6498608-8126-445c-8c60-147bf73657a9.N123A.TG008A
Column: sampEventInfo code=birthCountry=XE$statusHerd=F$birthInFlockHerd=N$birthYear=2020$birthMonth=2;value=birthCountry=XE$statusHerd=F$birthInFlockHerd=N$birthYear=2020$birthMonth=2
Column: repYear code=2021;value=2021
Column: sampMatType code=S000A;value=S000A
Column: sampInfo code=origSampId=f6498608-8126-445c-8c60-147bf73657a9;value=origSampId=f6498608-8126-445c-8c60-147bf73657a9
Column: paramType code=P001A;value=P001A
Column: sampAnId code=sc1;value=sc1
Column: anMethRefId code=AT12A.F622A;value=AT12A.F622A
Column: sampCountry code=XE;value=XE
Column: paramCodeBaseTerm code=RF-00004891-PAR;value=RF-00004891-PAR
Column: resType code=BIN;value=BIN
Column: ReportId code=802;value=802
Column: progInfo code=tseTargetGroup=TG008A;value=tseTargetGroup=TG008A
Column: sampId code=sc1;value=sc1
Column: analysisY code=2021;value=2021
Column: anMethType code=AT12A;value=AT12A
Column: resId code=f6498608-8126-445c-8c60-147bf73657a9.000006;value=f6498608-8126-445c-8c60-147bf73657a9.000006
Column: sampD code=3;value=3
Column: anMethCode code=F622A;value=F622A
Column: sampArea code=MTZZ;value=MTZZ
Column: resQualValue code=POS;value=POS
Column: paramCode code=RF-00004891-PAR;value=RF-00004891-PAR
Column: sampUnitIds code=animalId=sca1$herdId=sch$sampHoldingId=schl;value=animalId=sca1$herdId=sch$sampHoldingId=schl
Column: anMatCode code=A04MQ#F01.A057P$F02.A16YL$F21.A07RV$F31.A16ND$F32.A0C8Z;value=A04MQ#F01.A057P$F02.A16YL$F21.A07RV$F31.A16ND$F32.A0C8Z
Column: anPortSeq code=1;value=1
Column: evalInfo code=tseNationalCaseId=sc11$tseIndexCase=Y$sampEventAsses=J045A;value=tseNationalCaseId=sc11$tseIndexCase=Y$sampEventAsses=J045A
Column: sampUnitType code=G199A;value=G199A
Column: repCountry code=XE;value=XE
Column: sampM code=1;value=1
Column: progLegalRef code=N123A;value=N123A

2023-08-24 09:58:05,667 WARN f.RelationFormula [Thread-5] No value was found for relation Relation: [SummarizedInformation] 1=>N [AnalyticalResults] for formula RELATION{SummarizedInformation,type.code} in ID: -1
Column: statusHerd code=XE$statusHerd;value=XE$statusHerd
Column: sampMatCode code=A04MQ#F01.A057P$F02.A16YL$F21.A07RV$F31.A16ND$F32.A0C8Z;value=A04MQ#F01.A057P$F02.A16YL$F21.A07RV$F31.A16ND$F32.A0C8Z
Column: sampEventId code=f6498608-8126-445c-8c60-147bf73657a9.A.sca1;value=f6498608-8126-445c-8c60-147bf73657a9.A.sca1
Column: sampY code=2021;value=2021
Column: progId code=f6498608-8126-445c-8c60-147bf73657a9.N123A.TG008A;value=f6498608-8126-445c-8c60-147bf73657a9.N123A.TG008A
Column: sampEventInfo code=birthCountry=XE$statusHerd=F$birthInFlockHerd=N$birthYear=2020$birthMonth=2;value=birthCountry=XE$statusHerd=F$birthInFlockHerd=N$birthYear=2020$birthMonth=2
Column: repYear code=2021;value=2021
Column: sampMatType code=S000A;value=S000A
Column: sampInfo code=origSampId=f6498608-8126-445c-8c60-147bf73657a9;value=origSampId=f6498608-8126-445c-8c60-147bf73657a9
Column: paramType code=P001A;value=P001A
Column: sampAnId code=sc1;value=sc1
Column: anMethRefId code=AT06A.F639A;value=AT06A.F639A
Column: sampCountry code=XE;value=XE
Column: paramCodeBaseTerm code=RF-00004889-PAR;value=RF-00004889-PAR
Column: resType code=BIN;value=BIN
Column: ReportId code=802;value=802
Column: progInfo code=tseTargetGroup=TG008A;value=tseTargetGroup=TG008A
Column: sampId code=sc1;value=sc1
Column: analysisY code=2021;value=2021
Column: anMethType code=AT06A;value=AT06A
Column: resId code=f6498608-8126-445c-8c60-147bf73657a9.000005;value=f6498608-8126-445c-8c60-147bf73657a9.000005
Column: sampD code=3;value=3
Column: anMethCode code=F639A;value=F639A
Column: sampArea code=MTZZ;value=MTZZ
Column: resQualValue code=POS;value=POS
Column: paramCode code=RF-00004889-PAR;value=RF-00004889-PAR
Column: sampUnitIds code=animalId=sca1$herdId=sch$sampHoldingId=schl;value=animalId=sca1$herdId=sch$sampHoldingId=schl
Column: anMatCode code=A04MQ#F01.A057P$F02.A16YL$F21.A07RV$F31.A16ND$F32.A0C8Z;value=A04MQ#F01.A057P$F02.A16YL$F21.A07RV$F31.A16ND$F32.A0C8Z
Column: anPortSeq code=1;value=1
Column: evalInfo code=tseNationalCaseId=sc11$tseIndexCase=Y$sampEventAsses=J045A;value=tseNationalCaseId=sc11$tseIndexCase=Y$sampEventAsses=J045A
Column: sampUnitType code=G199A;value=G199A
Column: repCountry code=XE;value=XE
Column: sampM code=1;value=1
Column: progLegalRef code=N123A;value=N123A

2023-08-24 09:58:05,703 WARN f.RelationFormula [Thread-5] No value was found for relation Relation: [SummarizedInformation] 1=>N [AnalyticalResults] for formula RELATION{SummarizedInformation,type.code} in ID: -1
Column: statusHerd code=XE$birthInFlockHerd;value=XE$birthInFlockHerd
Column: sampMatCode code=A04MQ#F01.A057E$F02.A16YL$F21.A07RV$F31.A16NK$F32.A0C8Z;value=A04MQ#F01.A057E$F02.A16YL$F21.A07RV$F31.A16NK$F32.A0C8Z
Column: sampEventId code=77a58f17-6ed3-4389-8e09-9f3a4866a492.A.fa1;value=77a58f17-6ed3-4389-8e09-9f3a4866a492.A.fa1
Column: sampY code=2021;value=2021
Column: progId code=77a58f17-6ed3-4389-8e09-9f3a4866a492.N123A.TG001A;value=77a58f17-6ed3-4389-8e09-9f3a4866a492.N123A.TG001A
Column: sampEventInfo code=birthCountry=XE$birthInFlockHerd=N$birthYear=2020$birthMonth=3;value=birthCountry=XE$birthInFlockHerd=N$birthYear=2020$birthMonth=3
Column: repYear code=2021;value=2021
Column: sampMatType code=S000A;value=S000A
Column: sampInfo code=origSampId=77a58f17-6ed3-4389-8e09-9f3a4866a492;value=origSampId=77a58f17-6ed3-4389-8e09-9f3a4866a492
Column: paramType code=P001A;value=P001A
Column: sampAnId code=f1;value=f1
Column: anMethRefId code=AT12A.F661A;value=AT12A.F661A
Column: sampCountry code=XE;value=XE
Column: paramCodeBaseTerm code=RF-00004888-PAR;value=RF-00004888-PAR
Column: resType code=BIN;value=BIN
Column: ReportId code=802;value=802
Column: progInfo code=tseTargetGroup=TG001A;value=tseTargetGroup=TG001A
Column: sampId code=f1;value=f1
Column: analysisY code=2021;value=2021
Column: anMethType code=AT12A;value=AT12A
Column: resId code=77a58f17-6ed3-4389-8e09-9f3a4866a492.000004;value=77a58f17-6ed3-4389-8e09-9f3a4866a492.000004
Column: sampD code=4;value=4
Column: anMethCode code=F661A;value=F661A
Column: sampArea code=MTZZ;value=MTZZ
Column: resQualValue code=POS;value=POS
Column: paramCode code=RF-00004888-PAR;value=RF-00004888-PAR
Column: sampUnitIds code=animalId=fa1$herdId=fh1$sampHoldingId=fhl1;value=animalId=fa1$herdId=fh1$sampHoldingId=fhl1
Column: anMatCode code=A04MQ#F01.A057E$F02.A16YL$F21.A07RV$F31.A16NK$F32.A0C8Z;value=A04MQ#F01.A057E$F02.A16YL$F21.A07RV$F31.A16NK$F32.A0C8Z
Column: anPortSeq code=1;value=1
Column: evalInfo code=tseNationalCaseId=f11$tseIndexCase=Y$sampEventAsses=J050A;value=tseNationalCaseId=f11$tseIndexCase=Y$sampEventAsses=J050A
Column: sampUnitType code=G199A;value=G199A
Column: repCountry code=XE;value=XE
Column: sampM code=1;value=1
Column: progLegalRef code=N123A;value=N123A

2023-08-24 09:58:05,746 WARN f.RelationFormula [Thread-5] No value was found for relation Relation: [SummarizedInformation] 1=>N [AnalyticalResults] for formula RELATION{SummarizedInformation,type.code} in ID: -1
Column: statusHerd code=XE$birthInFlockHerd;value=XE$birthInFlockHerd
Column: sampMatCode code=A04MQ#F01.A057E$F02.A16YL$F21.A07RV$F31.A16NK$F32.A0C8Z;value=A04MQ#F01.A057E$F02.A16YL$F21.A07RV$F31.A16NK$F32.A0C8Z
Column: sampEventId code=6ce5d44f-c17b-4963-b18b-76e57683e70d.A.ba1;value=6ce5d44f-c17b-4963-b18b-76e57683e70d.A.ba1
Column: sampY code=2021;value=2021
Column: progId code=6ce5d44f-c17b-4963-b18b-76e57683e70d.N123A.TG004A;value=6ce5d44f-c17b-4963-b18b-76e57683e70d.N123A.TG004A
Column: sampEventInfo code=birthCountry=XE$birthInFlockHerd=N$birthYear=2020$birthMonth=3;value=birthCountry=XE$birthInFlockHerd=N$birthYear=2020$birthMonth=3
Column: repYear code=2021;value=2021
Column: sampMatType code=S000A;value=S000A
Column: sampInfo code=origSampId=6ce5d44f-c17b-4963-b18b-76e57683e70d;value=origSampId=6ce5d44f-c17b-4963-b18b-76e57683e70d
Column: paramType code=P001A;value=P001A
Column: sampAnId code=b1;value=b1
Column: anMethRefId code=AT12A.F661A;value=AT12A.F661A
Column: sampCountry code=XE;value=XE
Column: paramCodeBaseTerm code=RF-00004885-PAR;value=RF-00004885-PAR
Column: resType code=BIN;value=BIN
Column: ReportId code=802;value=802
Column: progInfo code=tseTargetGroup=TG004A;value=tseTargetGroup=TG004A
Column: sampId code=b1;value=b1
Column: analysisY code=2021;value=2021
Column: anMethType code=AT12A;value=AT12A
Column: resId code=6ce5d44f-c17b-4963-b18b-76e57683e70d.000002;value=6ce5d44f-c17b-4963-b18b-76e57683e70d.000002
Column: sampD code=3;value=3
Column: anMethCode code=F661A;value=F661A
Column: sampArea code=MTZZ;value=MTZZ
Column: resQualValue code=POS;value=POS
Column: paramCode code=RF-00004885-PAR;value=RF-00004885-PAR
Column: sampUnitIds code=animalId=ba1$herdId=bh1$sampHoldingId=bhl1;value=animalId=ba1$herdId=bh1$sampHoldingId=bhl1
Column: anMatCode code=A04MQ#F01.A057E$F02.A16YL$F21.A07RV$F31.A16NK$F32.A0C8Z;value=A04MQ#F01.A057E$F02.A16YL$F21.A07RV$F31.A16NK$F32.A0C8Z
Column: anPortSeq code=1;value=1
Column: evalInfo code=tseNationalCaseId=b11$tseIndexCase=Y$sampEventAsses=J046A;value=tseNationalCaseId=b11$tseIndexCase=Y$sampEventAsses=J046A
Column: sampUnitType code=G199A;value=G199A
Column: repCountry code=XE;value=XE
Column: sampM code=1;value=1
Column: progLegalRef code=N123A;value=N123A

2023-08-24 09:58:05,788 WARN f.RelationFormula [Thread-5] No value was found for relation Relation: [SummarizedInformation] 1=>N [AnalyticalResults] for formula RELATION{SummarizedInformation,type.code} in ID: -1
Column: statusHerd code=XE$birthInFlockHerd;value=XE$birthInFlockHerd
Column: sampMatCode code=A04MQ#F01.A057E$F02.A16YL$F21.A07RV$F31.A16NK$F32.A0C8Z;value=A04MQ#F01.A057E$F02.A16YL$F21.A07RV$F31.A16NK$F32.A0C8Z
Column: sampEventId code=6ce5d44f-c17b-4963-b18b-76e57683e70d.A.ba1;value=6ce5d44f-c17b-4963-b18b-76e57683e70d.A.ba1
Column: sampY code=2021;value=2021
Column: progId code=6ce5d44f-c17b-4963-b18b-76e57683e70d.N123A.TG004A;value=6ce5d44f-c17b-4963-b18b-76e57683e70d.N123A.TG004A
Column: sampEventInfo code=birthCountry=XE$birthInFlockHerd=N$birthYear=2020$birthMonth=3;value=birthCountry=XE$birthInFlockHerd=N$birthYear=2020$birthMonth=3
Column: repYear code=2021;value=2021
Column: sampMatType code=S000A;value=S000A
Column: sampInfo code=origSampId=6ce5d44f-c17b-4963-b18b-76e57683e70d;value=origSampId=6ce5d44f-c17b-4963-b18b-76e57683e70d
Column: paramType code=P001A;value=P001A
Column: sampAnId code=b1;value=b1
Column: anMethRefId code=AT06A.F639A;value=AT06A.F639A
Column: sampCountry code=XE;value=XE
Column: paramCodeBaseTerm code=RF-00004884-PAR;value=RF-00004884-PAR
Column: resType code=BIN;value=BIN
Column: ReportId code=802;value=802
Column: progInfo code=tseTargetGroup=TG004A;value=tseTargetGroup=TG004A
Column: sampId code=b1;value=b1
Column: analysisY code=2021;value=2021
Column: anMethType code=AT06A;value=AT06A
Column: resId code=6ce5d44f-c17b-4963-b18b-76e57683e70d.000001;value=6ce5d44f-c17b-4963-b18b-76e57683e70d.000001
Column: sampD code=3;value=3
Column: anMethCode code=F639A;value=F639A
Column: sampArea code=MTZZ;value=MTZZ
Column: resQualValue code=POS;value=POS
Column: paramCode code=RF-00004884-PAR;value=RF-00004884-PAR
Column: sampUnitIds code=animalId=ba1$herdId=bh1$sampHoldingId=bhl1;value=animalId=ba1$herdId=bh1$sampHoldingId=bhl1
Column: anMatCode code=A04MQ#F01.A057E$F02.A16YL$F21.A07RV$F31.A16NK$F32.A0C8Z;value=A04MQ#F01.A057E$F02.A16YL$F21.A07RV$F31.A16NK$F32.A0C8Z
Column: anPortSeq code=1;value=1
Column: evalInfo code=tseNationalCaseId=b11$tseIndexCase=Y$sampEventAsses=J046A;value=tseNationalCaseId=b11$tseIndexCase=Y$sampEventAsses=J046A
Column: sampUnitType code=G199A;value=G199A
Column: repCountry code=XE;value=XE
Column: sampM code=1;value=1
Column: progLegalRef code=N123A;value=N123A

2023-08-24 09:58:38,287 ERROR t.Database [main] Error in shutting down the database
java.sql.SQLNonTransientConnectionException: Database 'database\' shutdown.
	at org.apache.derby.impl.jdbc.SQLExceptionFactory.getSQLException(Unknown Source) ~[derby-10.14.2.0.jar:?]
	at org.apache.derby.impl.jdbc.Util.generateCsSQLException(Unknown Source) ~[derby-10.14.2.0.jar:?]
	at org.apache.derby.impl.jdbc.TransactionResourceImpl.wrapInSQLException(Unknown Source) ~[derby-10.14.2.0.jar:?]
	at org.apache.derby.impl.jdbc.TransactionResourceImpl.handleException(Unknown Source) ~[derby-10.14.2.0.jar:?]
	at org.apache.derby.impl.jdbc.EmbedConnection.handleException(Unknown Source) ~[derby-10.14.2.0.jar:?]
	at org.apache.derby.impl.jdbc.EmbedConnection.<init>(Unknown Source) ~[derby-10.14.2.0.jar:?]
	at org.apache.derby.jdbc.InternalDriver$1.run(Unknown Source) ~[derby-10.14.2.0.jar:?]
	at org.apache.derby.jdbc.InternalDriver$1.run(Unknown Source) ~[derby-10.14.2.0.jar:?]
	at java.security.AccessController.doPrivileged(Native Method) ~[?:1.8.0_382]
	at org.apache.derby.jdbc.InternalDriver.getNewEmbedConnection(Unknown Source) ~[derby-10.14.2.0.jar:?]
	at org.apache.derby.jdbc.InternalDriver.connect(Unknown Source) ~[derby-10.14.2.0.jar:?]
	at org.apache.derby.jdbc.InternalDriver.connect(Unknown Source) ~[derby-10.14.2.0.jar:?]
	at org.apache.derby.jdbc.AutoloadedDriver.connect(Unknown Source) ~[derby-10.14.2.0.jar:?]
	at java.sql.DriverManager.getConnection(DriverManager.java:664) ~[?:1.8.0_382]
	at java.sql.DriverManager.getConnection(DriverManager.java:270) ~[?:1.8.0_382]
	at table_database.Database.shutdown(Database.java:207) [classes/:?]
	at tse_main.StartUI.shutdown(StartUI.java:156) [classes/:?]
	at tse_main.StartUI.main(StartUI.java:198) [classes/:?]
Caused by: org.apache.derby.iapi.error.StandardException: Database 'database\' shutdown.
	at org.apache.derby.iapi.error.StandardException.newException(Unknown Source) ~[derby-10.14.2.0.jar:?]
	at org.apache.derby.iapi.error.StandardException.newException(Unknown Source) ~[derby-10.14.2.0.jar:?]
	at org.apache.derby.impl.jdbc.TransactionResourceImpl.shutdownDatabaseException(Unknown Source) ~[derby-10.14.2.0.jar:?]
	... 13 more
