2023-08-21 14:22:08,756 ERROR t.TableDao [main] Wrong integer field PreferencesId with value 
java.lang.NumberFormatException: For input string: ""
	at java.lang.NumberFormatException.forInputString(NumberFormatException.java:65) ~[?:1.8.0_382]
	at java.lang.Integer.parseInt(Integer.java:592) ~[?:1.8.0_382]
	at java.lang.Integer.valueOf(Integer.java:766) ~[?:1.8.0_382]
	at table_database.TableDao.setParameters(TableDao.java:186) ~[classes/:?]
	at table_database.TableDao.add(TableDao.java:221) ~[classes/:?]
	at providers.TableDaoService.add(TableDaoService.java:18) ~[classes/:?]
	at providers.TseReportService.createAggregatedReport(TseReportService.java:284) ~[classes/:?]
	at tse_amend_report.MassAmendListDialog$1.widgetSelected(MassAmendListDialog.java:62) ~[classes/:?]
	at org.eclipse.swt.widgets.TypedListener.handleEvent(Unknown Source) ~[swt.win64-3.655.jar:?]
	at org.eclipse.swt.widgets.EventTable.sendEvent(Unknown Source) ~[swt.win64-3.655.jar:?]
	at org.eclipse.swt.widgets.Widget.sendEvent(Unknown Source) ~[swt.win64-3.655.jar:?]
	at org.eclipse.swt.widgets.Display.runDeferredEvents(Unknown Source) ~[swt.win64-3.655.jar:?]
	at org.eclipse.swt.widgets.Display.readAndDispatch(Unknown Source) ~[swt.win64-3.655.jar:?]
	at tse_amend_report.MassAmendListDialog.open(MassAmendListDialog.java:192) ~[classes/:?]
	at tse_amend_report.ReportAmenderDialog$1.finished(ReportAmenderDialog.java:75) ~[classes/:?]
	at tse_amend_report.ReportAmenderDialog$2.lambda$finished$0(ReportAmenderDialog.java:165) ~[classes/:?]
	at org.eclipse.swt.widgets.RunnableLock.run(Unknown Source) [swt.win64-3.655.jar:?]
	at org.eclipse.swt.widgets.Synchronizer.runAsyncMessages(Unknown Source) [swt.win64-3.655.jar:?]
	at org.eclipse.swt.widgets.Display.runAsyncMessages(Unknown Source) [swt.win64-3.655.jar:?]
	at org.eclipse.swt.widgets.Display.readAndDispatch(Unknown Source) [swt.win64-3.655.jar:?]
	at tse_main.StartUI.launch(StartUI.java:368) [classes/:?]
	at tse_main.StartUI.main(StartUI.java:197) [classes/:?]
2023-08-21 14:22:08,779 ERROR t.TableDao [main] Cannot add row to the table
java.sql.SQLException: At least one parameter to the current statement is uninitialized.
	at org.apache.derby.impl.jdbc.SQLExceptionFactory.getSQLException(Unknown Source) ~[derby-10.14.2.0.jar:?]
	at org.apache.derby.impl.jdbc.Util.generateCsSQLException(Unknown Source) ~[derby-10.14.2.0.jar:?]
	at org.apache.derby.impl.jdbc.TransactionResourceImpl.wrapInSQLException(Unknown Source) ~[derby-10.14.2.0.jar:?]
	at org.apache.derby.impl.jdbc.TransactionResourceImpl.handleException(Unknown Source) ~[derby-10.14.2.0.jar:?]
	at org.apache.derby.impl.jdbc.EmbedConnection.handleException(Unknown Source) ~[derby-10.14.2.0.jar:?]
	at org.apache.derby.impl.jdbc.ConnectionChild.handleException(Unknown Source) ~[derby-10.14.2.0.jar:?]
	at org.apache.derby.impl.jdbc.EmbedStatement.executeStatement(Unknown Source) ~[derby-10.14.2.0.jar:?]
	at org.apache.derby.impl.jdbc.EmbedPreparedStatement.executeStatement(Unknown Source) ~[derby-10.14.2.0.jar:?]
	at org.apache.derby.impl.jdbc.EmbedPreparedStatement.executeLargeUpdate(Unknown Source) ~[derby-10.14.2.0.jar:?]
	at org.apache.derby.impl.jdbc.EmbedPreparedStatement.executeUpdate(Unknown Source) ~[derby-10.14.2.0.jar:?]
	at table_database.TableDao.add(TableDao.java:224) ~[classes/:?]
	at providers.TableDaoService.add(TableDaoService.java:18) ~[classes/:?]
	at providers.TseReportService.createAggregatedReport(TseReportService.java:284) ~[classes/:?]
	at tse_amend_report.MassAmendListDialog$1.widgetSelected(MassAmendListDialog.java:62) ~[classes/:?]
	at org.eclipse.swt.widgets.TypedListener.handleEvent(Unknown Source) ~[swt.win64-3.655.jar:?]
	at org.eclipse.swt.widgets.EventTable.sendEvent(Unknown Source) ~[swt.win64-3.655.jar:?]
	at org.eclipse.swt.widgets.Widget.sendEvent(Unknown Source) ~[swt.win64-3.655.jar:?]
	at org.eclipse.swt.widgets.Display.runDeferredEvents(Unknown Source) ~[swt.win64-3.655.jar:?]
	at org.eclipse.swt.widgets.Display.readAndDispatch(Unknown Source) ~[swt.win64-3.655.jar:?]
	at tse_amend_report.MassAmendListDialog.open(MassAmendListDialog.java:192) ~[classes/:?]
	at tse_amend_report.ReportAmenderDialog$1.finished(ReportAmenderDialog.java:75) ~[classes/:?]
	at tse_amend_report.ReportAmenderDialog$2.lambda$finished$0(ReportAmenderDialog.java:165) ~[classes/:?]
	at org.eclipse.swt.widgets.RunnableLock.run(Unknown Source) [swt.win64-3.655.jar:?]
	at org.eclipse.swt.widgets.Synchronizer.runAsyncMessages(Unknown Source) [swt.win64-3.655.jar:?]
	at org.eclipse.swt.widgets.Display.runAsyncMessages(Unknown Source) [swt.win64-3.655.jar:?]
	at org.eclipse.swt.widgets.Display.readAndDispatch(Unknown Source) [swt.win64-3.655.jar:?]
	at tse_main.StartUI.launch(StartUI.java:368) [classes/:?]
	at tse_main.StartUI.main(StartUI.java:197) [classes/:?]
Caused by: org.apache.derby.iapi.error.StandardException: At least one parameter to the current statement is uninitialized.
	at org.apache.derby.iapi.error.StandardException.newException(Unknown Source) ~[derby-10.14.2.0.jar:?]
	at org.apache.derby.iapi.error.StandardException.newException(Unknown Source) ~[derby-10.14.2.0.jar:?]
	at org.apache.derby.impl.sql.execute.BaseActivation.throwIfMissingParms(Unknown Source) ~[derby-10.14.2.0.jar:?]
	at org.apache.derby.exe.ac1c16805cx018ax17d2x5dd3x0000152008980.reinit(Unknown Source) ~[?:?]
	at org.apache.derby.impl.sql.execute.BaseActivation.execute(Unknown Source) ~[derby-10.14.2.0.jar:?]
	at org.apache.derby.impl.sql.GenericActivationHolder.execute(Unknown Source) ~[derby-10.14.2.0.jar:?]
	at org.apache.derby.impl.sql.GenericPreparedStatement.executeStmt(Unknown Source) ~[derby-10.14.2.0.jar:?]
	at org.apache.derby.impl.sql.GenericPreparedStatement.execute(Unknown Source) ~[derby-10.14.2.0.jar:?]
	... 22 more
2023-08-21 14:22:08,784 ERROR t.TableDao [main] Errors in adding ID: -1
 to APP.Report
