2023-08-24 14:43:21,590 ERROR t.TableDao [main] IMPORTANT: The element F638A is missing in the picklist anlymdLists in the picklists\ folder. Putting an empty value.
2023-08-24 14:43:21,815 ERROR t.TableDao [main] IMPORTANT: The element F626A is missing in the picklist anlymdLists in the picklists\ folder. Putting an empty value.
2023-08-24 14:43:21,838 ERROR t.Relation [main] No relation found for Settings 1=>N CasesInformation
2023-08-24 14:43:21,849 ERROR t.Relation [main] No relation found for Preferences 1=>N CasesInformation
2023-08-24 14:43:21,861 ERROR t.Relation [main] No relation found for Settings 1=>N AnalyticalResults
2023-08-24 14:43:21,864 ERROR t.Relation [main] No relation found for Preferences 1=>N AnalyticalResults
2023-08-24 14:43:21,879 ERROR t.Relation [main] No relation found for Settings 1=>N AnalyticalResults
2023-08-24 14:43:21,881 ERROR t.Relation [main] No relation found for Preferences 1=>N AnalyticalResults
2023-08-24 14:43:21,886 ERROR t.Relation [main] No relation found for Settings 1=>N AnalyticalResults
2023-08-24 14:43:21,889 ERROR t.Relation [main] No relation found for Preferences 1=>N AnalyticalResults
2023-08-24 14:43:21,969 ERROR t.TableDao [main] IMPORTANT: The element F638A is missing in the picklist anlymdLists in the picklists\ folder. Putting an empty value.
2023-08-24 14:43:22,058 ERROR t.TableDao [main] IMPORTANT: The element F626A is missing in the picklist anlymdLists in the picklists\ folder. Putting an empty value.
2023-08-24 14:43:22,097 ERROR t.Relation [main] No relation found for Settings 1=>N CasesInformation
2023-08-24 14:43:22,100 ERROR t.Relation [main] No relation found for Preferences 1=>N CasesInformation
2023-08-24 14:43:22,104 ERROR t.Relation [main] No relation found for Settings 1=>N AnalyticalResults
2023-08-24 14:43:22,106 ERROR t.Relation [main] No relation found for Preferences 1=>N AnalyticalResults
2023-08-24 14:43:22,112 ERROR t.Relation [main] No relation found for Settings 1=>N AnalyticalResults
2023-08-24 14:43:22,115 ERROR t.Relation [main] No relation found for Preferences 1=>N AnalyticalResults
2023-08-24 14:43:22,119 ERROR t.Relation [main] No relation found for Settings 1=>N AnalyticalResults
2023-08-24 14:43:22,121 ERROR t.Relation [main] No relation found for Preferences 1=>N AnalyticalResults
2023-08-24 14:43:22,195 ERROR t.TableDao [main] IMPORTANT: The element F638A is missing in the picklist anlymdLists in the picklists\ folder. Putting an empty value.
2023-08-24 14:43:22,276 ERROR t.TableDao [main] IMPORTANT: The element F626A is missing in the picklist anlymdLists in the picklists\ folder. Putting an empty value.
2023-08-24 14:43:22,307 ERROR t.Relation [main] No relation found for Settings 1=>N CasesInformation
2023-08-24 14:43:22,310 ERROR t.Relation [main] No relation found for Preferences 1=>N CasesInformation
2023-08-24 14:43:22,316 ERROR t.Relation [main] No relation found for Settings 1=>N AnalyticalResults
2023-08-24 14:43:22,318 ERROR t.Relation [main] No relation found for Preferences 1=>N AnalyticalResults
2023-08-24 14:43:22,322 ERROR t.Relation [main] No relation found for Settings 1=>N AnalyticalResults
2023-08-24 14:43:22,324 ERROR t.Relation [main] No relation found for Preferences 1=>N AnalyticalResults
2023-08-24 14:43:22,329 ERROR t.Relation [main] No relation found for Settings 1=>N AnalyticalResults
2023-08-24 14:43:22,331 ERROR t.Relation [main] No relation found for Preferences 1=>N AnalyticalResults
2023-08-24 14:43:22,415 ERROR t.TableDao [main] IMPORTANT: The element F638A is missing in the picklist anlymdLists in the picklists\ folder. Putting an empty value.
2023-08-24 14:43:22,483 ERROR t.TableDao [main] IMPORTANT: The element F626A is missing in the picklist anlymdLists in the picklists\ folder. Putting an empty value.
2023-08-24 14:43:22,502 ERROR t.Relation [main] No relation found for Settings 1=>N CasesInformation
2023-08-24 14:43:22,506 ERROR t.Relation [main] No relation found for Preferences 1=>N CasesInformation
2023-08-24 14:43:22,511 ERROR t.Relation [main] No relation found for Settings 1=>N AnalyticalResults
2023-08-24 14:43:22,515 ERROR t.Relation [main] No relation found for Preferences 1=>N AnalyticalResults
2023-08-24 14:43:22,520 ERROR t.Relation [main] No relation found for Settings 1=>N AnalyticalResults
2023-08-24 14:43:22,524 ERROR t.Relation [main] No relation found for Preferences 1=>N AnalyticalResults
2023-08-24 14:43:22,529 ERROR t.Relation [main] No relation found for Settings 1=>N AnalyticalResults
2023-08-24 14:43:22,532 ERROR t.Relation [main] No relation found for Preferences 1=>N AnalyticalResults
2023-08-24 14:44:17,112 ERROR t.TableDao [main] IMPORTANT: The element F638A is missing in the picklist anlymdLists in the picklists\ folder. Putting an empty value.
2023-08-24 14:44:17,272 ERROR t.TableDao [main] IMPORTANT: The element F626A is missing in the picklist anlymdLists in the picklists\ folder. Putting an empty value.
2023-08-24 14:44:17,286 ERROR t.Relation [main] No relation found for Settings 1=>N CasesInformation
2023-08-24 14:44:17,288 ERROR t.Relation [main] No relation found for Preferences 1=>N CasesInformation
2023-08-24 14:44:17,290 ERROR t.Relation [main] No relation found for Settings 1=>N AnalyticalResults
2023-08-24 14:44:17,292 ERROR t.Relation [main] No relation found for Preferences 1=>N AnalyticalResults
2023-08-24 14:44:17,296 ERROR t.Relation [main] No relation found for Settings 1=>N AnalyticalResults
2023-08-24 14:44:17,297 ERROR t.Relation [main] No relation found for Preferences 1=>N AnalyticalResults
2023-08-24 14:44:17,301 ERROR t.Relation [main] No relation found for Settings 1=>N AnalyticalResults
2023-08-24 14:44:17,303 ERROR t.Relation [main] No relation found for Preferences 1=>N AnalyticalResults
2023-08-24 14:44:17,368 ERROR t.TableDao [main] IMPORTANT: The element F638A is missing in the picklist anlymdLists in the picklists\ folder. Putting an empty value.
2023-08-24 14:44:17,440 ERROR t.TableDao [main] IMPORTANT: The element F626A is missing in the picklist anlymdLists in the picklists\ folder. Putting an empty value.
2023-08-24 14:44:17,457 ERROR t.Relation [main] No relation found for Settings 1=>N CasesInformation
2023-08-24 14:44:17,459 ERROR t.Relation [main] No relation found for Preferences 1=>N CasesInformation
2023-08-24 14:44:17,463 ERROR t.Relation [main] No relation found for Settings 1=>N AnalyticalResults
2023-08-24 14:44:17,465 ERROR t.Relation [main] No relation found for Preferences 1=>N AnalyticalResults
2023-08-24 14:44:17,469 ERROR t.Relation [main] No relation found for Settings 1=>N AnalyticalResults
2023-08-24 14:44:17,471 ERROR t.Relation [main] No relation found for Preferences 1=>N AnalyticalResults
2023-08-24 14:44:17,475 ERROR t.Relation [main] No relation found for Settings 1=>N AnalyticalResults
2023-08-24 14:44:17,477 ERROR t.Relation [main] No relation found for Preferences 1=>N AnalyticalResults
