2023-08-11 16:06:33,055 FATAL t.StartUI [main] Generic error occurred
org.eclipse.swt.SWTException: Failed to execute runnable (org.eclipse.core.runtime.AssertionFailedException: null argument:)
	at org.eclipse.swt.SWT.error(Unknown Source) ~[swt.win64-3.655.jar:?]
	at org.eclipse.swt.SWT.error(Unknown Source) ~[swt.win64-3.655.jar:?]
	at org.eclipse.swt.widgets.Synchronizer.runAsyncMessages(Unknown Source) ~[swt.win64-3.655.jar:?]
	at org.eclipse.swt.widgets.Display.runAsyncMessages(Unknown Source) ~[swt.win64-3.655.jar:?]
	at org.eclipse.swt.widgets.Display.readAndDispatch(Unknown Source) ~[swt.win64-3.655.jar:?]
	at tse_main.StartUI.launch(StartUI.java:368) ~[classes/:?]
	at tse_main.StartUI.main(StartUI.java:197) [classes/:?]
Caused by: org.eclipse.core.runtime.AssertionFailedException: null argument:
	at org.eclipse.core.runtime.Assert.isNotNull(Assert.java:88) ~[org.eclipse.equinox.common-3.13.0.jar:?]
	at org.eclipse.core.runtime.Assert.isNotNull(Assert.java:76) ~[org.eclipse.equinox.common-3.13.0.jar:?]
	at org.eclipse.jface.viewers.StructuredViewer.assertElementsNotNull(StructuredViewer.java:597) ~[jface-3.7.0.jar:?]
	at org.eclipse.jface.viewers.StructuredViewer.getRawChildren(StructuredViewer.java:1011) ~[jface-3.7.0.jar:?]
	at org.eclipse.jface.viewers.ColumnViewer.getRawChildren(ColumnViewer.java:703) ~[jface-3.7.0.jar:?]
	at org.eclipse.jface.viewers.AbstractTableViewer.getRawChildren(AbstractTableViewer.java:1087) ~[jface-3.7.0.jar:?]
	at org.eclipse.jface.viewers.StructuredViewer.getFilteredChildren(StructuredViewer.java:917) ~[jface-3.7.0.jar:?]
	at org.eclipse.jface.viewers.StructuredViewer.getSortedChildren(StructuredViewer.java:1067) ~[jface-3.7.0.jar:?]
	at org.eclipse.jface.viewers.AbstractTableViewer.internalRefreshAll(AbstractTableViewer.java:701) ~[jface-3.7.0.jar:?]
	at org.eclipse.jface.viewers.AbstractTableViewer.internalRefresh(AbstractTableViewer.java:649) ~[jface-3.7.0.jar:?]
	at org.eclipse.jface.viewers.AbstractTableViewer.internalRefresh(AbstractTableViewer.java:636) ~[jface-3.7.0.jar:?]
	at org.eclipse.jface.viewers.AbstractTableViewer$2.run(AbstractTableViewer.java:592) ~[jface-3.7.0.jar:?]
	at org.eclipse.jface.viewers.StructuredViewer.preservingSelection(StructuredViewer.java:1443) ~[jface-3.7.0.jar:?]
	at org.eclipse.jface.viewers.StructuredViewer.preservingSelection(StructuredViewer.java:1404) ~[jface-3.7.0.jar:?]
	at org.eclipse.jface.viewers.AbstractTableViewer.inputChanged(AbstractTableViewer.java:590) ~[jface-3.7.0.jar:?]
	at org.eclipse.jface.viewers.ContentViewer.setInput(ContentViewer.java:280) ~[jface-3.7.0.jar:?]
	at org.eclipse.jface.viewers.StructuredViewer.setInput(StructuredViewer.java:1690) ~[jface-3.7.0.jar:?]
	at tse_amend_report.MassAmendListDialog.createContents(MassAmendListDialog.java:57) ~[classes/:?]
	at tse_amend_report.TSEAmendReportsDialog.createContents(TSEAmendReportsDialog.java:29) ~[classes/:?]
	at tse_amend_report.MassAmendListDialog.open(MassAmendListDialog.java:75) ~[classes/:?]
	at tse_amend_report.ReportAmenderDialog$1.finished(ReportAmenderDialog.java:81) ~[classes/:?]
	at tse_amend_report.ReportAmenderDialog$2.lambda$finished$0(ReportAmenderDialog.java:171) ~[classes/:?]
	at org.eclipse.swt.widgets.RunnableLock.run(Unknown Source) ~[swt.win64-3.655.jar:?]
	... 5 more
