2023-08-24 16:12:43,060 ERROR r.TseReportDownloader [main] No value found in reportYearsList for 2001
2023-08-24 16:12:43,061 ERROR r.TseReportDownloader [main] No value found in reportYearsList for 2001
2023-08-24 16:12:43,062 ERROR r.TseReportDownloader [main] No value found in reportYearsList for 2005
2023-08-24 16:12:43,062 ERROR r.TseReportDownloader [main] No value found in reportYearsList for 2001
2023-08-24 16:12:43,063 ERROR r.TseReportDownloader [main] No value found in reportYearsList for 2001
2023-08-24 16:12:43,063 ERROR r.TseReportDownloader [main] No value found in reportYearsList for 2001
2023-08-24 16:12:43,063 ERROR r.TseReportDownloader [main] No value found in reportYearsList for 2013
2023-08-24 16:12:43,064 ERROR r.TseReportDownloader [main] No value found in reportYearsList for 2001
2023-08-24 16:12:43,064 ERROR r.TseReportDownloader [main] No value found in reportYearsList for 2012
2023-08-24 16:12:43,064 ERROR r.TseReportDownloader [main] No value found in reportYearsList for 2012
2023-08-24 16:12:43,065 ERROR r.TseReportDownloader [main] No value found in reportYearsList for 2010
2023-08-24 16:12:43,065 ERROR r.TseReportDownloader [main] No value found in reportYearsList for 2010
2023-08-24 16:12:43,065 ERROR r.TseReportDownloader [main] No value found in reportYearsList for 2096
2023-08-24 16:12:43,065 ERROR r.TseReportDownloader [main] No value found in reportYearsList for 2096
2023-08-24 16:12:43,065 ERROR r.TseReportDownloader [main] No value found in reportYearsList for 2011
2023-08-24 16:12:43,066 ERROR r.TseReportDownloader [main] No value found in reportYearsList for 2004
2023-08-24 16:12:43,066 ERROR r.TseReportDownloader [main] No value found in reportYearsList for 2001
2023-08-24 16:12:43,066 ERROR r.TseReportDownloader [main] No value found in reportYearsList for 2000
2023-08-24 16:12:43,066 ERROR r.TseReportDownloader [main] No value found in reportYearsList for 2001
2023-08-24 16:13:10,472 WARN f.RelationFormula [Thread-4] No value was found for relation Relation: [SummarizedInformation] 1=>N [AnalyticalResults] for formula RELATION{SummarizedInformation,type.code} in ID: -1
Column: statusHerd code=IE$birthYear;value=IE$birthYear
Column: sampMatCode code=A04MQ#F01.A057E$F02.A06AM$F21.A07RV$F31.A16NQ;value=A04MQ#F01.A057E$F02.A06AM$F21.A07RV$F31.A16NQ
Column: sampEventId code=5a8e7319-0fe8-41a3-b6d2-9f26f5a2edeb.A.IT9862340;value=5a8e7319-0fe8-41a3-b6d2-9f26f5a2edeb.A.IT9862340
Column: sampY code=2017;value=2017
Column: progId code=5a8e7319-0fe8-41a3-b6d2-9f26f5a2edeb.N123A.TG002A;value=5a8e7319-0fe8-41a3-b6d2-9f26f5a2edeb.N123A.TG002A
Column: sampEventInfo code=birthCountry=IE$birthYear=2008$birthMonth=10;value=birthCountry=IE$birthYear=2008$birthMonth=10
Column: repYear code=2017;value=2017
Column: sampMatType code=S000A;value=S000A
Column: sampInfo code=origSampId=5a8e7319-0fe8-41a3-b6d2-9f26f5a2edeb;value=origSampId=5a8e7319-0fe8-41a3-b6d2-9f26f5a2edeb
Column: paramType code=P001A;value=P001A
Column: sampAnId code=8964;value=8964
Column: anMethRefId code=AT12A.F638A;value=AT12A.F638A
Column: sampCountry code=LV;value=LV
Column: paramCodeBaseTerm code=RF-00004888-PAR;value=RF-00004888-PAR
Column: resType code=BIN;value=BIN
Column: ReportId code=2;value=2
Column: progInfo code=tseTargetGroup=TG002A;value=tseTargetGroup=TG002A
Column: sampId code=8964;value=8964
Column: analysisY code=2017;value=2017
Column: anMethType code=AT12A;value=AT12A
Column: resId code=5a8e7319-0fe8-41a3-b6d2-9f26f5a2edeb.000006;value=5a8e7319-0fe8-41a3-b6d2-9f26f5a2edeb.000006
Column: anMethCode code=F638A;value=F638A
Column: sampArea code=LV00;value=LV00
Column: resQualValue code=POS;value=POS
Column: paramCode code=RF-00004888-PAR;value=RF-00004888-PAR
Column: sampUnitIds code=animalId=IT9862340;value=animalId=IT9862340
Column: anMatCode code=A04MQ#F01.A057E$F02.A06AM$F21.A07RV$F31.A16NQ;value=A04MQ#F01.A057E$F02.A06AM$F21.A07RV$F31.A16NQ
Column: anPortSeq code=1;value=1
Column: evalInfo code=tseNationalCaseId=IT_BSE_inc_001$tseIndexCase=Y$sampEventAsses=J050A;value=tseNationalCaseId=IT_BSE_inc_001$tseIndexCase=Y$sampEventAsses=J050A
Column: sampUnitType code=G199A;value=G199A
Column: repCountry code=LV;value=LV
Column: sampM code=1;value=1
Column: progLegalRef code=N123A;value=N123A

2023-08-24 16:13:10,516 WARN f.RelationFormula [Thread-4] No value was found for relation Relation: [SummarizedInformation] 1=>N [AnalyticalResults] for formula RELATION{SummarizedInformation,type.code} in ID: -1
Column: statusHerd code=IE$birthYear;value=IE$birthYear
Column: sampMatCode code=A04MQ#F01.A057E$F02.A06AM$F21.A07RV$F31.A16NQ;value=A04MQ#F01.A057E$F02.A06AM$F21.A07RV$F31.A16NQ
Column: sampEventId code=5a8e7319-0fe8-41a3-b6d2-9f26f5a2edeb.A.IT9862340;value=5a8e7319-0fe8-41a3-b6d2-9f26f5a2edeb.A.IT9862340
Column: sampY code=2017;value=2017
Column: progId code=5a8e7319-0fe8-41a3-b6d2-9f26f5a2edeb.N123A.TG002A;value=5a8e7319-0fe8-41a3-b6d2-9f26f5a2edeb.N123A.TG002A
Column: sampEventInfo code=birthCountry=IE$birthYear=2008$birthMonth=10;value=birthCountry=IE$birthYear=2008$birthMonth=10
Column: repYear code=2017;value=2017
Column: sampMatType code=S000A;value=S000A
Column: sampInfo code=origSampId=5a8e7319-0fe8-41a3-b6d2-9f26f5a2edeb;value=origSampId=5a8e7319-0fe8-41a3-b6d2-9f26f5a2edeb
Column: paramType code=P001A;value=P001A
Column: sampAnId code=8964;value=8964
Column: anMethRefId code=AT08A.F626A;value=AT08A.F626A
Column: sampCountry code=LV;value=LV
Column: paramCodeBaseTerm code=RF-00004628-PAR;value=RF-00004628-PAR
Column: resType code=BIN;value=BIN
Column: ReportId code=2;value=2
Column: progInfo code=tseTargetGroup=TG002A;value=tseTargetGroup=TG002A
Column: sampId code=8964;value=8964
Column: analysisY code=2017;value=2017
Column: anMethType code=AT08A;value=AT08A
Column: resId code=5a8e7319-0fe8-41a3-b6d2-9f26f5a2edeb.000005;value=5a8e7319-0fe8-41a3-b6d2-9f26f5a2edeb.000005
Column: anMethCode code=F626A;value=F626A
Column: sampArea code=LV00;value=LV00
Column: resQualValue code=NEG;value=NEG
Column: paramCode code=RF-00004628-PAR;value=RF-00004628-PAR
Column: sampUnitIds code=animalId=IT9862340;value=animalId=IT9862340
Column: anMatCode code=A04MQ#F01.A057E$F02.A06AM$F21.A07RV$F31.A16NQ;value=A04MQ#F01.A057E$F02.A06AM$F21.A07RV$F31.A16NQ
Column: anPortSeq code=1;value=1
Column: evalInfo code=tseNationalCaseId=IT_BSE_inc_001$tseIndexCase=Y$sampEventAsses=J050A;value=tseNationalCaseId=IT_BSE_inc_001$tseIndexCase=Y$sampEventAsses=J050A
Column: sampUnitType code=G199A;value=G199A
Column: repCountry code=LV;value=LV
Column: sampM code=1;value=1
Column: progLegalRef code=N123A;value=N123A

2023-08-24 16:13:10,533 WARN f.RelationFormula [Thread-4] No value was found for relation Relation: [SummarizedInformation] 1=>N [AnalyticalResults] for formula RELATION{SummarizedInformation,type.code} in ID: -1
Column: statusHerd code=IE$birthYear;value=IE$birthYear
Column: sampMatCode code=A04MQ#F01.A057E$F02.A06AM$F21.A07RV$F31.A16NQ;value=A04MQ#F01.A057E$F02.A06AM$F21.A07RV$F31.A16NQ
Column: sampEventId code=5a8e7319-0fe8-41a3-b6d2-9f26f5a2edeb.A.IT9862340;value=5a8e7319-0fe8-41a3-b6d2-9f26f5a2edeb.A.IT9862340
Column: sampY code=2017;value=2017
Column: progId code=5a8e7319-0fe8-41a3-b6d2-9f26f5a2edeb.N123A.TG002A;value=5a8e7319-0fe8-41a3-b6d2-9f26f5a2edeb.N123A.TG002A
Column: sampEventInfo code=birthCountry=IE$birthYear=2008$birthMonth=10;value=birthCountry=IE$birthYear=2008$birthMonth=10
Column: repYear code=2017;value=2017
Column: sampMatType code=S000A;value=S000A
Column: sampInfo code=origSampId=5a8e7319-0fe8-41a3-b6d2-9f26f5a2edeb;value=origSampId=5a8e7319-0fe8-41a3-b6d2-9f26f5a2edeb
Column: paramType code=P001A;value=P001A
Column: sampAnId code=8964;value=8964
Column: anMethRefId code=AT06A.F639A;value=AT06A.F639A
Column: sampCountry code=LV;value=LV
Column: paramCodeBaseTerm code=RF-00004884-PAR;value=RF-00004884-PAR
Column: resType code=BIN;value=BIN
Column: ReportId code=2;value=2
Column: progInfo code=tseTargetGroup=TG002A;value=tseTargetGroup=TG002A
Column: sampId code=8964;value=8964
Column: analysisY code=2017;value=2017
Column: anMethType code=AT06A;value=AT06A
Column: resId code=5a8e7319-0fe8-41a3-b6d2-9f26f5a2edeb.000004;value=5a8e7319-0fe8-41a3-b6d2-9f26f5a2edeb.000004
Column: anMethCode code=F639A;value=F639A
Column: sampArea code=LV00;value=LV00
Column: resQualValue code=POS;value=POS
Column: paramCode code=RF-00004884-PAR;value=RF-00004884-PAR
Column: sampUnitIds code=animalId=IT9862340;value=animalId=IT9862340
Column: anMatCode code=A04MQ#F01.A057E$F02.A06AM$F21.A07RV$F31.A16NQ;value=A04MQ#F01.A057E$F02.A06AM$F21.A07RV$F31.A16NQ
Column: anPortSeq code=1;value=1
Column: evalInfo code=tseNationalCaseId=IT_BSE_inc_001$tseIndexCase=Y$sampEventAsses=J050A;value=tseNationalCaseId=IT_BSE_inc_001$tseIndexCase=Y$sampEventAsses=J050A
Column: sampUnitType code=G199A;value=G199A
Column: repCountry code=LV;value=LV
Column: sampM code=1;value=1
Column: progLegalRef code=N123A;value=N123A

2023-08-24 16:13:10,555 WARN f.RelationFormula [Thread-4] No value was found for relation Relation: [SummarizedInformation] 1=>N [AnalyticalResults] for formula RELATION{SummarizedInformation,type.code} in ID: -1
Column: statusHerd code=IT$birthYear;value=IT$birthYear
Column: sampMatCode code=A04MQ#F01.A057E$F02.A16YL$F21.A07RV$F31.A16NQ;value=A04MQ#F01.A057E$F02.A16YL$F21.A07RV$F31.A16NQ
Column: sampEventId code=5a8e7319-0fe8-41a3-b6d2-9f26f5a2edeb.A.IT89632;value=5a8e7319-0fe8-41a3-b6d2-9f26f5a2edeb.A.IT89632
Column: sampY code=2017;value=2017
Column: progId code=5a8e7319-0fe8-41a3-b6d2-9f26f5a2edeb.N123A.TG002A;value=5a8e7319-0fe8-41a3-b6d2-9f26f5a2edeb.N123A.TG002A
Column: sampEventInfo code=birthCountry=IT$birthYear=2008$birthMonth=4;value=birthCountry=IT$birthYear=2008$birthMonth=4
Column: repYear code=2017;value=2017
Column: sampMatType code=S000A;value=S000A
Column: sampInfo code=origSampId=5a8e7319-0fe8-41a3-b6d2-9f26f5a2edeb;value=origSampId=5a8e7319-0fe8-41a3-b6d2-9f26f5a2edeb
Column: paramType code=P001A;value=P001A
Column: sampAnId code=9683;value=9683
Column: anMethRefId code=AT12A.F638A;value=AT12A.F638A
Column: sampCountry code=LV;value=LV
Column: paramCodeBaseTerm code=RF-00004885-PAR;value=RF-00004885-PAR
Column: resType code=BIN;value=BIN
Column: ReportId code=2;value=2
Column: progInfo code=tseTargetGroup=TG002A;value=tseTargetGroup=TG002A
Column: sampId code=9683;value=9683
Column: analysisY code=2017;value=2017
Column: anMethType code=AT12A;value=AT12A
Column: resId code=5a8e7319-0fe8-41a3-b6d2-9f26f5a2edeb.000003;value=5a8e7319-0fe8-41a3-b6d2-9f26f5a2edeb.000003
Column: anMethCode code=F638A;value=F638A
Column: sampArea code=LV00;value=LV00
Column: resQualValue code=POS;value=POS
Column: paramCode code=RF-00004885-PAR;value=RF-00004885-PAR
Column: sampUnitIds code=animalId=IT89632;value=animalId=IT89632
Column: anMatCode code=A04MQ#F01.A057E$F02.A16YL$F21.A07RV$F31.A16NQ;value=A04MQ#F01.A057E$F02.A16YL$F21.A07RV$F31.A16NQ
Column: anPortSeq code=1;value=1
Column: evalInfo code=tseNationalCaseId=IT_BSE_001$tseIndexCase=Y$sampEventAsses=J046A;value=tseNationalCaseId=IT_BSE_001$tseIndexCase=Y$sampEventAsses=J046A
Column: sampUnitType code=G199A;value=G199A
Column: repCountry code=LV;value=LV
Column: sampM code=1;value=1
Column: progLegalRef code=N123A;value=N123A

2023-08-24 16:13:10,580 WARN f.RelationFormula [Thread-4] No value was found for relation Relation: [SummarizedInformation] 1=>N [AnalyticalResults] for formula RELATION{SummarizedInformation,type.code} in ID: -1
Column: statusHerd code=IT$birthYear;value=IT$birthYear
Column: sampMatCode code=A04MQ#F01.A057E$F02.A16YL$F21.A07RV$F31.A16NQ;value=A04MQ#F01.A057E$F02.A16YL$F21.A07RV$F31.A16NQ
Column: sampEventId code=5a8e7319-0fe8-41a3-b6d2-9f26f5a2edeb.A.IT89632;value=5a8e7319-0fe8-41a3-b6d2-9f26f5a2edeb.A.IT89632
Column: sampY code=2017;value=2017
Column: progId code=5a8e7319-0fe8-41a3-b6d2-9f26f5a2edeb.N123A.TG002A;value=5a8e7319-0fe8-41a3-b6d2-9f26f5a2edeb.N123A.TG002A
Column: sampEventInfo code=birthCountry=IT$birthYear=2008$birthMonth=4;value=birthCountry=IT$birthYear=2008$birthMonth=4
Column: repYear code=2017;value=2017
Column: sampMatType code=S000A;value=S000A
Column: sampInfo code=origSampId=5a8e7319-0fe8-41a3-b6d2-9f26f5a2edeb;value=origSampId=5a8e7319-0fe8-41a3-b6d2-9f26f5a2edeb
Column: paramType code=P001A;value=P001A
Column: sampAnId code=9683;value=9683
Column: anMethRefId code=AT08A.F626A;value=AT08A.F626A
Column: sampCountry code=LV;value=LV
Column: paramCodeBaseTerm code=RF-00004628-PAR;value=RF-00004628-PAR
Column: resType code=BIN;value=BIN
Column: ReportId code=2;value=2
Column: progInfo code=tseTargetGroup=TG002A;value=tseTargetGroup=TG002A
Column: sampId code=9683;value=9683
Column: analysisY code=2017;value=2017
Column: anMethType code=AT08A;value=AT08A
Column: resId code=5a8e7319-0fe8-41a3-b6d2-9f26f5a2edeb.000002;value=5a8e7319-0fe8-41a3-b6d2-9f26f5a2edeb.000002
Column: anMethCode code=F626A;value=F626A
Column: sampArea code=LV00;value=LV00
Column: resQualValue code=POS;value=POS
Column: paramCode code=RF-00004628-PAR;value=RF-00004628-PAR
Column: sampUnitIds code=animalId=IT89632;value=animalId=IT89632
Column: anMatCode code=A04MQ#F01.A057E$F02.A16YL$F21.A07RV$F31.A16NQ;value=A04MQ#F01.A057E$F02.A16YL$F21.A07RV$F31.A16NQ
Column: anPortSeq code=1;value=1
Column: evalInfo code=tseNationalCaseId=IT_BSE_001$tseIndexCase=Y$sampEventAsses=J046A;value=tseNationalCaseId=IT_BSE_001$tseIndexCase=Y$sampEventAsses=J046A
Column: sampUnitType code=G199A;value=G199A
Column: repCountry code=LV;value=LV
Column: sampM code=1;value=1
Column: progLegalRef code=N123A;value=N123A

2023-08-24 16:13:10,592 WARN f.RelationFormula [Thread-4] No value was found for relation Relation: [SummarizedInformation] 1=>N [AnalyticalResults] for formula RELATION{SummarizedInformation,type.code} in ID: -1
Column: statusHerd code=IT$birthYear;value=IT$birthYear
Column: sampMatCode code=A04MQ#F01.A057E$F02.A16YL$F21.A07RV$F31.A16NQ;value=A04MQ#F01.A057E$F02.A16YL$F21.A07RV$F31.A16NQ
Column: sampEventId code=5a8e7319-0fe8-41a3-b6d2-9f26f5a2edeb.A.IT89632;value=5a8e7319-0fe8-41a3-b6d2-9f26f5a2edeb.A.IT89632
Column: sampY code=2017;value=2017
Column: progId code=5a8e7319-0fe8-41a3-b6d2-9f26f5a2edeb.N123A.TG002A;value=5a8e7319-0fe8-41a3-b6d2-9f26f5a2edeb.N123A.TG002A
Column: sampEventInfo code=birthCountry=IT$birthYear=2008$birthMonth=4;value=birthCountry=IT$birthYear=2008$birthMonth=4
Column: repYear code=2017;value=2017
Column: sampMatType code=S000A;value=S000A
Column: sampInfo code=origSampId=5a8e7319-0fe8-41a3-b6d2-9f26f5a2edeb;value=origSampId=5a8e7319-0fe8-41a3-b6d2-9f26f5a2edeb
Column: paramType code=P001A;value=P001A
Column: sampAnId code=9683;value=9683
Column: anMethRefId code=AT06A.F639A;value=AT06A.F639A
Column: sampCountry code=LV;value=LV
Column: paramCodeBaseTerm code=RF-00004884-PAR;value=RF-00004884-PAR
Column: resType code=BIN;value=BIN
Column: ReportId code=2;value=2
Column: progInfo code=tseTargetGroup=TG002A;value=tseTargetGroup=TG002A
Column: sampId code=9683;value=9683
Column: analysisY code=2017;value=2017
Column: anMethType code=AT06A;value=AT06A
Column: resId code=5a8e7319-0fe8-41a3-b6d2-9f26f5a2edeb.000001;value=5a8e7319-0fe8-41a3-b6d2-9f26f5a2edeb.000001
Column: anMethCode code=F639A;value=F639A
Column: sampArea code=LV00;value=LV00
Column: resQualValue code=POS;value=POS
Column: paramCode code=RF-00004884-PAR;value=RF-00004884-PAR
Column: sampUnitIds code=animalId=IT89632;value=animalId=IT89632
Column: anMatCode code=A04MQ#F01.A057E$F02.A16YL$F21.A07RV$F31.A16NQ;value=A04MQ#F01.A057E$F02.A16YL$F21.A07RV$F31.A16NQ
Column: anPortSeq code=1;value=1
Column: evalInfo code=tseNationalCaseId=IT_BSE_001$tseIndexCase=Y$sampEventAsses=J046A;value=tseNationalCaseId=IT_BSE_001$tseIndexCase=Y$sampEventAsses=J046A
Column: sampUnitType code=G199A;value=G199A
Column: repCountry code=LV;value=LV
Column: sampM code=1;value=1
Column: progLegalRef code=N123A;value=N123A

2023-08-24 16:13:40,317 ERROR t.TableDao [main] IMPORTANT: The element F638A is missing in the picklist anlymdLists in the picklists\ folder. Putting an empty value.
2023-08-24 16:13:40,530 ERROR t.TableDao [main] IMPORTANT: The element F626A is missing in the picklist anlymdLists in the picklists\ folder. Putting an empty value.
2023-08-24 16:13:40,550 ERROR t.Relation [main] No relation found for Settings 1=>N CasesInformation
2023-08-24 16:13:40,553 ERROR t.Relation [main] No relation found for Preferences 1=>N CasesInformation
2023-08-24 16:13:40,563 ERROR t.Relation [main] No relation found for Settings 1=>N AnalyticalResults
2023-08-24 16:13:40,565 ERROR t.Relation [main] No relation found for Preferences 1=>N AnalyticalResults
2023-08-24 16:13:40,570 ERROR t.Relation [main] No relation found for Settings 1=>N AnalyticalResults
2023-08-24 16:13:40,574 ERROR t.Relation [main] No relation found for Preferences 1=>N AnalyticalResults
2023-08-24 16:13:40,581 ERROR t.Relation [main] No relation found for Settings 1=>N AnalyticalResults
2023-08-24 16:13:40,583 ERROR t.Relation [main] No relation found for Preferences 1=>N AnalyticalResults
2023-08-24 16:13:40,698 ERROR t.TableDao [main] IMPORTANT: The element F638A is missing in the picklist anlymdLists in the picklists\ folder. Putting an empty value.
2023-08-24 16:13:40,802 ERROR t.TableDao [main] IMPORTANT: The element F626A is missing in the picklist anlymdLists in the picklists\ folder. Putting an empty value.
2023-08-24 16:13:40,826 ERROR t.Relation [main] No relation found for Settings 1=>N CasesInformation
2023-08-24 16:13:40,830 ERROR t.Relation [main] No relation found for Preferences 1=>N CasesInformation
2023-08-24 16:13:40,835 ERROR t.Relation [main] No relation found for Settings 1=>N AnalyticalResults
2023-08-24 16:13:40,839 ERROR t.Relation [main] No relation found for Preferences 1=>N AnalyticalResults
2023-08-24 16:13:40,846 ERROR t.Relation [main] No relation found for Settings 1=>N AnalyticalResults
2023-08-24 16:13:40,849 ERROR t.Relation [main] No relation found for Preferences 1=>N AnalyticalResults
2023-08-24 16:13:40,853 ERROR t.Relation [main] No relation found for Settings 1=>N AnalyticalResults
2023-08-24 16:13:40,855 ERROR t.Relation [main] No relation found for Preferences 1=>N AnalyticalResults
2023-08-24 16:13:40,936 ERROR t.TableDao [main] IMPORTANT: The element F638A is missing in the picklist anlymdLists in the picklists\ folder. Putting an empty value.
2023-08-24 16:13:41,016 ERROR t.TableDao [main] IMPORTANT: The element F626A is missing in the picklist anlymdLists in the picklists\ folder. Putting an empty value.
2023-08-24 16:13:41,038 ERROR t.Relation [main] No relation found for Settings 1=>N CasesInformation
2023-08-24 16:13:41,040 ERROR t.Relation [main] No relation found for Preferences 1=>N CasesInformation
2023-08-24 16:13:41,044 ERROR t.Relation [main] No relation found for Settings 1=>N AnalyticalResults
2023-08-24 16:13:41,047 ERROR t.Relation [main] No relation found for Preferences 1=>N AnalyticalResults
2023-08-24 16:13:41,051 ERROR t.Relation [main] No relation found for Settings 1=>N AnalyticalResults
2023-08-24 16:13:41,053 ERROR t.Relation [main] No relation found for Preferences 1=>N AnalyticalResults
2023-08-24 16:13:41,057 ERROR t.Relation [main] No relation found for Settings 1=>N AnalyticalResults
2023-08-24 16:13:41,059 ERROR t.Relation [main] No relation found for Preferences 1=>N AnalyticalResults
2023-08-24 16:13:41,130 ERROR t.TableDao [main] IMPORTANT: The element F638A is missing in the picklist anlymdLists in the picklists\ folder. Putting an empty value.
2023-08-24 16:13:41,212 ERROR t.TableDao [main] IMPORTANT: The element F626A is missing in the picklist anlymdLists in the picklists\ folder. Putting an empty value.
2023-08-24 16:13:41,231 ERROR t.Relation [main] No relation found for Settings 1=>N CasesInformation
2023-08-24 16:13:41,233 ERROR t.Relation [main] No relation found for Preferences 1=>N CasesInformation
2023-08-24 16:13:41,238 ERROR t.Relation [main] No relation found for Settings 1=>N AnalyticalResults
2023-08-24 16:13:41,241 ERROR t.Relation [main] No relation found for Preferences 1=>N AnalyticalResults
2023-08-24 16:13:41,245 ERROR t.Relation [main] No relation found for Settings 1=>N AnalyticalResults
2023-08-24 16:13:41,248 ERROR t.Relation [main] No relation found for Preferences 1=>N AnalyticalResults
2023-08-24 16:13:41,251 ERROR t.Relation [main] No relation found for Settings 1=>N AnalyticalResults
2023-08-24 16:13:41,253 ERROR t.Relation [main] No relation found for Preferences 1=>N AnalyticalResults
2023-08-24 16:14:32,513 ERROR t.TableDao [main] IMPORTANT: The element F638A is missing in the picklist anlymdLists in the picklists\ folder. Putting an empty value.
2023-08-24 16:14:32,661 ERROR t.TableDao [main] IMPORTANT: The element F626A is missing in the picklist anlymdLists in the picklists\ folder. Putting an empty value.
2023-08-24 16:14:32,679 ERROR t.Relation [main] No relation found for Settings 1=>N CasesInformation
2023-08-24 16:14:32,681 ERROR t.Relation [main] No relation found for Preferences 1=>N CasesInformation
2023-08-24 16:14:32,684 ERROR t.Relation [main] No relation found for Settings 1=>N AnalyticalResults
2023-08-24 16:14:32,685 ERROR t.Relation [main] No relation found for Preferences 1=>N AnalyticalResults
2023-08-24 16:14:32,688 ERROR t.Relation [main] No relation found for Settings 1=>N AnalyticalResults
2023-08-24 16:14:32,690 ERROR t.Relation [main] No relation found for Preferences 1=>N AnalyticalResults
2023-08-24 16:14:32,693 ERROR t.Relation [main] No relation found for Settings 1=>N AnalyticalResults
2023-08-24 16:14:32,695 ERROR t.Relation [main] No relation found for Preferences 1=>N AnalyticalResults
2023-08-24 16:14:32,761 ERROR t.TableDao [main] IMPORTANT: The element F638A is missing in the picklist anlymdLists in the picklists\ folder. Putting an empty value.
2023-08-24 16:14:32,829 ERROR t.TableDao [main] IMPORTANT: The element F626A is missing in the picklist anlymdLists in the picklists\ folder. Putting an empty value.
2023-08-24 16:14:32,853 ERROR t.Relation [main] No relation found for Settings 1=>N CasesInformation
2023-08-24 16:14:32,855 ERROR t.Relation [main] No relation found for Preferences 1=>N CasesInformation
2023-08-24 16:14:32,859 ERROR t.Relation [main] No relation found for Settings 1=>N AnalyticalResults
2023-08-24 16:14:32,861 ERROR t.Relation [main] No relation found for Preferences 1=>N AnalyticalResults
2023-08-24 16:14:32,865 ERROR t.Relation [main] No relation found for Settings 1=>N AnalyticalResults
2023-08-24 16:14:32,867 ERROR t.Relation [main] No relation found for Preferences 1=>N AnalyticalResults
2023-08-24 16:14:32,870 ERROR t.Relation [main] No relation found for Settings 1=>N AnalyticalResults
2023-08-24 16:14:32,872 ERROR t.Relation [main] No relation found for Preferences 1=>N AnalyticalResults
