2023-08-21 13:28:56,177 ERROR r.TseReportDownloader [main] No value found in reportYearsList for 2001
2023-08-21 13:28:56,178 ERROR r.TseReportDownloader [main] No value found in reportYearsList for 2017
2023-08-21 13:28:56,178 ERROR r.TseReportDownloader [main] No value found in reportYearsList for 2017
2023-08-21 13:28:56,178 ERROR r.TseReportDownloader [main] No value found in reportYearsList for 2017
2023-08-21 13:28:56,178 ERROR r.TseReportDownloader [main] No value found in reportYearsList for 2015
2023-08-21 13:28:56,179 ERROR r.TseReportDownloader [main] No value found in reportYearsList for 2015
2023-08-21 13:28:56,184 ERROR r.TseReportDownloader [main] No value found in reportYearsList for 2001
2023-08-21 13:28:56,184 ERROR r.TseReportDownloader [main] No value found in reportYearsList for 2017
2023-08-21 13:28:56,184 ERROR r.TseReportDownloader [main] No value found in reportYearsList for 2016
2023-08-21 13:28:56,184 ERROR r.TseReportDownloader [main] No value found in reportYearsList for 2016
2023-08-21 13:28:56,185 ERROR r.TseReportDownloader [main] No value found in reportYearsList for 2016
2023-08-21 13:28:56,185 ERROR r.TseReportDownloader [main] No value found in reportYearsList for 2016
2023-08-21 13:28:56,185 ERROR r.TseReportDownloader [main] No value found in reportYearsList for 2005
2023-08-21 13:28:56,185 ERROR r.TseReportDownloader [main] No value found in reportYearsList for 2001
2023-08-21 13:28:56,185 ERROR r.TseReportDownloader [main] No value found in reportYearsList for 2001
2023-08-21 13:28:56,186 ERROR r.TseReportDownloader [main] No value found in reportYearsList for 2001
2023-08-21 13:28:56,186 ERROR r.TseReportDownloader [main] No value found in reportYearsList for 2017
2023-08-21 13:28:56,186 ERROR r.TseReportDownloader [main] No value found in reportYearsList for 2013
2023-08-21 13:28:56,186 ERROR r.TseReportDownloader [main] No value found in reportYearsList for 2001
2023-08-21 13:28:56,187 ERROR r.TseReportDownloader [main] No value found in reportYearsList for 2017
2023-08-21 13:28:56,187 ERROR r.TseReportDownloader [main] No value found in reportYearsList for 2012
2023-08-21 13:28:56,187 ERROR r.TseReportDownloader [main] No value found in reportYearsList for 2012
2023-08-21 13:28:56,187 ERROR r.TseReportDownloader [main] No value found in reportYearsList for 2016
2023-08-21 13:28:56,188 ERROR r.TseReportDownloader [main] No value found in reportYearsList for 2010
2023-08-21 13:28:56,188 ERROR r.TseReportDownloader [main] No value found in reportYearsList for 2010
2023-08-21 13:28:56,188 ERROR r.TseReportDownloader [main] No value found in reportYearsList for 2096
2023-08-21 13:28:56,188 ERROR r.TseReportDownloader [main] No value found in reportYearsList for 2096
2023-08-21 13:28:56,188 ERROR r.TseReportDownloader [main] No value found in reportYearsList for 2017
2023-08-21 13:28:56,189 ERROR r.TseReportDownloader [main] No value found in reportYearsList for 2015
2023-08-21 13:28:56,189 ERROR r.TseReportDownloader [main] No value found in reportYearsList for 2011
2023-08-21 13:28:56,189 ERROR r.TseReportDownloader [main] No value found in reportYearsList for 2004
2023-08-21 13:28:56,189 ERROR r.TseReportDownloader [main] No value found in reportYearsList for 2001
2023-08-21 13:28:56,189 ERROR r.TseReportDownloader [main] No value found in reportYearsList for 2000
2023-08-21 13:28:56,190 ERROR r.TseReportDownloader [main] No value found in reportYearsList for 2001
2023-08-21 13:29:10,668 WARN t.TableRow [Thread-4] Cannot pick the value 2017 from list reportYearsList. Either the list or the element do not exist. Empty element returned instead.
2023-08-21 13:29:10,986 WARN f.RelationFormula [Thread-4] No value was found for relation Relation: [SummarizedInformation] 1=>N [AnalyticalResults] for formula RELATION{SummarizedInformation,type.code} in ID: -1
Column: statusHerd code=IE$birthYear;value=IE$birthYear
Column: sampMatCode code=A04MQ#F01.A057E$F02.A06AM$F21.A07RV$F31.A16NQ;value=A04MQ#F01.A057E$F02.A06AM$F21.A07RV$F31.A16NQ
Column: sampEventId code=5a8e7319-0fe8-41a3-b6d2-9f26f5a2edeb.A.IT9862340;value=5a8e7319-0fe8-41a3-b6d2-9f26f5a2edeb.A.IT9862340
Column: sampY code=2017;value=2017
Column: progId code=5a8e7319-0fe8-41a3-b6d2-9f26f5a2edeb.N123A.TG002A;value=5a8e7319-0fe8-41a3-b6d2-9f26f5a2edeb.N123A.TG002A
Column: sampEventInfo code=birthCountry=IE$birthYear=2008$birthMonth=10;value=birthCountry=IE$birthYear=2008$birthMonth=10
Column: repYear code=2017;value=2017
Column: sampMatType code=S000A;value=S000A
Column: sampInfo code=origSampId=5a8e7319-0fe8-41a3-b6d2-9f26f5a2edeb;value=origSampId=5a8e7319-0fe8-41a3-b6d2-9f26f5a2edeb
Column: paramType code=P001A;value=P001A
Column: sampAnId code=8964;value=8964
Column: anMethRefId code=AT12A.F638A;value=AT12A.F638A
Column: sampCountry code=LV;value=LV
Column: paramCodeBaseTerm code=RF-00004888-PAR;value=RF-00004888-PAR
Column: resType code=BIN;value=BIN
Column: ReportId code=613;value=613
Column: progInfo code=tseTargetGroup=TG002A;value=tseTargetGroup=TG002A
Column: sampId code=8964;value=8964
Column: analysisY code=2017;value=2017
Column: anMethType code=AT12A;value=AT12A
Column: resId code=5a8e7319-0fe8-41a3-b6d2-9f26f5a2edeb.000006;value=5a8e7319-0fe8-41a3-b6d2-9f26f5a2edeb.000006
Column: anMethCode code=F638A;value=F638A
Column: sampArea code=LV00;value=LV00
Column: resQualValue code=POS;value=POS
Column: paramCode code=RF-00004888-PAR;value=RF-00004888-PAR
Column: sampUnitIds code=animalId=IT9862340;value=animalId=IT9862340
Column: anMatCode code=A04MQ#F01.A057E$F02.A06AM$F21.A07RV$F31.A16NQ;value=A04MQ#F01.A057E$F02.A06AM$F21.A07RV$F31.A16NQ
Column: anPortSeq code=1;value=1
Column: evalInfo code=tseNationalCaseId=IT_BSE_inc_001$tseIndexCase=Y$sampEventAsses=J050A;value=tseNationalCaseId=IT_BSE_inc_001$tseIndexCase=Y$sampEventAsses=J050A
Column: sampUnitType code=G199A;value=G199A
Column: repCountry code=LV;value=LV
Column: sampM code=1;value=1
Column: progLegalRef code=N123A;value=N123A

2023-08-21 13:29:11,021 WARN f.RelationFormula [Thread-4] No value was found for relation Relation: [SummarizedInformation] 1=>N [AnalyticalResults] for formula RELATION{SummarizedInformation,type.code} in ID: -1
Column: statusHerd code=IE$birthYear;value=IE$birthYear
Column: sampMatCode code=A04MQ#F01.A057E$F02.A06AM$F21.A07RV$F31.A16NQ;value=A04MQ#F01.A057E$F02.A06AM$F21.A07RV$F31.A16NQ
Column: sampEventId code=5a8e7319-0fe8-41a3-b6d2-9f26f5a2edeb.A.IT9862340;value=5a8e7319-0fe8-41a3-b6d2-9f26f5a2edeb.A.IT9862340
Column: sampY code=2017;value=2017
Column: progId code=5a8e7319-0fe8-41a3-b6d2-9f26f5a2edeb.N123A.TG002A;value=5a8e7319-0fe8-41a3-b6d2-9f26f5a2edeb.N123A.TG002A
Column: sampEventInfo code=birthCountry=IE$birthYear=2008$birthMonth=10;value=birthCountry=IE$birthYear=2008$birthMonth=10
Column: repYear code=2017;value=2017
Column: sampMatType code=S000A;value=S000A
Column: sampInfo code=origSampId=5a8e7319-0fe8-41a3-b6d2-9f26f5a2edeb;value=origSampId=5a8e7319-0fe8-41a3-b6d2-9f26f5a2edeb
Column: paramType code=P001A;value=P001A
Column: sampAnId code=8964;value=8964
Column: anMethRefId code=AT08A.F626A;value=AT08A.F626A
Column: sampCountry code=LV;value=LV
Column: paramCodeBaseTerm code=RF-00004628-PAR;value=RF-00004628-PAR
Column: resType code=BIN;value=BIN
Column: ReportId code=613;value=613
Column: progInfo code=tseTargetGroup=TG002A;value=tseTargetGroup=TG002A
Column: sampId code=8964;value=8964
Column: analysisY code=2017;value=2017
Column: anMethType code=AT08A;value=AT08A
Column: resId code=5a8e7319-0fe8-41a3-b6d2-9f26f5a2edeb.000005;value=5a8e7319-0fe8-41a3-b6d2-9f26f5a2edeb.000005
Column: anMethCode code=F626A;value=F626A
Column: sampArea code=LV00;value=LV00
Column: resQualValue code=NEG;value=NEG
Column: paramCode code=RF-00004628-PAR;value=RF-00004628-PAR
Column: sampUnitIds code=animalId=IT9862340;value=animalId=IT9862340
Column: anMatCode code=A04MQ#F01.A057E$F02.A06AM$F21.A07RV$F31.A16NQ;value=A04MQ#F01.A057E$F02.A06AM$F21.A07RV$F31.A16NQ
Column: anPortSeq code=1;value=1
Column: evalInfo code=tseNationalCaseId=IT_BSE_inc_001$tseIndexCase=Y$sampEventAsses=J050A;value=tseNationalCaseId=IT_BSE_inc_001$tseIndexCase=Y$sampEventAsses=J050A
Column: sampUnitType code=G199A;value=G199A
Column: repCountry code=LV;value=LV
Column: sampM code=1;value=1
Column: progLegalRef code=N123A;value=N123A

2023-08-21 13:29:11,032 WARN f.RelationFormula [Thread-4] No value was found for relation Relation: [SummarizedInformation] 1=>N [AnalyticalResults] for formula RELATION{SummarizedInformation,type.code} in ID: -1
Column: statusHerd code=IE$birthYear;value=IE$birthYear
Column: sampMatCode code=A04MQ#F01.A057E$F02.A06AM$F21.A07RV$F31.A16NQ;value=A04MQ#F01.A057E$F02.A06AM$F21.A07RV$F31.A16NQ
Column: sampEventId code=5a8e7319-0fe8-41a3-b6d2-9f26f5a2edeb.A.IT9862340;value=5a8e7319-0fe8-41a3-b6d2-9f26f5a2edeb.A.IT9862340
Column: sampY code=2017;value=2017
Column: progId code=5a8e7319-0fe8-41a3-b6d2-9f26f5a2edeb.N123A.TG002A;value=5a8e7319-0fe8-41a3-b6d2-9f26f5a2edeb.N123A.TG002A
Column: sampEventInfo code=birthCountry=IE$birthYear=2008$birthMonth=10;value=birthCountry=IE$birthYear=2008$birthMonth=10
Column: repYear code=2017;value=2017
Column: sampMatType code=S000A;value=S000A
Column: sampInfo code=origSampId=5a8e7319-0fe8-41a3-b6d2-9f26f5a2edeb;value=origSampId=5a8e7319-0fe8-41a3-b6d2-9f26f5a2edeb
Column: paramType code=P001A;value=P001A
Column: sampAnId code=8964;value=8964
Column: anMethRefId code=AT06A.F639A;value=AT06A.F639A
Column: sampCountry code=LV;value=LV
Column: paramCodeBaseTerm code=RF-00004884-PAR;value=RF-00004884-PAR
Column: resType code=BIN;value=BIN
Column: ReportId code=613;value=613
Column: progInfo code=tseTargetGroup=TG002A;value=tseTargetGroup=TG002A
Column: sampId code=8964;value=8964
Column: analysisY code=2017;value=2017
Column: anMethType code=AT06A;value=AT06A
Column: resId code=5a8e7319-0fe8-41a3-b6d2-9f26f5a2edeb.000004;value=5a8e7319-0fe8-41a3-b6d2-9f26f5a2edeb.000004
Column: anMethCode code=F639A;value=F639A
Column: sampArea code=LV00;value=LV00
Column: resQualValue code=POS;value=POS
Column: paramCode code=RF-00004884-PAR;value=RF-00004884-PAR
Column: sampUnitIds code=animalId=IT9862340;value=animalId=IT9862340
Column: anMatCode code=A04MQ#F01.A057E$F02.A06AM$F21.A07RV$F31.A16NQ;value=A04MQ#F01.A057E$F02.A06AM$F21.A07RV$F31.A16NQ
Column: anPortSeq code=1;value=1
Column: evalInfo code=tseNationalCaseId=IT_BSE_inc_001$tseIndexCase=Y$sampEventAsses=J050A;value=tseNationalCaseId=IT_BSE_inc_001$tseIndexCase=Y$sampEventAsses=J050A
Column: sampUnitType code=G199A;value=G199A
Column: repCountry code=LV;value=LV
Column: sampM code=1;value=1
Column: progLegalRef code=N123A;value=N123A

2023-08-21 13:29:11,046 WARN f.RelationFormula [Thread-4] No value was found for relation Relation: [SummarizedInformation] 1=>N [AnalyticalResults] for formula RELATION{SummarizedInformation,type.code} in ID: -1
Column: statusHerd code=IT$birthYear;value=IT$birthYear
Column: sampMatCode code=A04MQ#F01.A057E$F02.A16YL$F21.A07RV$F31.A16NQ;value=A04MQ#F01.A057E$F02.A16YL$F21.A07RV$F31.A16NQ
Column: sampEventId code=5a8e7319-0fe8-41a3-b6d2-9f26f5a2edeb.A.IT89632;value=5a8e7319-0fe8-41a3-b6d2-9f26f5a2edeb.A.IT89632
Column: sampY code=2017;value=2017
Column: progId code=5a8e7319-0fe8-41a3-b6d2-9f26f5a2edeb.N123A.TG002A;value=5a8e7319-0fe8-41a3-b6d2-9f26f5a2edeb.N123A.TG002A
Column: sampEventInfo code=birthCountry=IT$birthYear=2008$birthMonth=4;value=birthCountry=IT$birthYear=2008$birthMonth=4
Column: repYear code=2017;value=2017
Column: sampMatType code=S000A;value=S000A
Column: sampInfo code=origSampId=5a8e7319-0fe8-41a3-b6d2-9f26f5a2edeb;value=origSampId=5a8e7319-0fe8-41a3-b6d2-9f26f5a2edeb
Column: paramType code=P001A;value=P001A
Column: sampAnId code=9683;value=9683
Column: anMethRefId code=AT12A.F638A;value=AT12A.F638A
Column: sampCountry code=LV;value=LV
Column: paramCodeBaseTerm code=RF-00004885-PAR;value=RF-00004885-PAR
Column: resType code=BIN;value=BIN
Column: ReportId code=613;value=613
Column: progInfo code=tseTargetGroup=TG002A;value=tseTargetGroup=TG002A
Column: sampId code=9683;value=9683
Column: analysisY code=2017;value=2017
Column: anMethType code=AT12A;value=AT12A
Column: resId code=5a8e7319-0fe8-41a3-b6d2-9f26f5a2edeb.000003;value=5a8e7319-0fe8-41a3-b6d2-9f26f5a2edeb.000003
Column: anMethCode code=F638A;value=F638A
Column: sampArea code=LV00;value=LV00
Column: resQualValue code=POS;value=POS
Column: paramCode code=RF-00004885-PAR;value=RF-00004885-PAR
Column: sampUnitIds code=animalId=IT89632;value=animalId=IT89632
Column: anMatCode code=A04MQ#F01.A057E$F02.A16YL$F21.A07RV$F31.A16NQ;value=A04MQ#F01.A057E$F02.A16YL$F21.A07RV$F31.A16NQ
Column: anPortSeq code=1;value=1
Column: evalInfo code=tseNationalCaseId=IT_BSE_001$tseIndexCase=Y$sampEventAsses=J046A;value=tseNationalCaseId=IT_BSE_001$tseIndexCase=Y$sampEventAsses=J046A
Column: sampUnitType code=G199A;value=G199A
Column: repCountry code=LV;value=LV
Column: sampM code=1;value=1
Column: progLegalRef code=N123A;value=N123A

2023-08-21 13:29:11,057 WARN f.RelationFormula [Thread-4] No value was found for relation Relation: [SummarizedInformation] 1=>N [AnalyticalResults] for formula RELATION{SummarizedInformation,type.code} in ID: -1
Column: statusHerd code=IT$birthYear;value=IT$birthYear
Column: sampMatCode code=A04MQ#F01.A057E$F02.A16YL$F21.A07RV$F31.A16NQ;value=A04MQ#F01.A057E$F02.A16YL$F21.A07RV$F31.A16NQ
Column: sampEventId code=5a8e7319-0fe8-41a3-b6d2-9f26f5a2edeb.A.IT89632;value=5a8e7319-0fe8-41a3-b6d2-9f26f5a2edeb.A.IT89632
Column: sampY code=2017;value=2017
Column: progId code=5a8e7319-0fe8-41a3-b6d2-9f26f5a2edeb.N123A.TG002A;value=5a8e7319-0fe8-41a3-b6d2-9f26f5a2edeb.N123A.TG002A
Column: sampEventInfo code=birthCountry=IT$birthYear=2008$birthMonth=4;value=birthCountry=IT$birthYear=2008$birthMonth=4
Column: repYear code=2017;value=2017
Column: sampMatType code=S000A;value=S000A
Column: sampInfo code=origSampId=5a8e7319-0fe8-41a3-b6d2-9f26f5a2edeb;value=origSampId=5a8e7319-0fe8-41a3-b6d2-9f26f5a2edeb
Column: paramType code=P001A;value=P001A
Column: sampAnId code=9683;value=9683
Column: anMethRefId code=AT08A.F626A;value=AT08A.F626A
Column: sampCountry code=LV;value=LV
Column: paramCodeBaseTerm code=RF-00004628-PAR;value=RF-00004628-PAR
Column: resType code=BIN;value=BIN
Column: ReportId code=613;value=613
Column: progInfo code=tseTargetGroup=TG002A;value=tseTargetGroup=TG002A
Column: sampId code=9683;value=9683
Column: analysisY code=2017;value=2017
Column: anMethType code=AT08A;value=AT08A
Column: resId code=5a8e7319-0fe8-41a3-b6d2-9f26f5a2edeb.000002;value=5a8e7319-0fe8-41a3-b6d2-9f26f5a2edeb.000002
Column: anMethCode code=F626A;value=F626A
Column: sampArea code=LV00;value=LV00
Column: resQualValue code=POS;value=POS
Column: paramCode code=RF-00004628-PAR;value=RF-00004628-PAR
Column: sampUnitIds code=animalId=IT89632;value=animalId=IT89632
Column: anMatCode code=A04MQ#F01.A057E$F02.A16YL$F21.A07RV$F31.A16NQ;value=A04MQ#F01.A057E$F02.A16YL$F21.A07RV$F31.A16NQ
Column: anPortSeq code=1;value=1
Column: evalInfo code=tseNationalCaseId=IT_BSE_001$tseIndexCase=Y$sampEventAsses=J046A;value=tseNationalCaseId=IT_BSE_001$tseIndexCase=Y$sampEventAsses=J046A
Column: sampUnitType code=G199A;value=G199A
Column: repCountry code=LV;value=LV
Column: sampM code=1;value=1
Column: progLegalRef code=N123A;value=N123A

2023-08-21 13:29:11,068 WARN f.RelationFormula [Thread-4] No value was found for relation Relation: [SummarizedInformation] 1=>N [AnalyticalResults] for formula RELATION{SummarizedInformation,type.code} in ID: -1
Column: statusHerd code=IT$birthYear;value=IT$birthYear
Column: sampMatCode code=A04MQ#F01.A057E$F02.A16YL$F21.A07RV$F31.A16NQ;value=A04MQ#F01.A057E$F02.A16YL$F21.A07RV$F31.A16NQ
Column: sampEventId code=5a8e7319-0fe8-41a3-b6d2-9f26f5a2edeb.A.IT89632;value=5a8e7319-0fe8-41a3-b6d2-9f26f5a2edeb.A.IT89632
Column: sampY code=2017;value=2017
Column: progId code=5a8e7319-0fe8-41a3-b6d2-9f26f5a2edeb.N123A.TG002A;value=5a8e7319-0fe8-41a3-b6d2-9f26f5a2edeb.N123A.TG002A
Column: sampEventInfo code=birthCountry=IT$birthYear=2008$birthMonth=4;value=birthCountry=IT$birthYear=2008$birthMonth=4
Column: repYear code=2017;value=2017
Column: sampMatType code=S000A;value=S000A
Column: sampInfo code=origSampId=5a8e7319-0fe8-41a3-b6d2-9f26f5a2edeb;value=origSampId=5a8e7319-0fe8-41a3-b6d2-9f26f5a2edeb
Column: paramType code=P001A;value=P001A
Column: sampAnId code=9683;value=9683
Column: anMethRefId code=AT06A.F639A;value=AT06A.F639A
Column: sampCountry code=LV;value=LV
Column: paramCodeBaseTerm code=RF-00004884-PAR;value=RF-00004884-PAR
Column: resType code=BIN;value=BIN
Column: ReportId code=613;value=613
Column: progInfo code=tseTargetGroup=TG002A;value=tseTargetGroup=TG002A
Column: sampId code=9683;value=9683
Column: analysisY code=2017;value=2017
Column: anMethType code=AT06A;value=AT06A
Column: resId code=5a8e7319-0fe8-41a3-b6d2-9f26f5a2edeb.000001;value=5a8e7319-0fe8-41a3-b6d2-9f26f5a2edeb.000001
Column: anMethCode code=F639A;value=F639A
Column: sampArea code=LV00;value=LV00
Column: resQualValue code=POS;value=POS
Column: paramCode code=RF-00004884-PAR;value=RF-00004884-PAR
Column: sampUnitIds code=animalId=IT89632;value=animalId=IT89632
Column: anMatCode code=A04MQ#F01.A057E$F02.A16YL$F21.A07RV$F31.A16NQ;value=A04MQ#F01.A057E$F02.A16YL$F21.A07RV$F31.A16NQ
Column: anPortSeq code=1;value=1
Column: evalInfo code=tseNationalCaseId=IT_BSE_001$tseIndexCase=Y$sampEventAsses=J046A;value=tseNationalCaseId=IT_BSE_001$tseIndexCase=Y$sampEventAsses=J046A
Column: sampUnitType code=G199A;value=G199A
Column: repCountry code=LV;value=LV
Column: sampM code=1;value=1
Column: progLegalRef code=N123A;value=N123A

2023-08-21 13:29:26,684 ERROR t.TableDao [main] IMPORTANT: The element F638A is missing in the picklist anlymdLists in the picklists\ folder. Putting an empty value.
2023-08-21 13:29:26,684 ERROR t.TableDao [main] IMPORTANT: The element 2017 is missing in the picklist reportYearsList in the picklists\ folder. Putting an empty value.
2023-08-21 13:29:26,891 ERROR t.TableDao [main] IMPORTANT: The element F626A is missing in the picklist anlymdLists in the picklists\ folder. Putting an empty value.
2023-08-21 13:29:26,891 ERROR t.TableDao [main] IMPORTANT: The element 2017 is missing in the picklist reportYearsList in the picklists\ folder. Putting an empty value.
2023-08-21 13:29:26,901 ERROR t.TableDao [main] IMPORTANT: The element 2017 is missing in the picklist reportYearsList in the picklists\ folder. Putting an empty value.
2023-08-21 13:29:26,913 ERROR t.Relation [main] No relation found for Settings 1=>N CasesInformation
2023-08-21 13:29:26,915 ERROR t.Relation [main] No relation found for Preferences 1=>N CasesInformation
2023-08-21 13:29:26,925 ERROR t.Relation [main] No relation found for Settings 1=>N AnalyticalResults
2023-08-21 13:29:26,927 ERROR t.Relation [main] No relation found for Preferences 1=>N AnalyticalResults
2023-08-21 13:29:26,932 ERROR t.Relation [main] No relation found for Settings 1=>N AnalyticalResults
2023-08-21 13:29:26,934 ERROR t.Relation [main] No relation found for Preferences 1=>N AnalyticalResults
2023-08-21 13:29:26,938 ERROR t.Relation [main] No relation found for Settings 1=>N AnalyticalResults
2023-08-21 13:29:26,941 ERROR t.Relation [main] No relation found for Preferences 1=>N AnalyticalResults
2023-08-21 13:29:27,032 ERROR t.TableDao [main] IMPORTANT: The element F638A is missing in the picklist anlymdLists in the picklists\ folder. Putting an empty value.
2023-08-21 13:29:27,032 ERROR t.TableDao [main] IMPORTANT: The element 2017 is missing in the picklist reportYearsList in the picklists\ folder. Putting an empty value.
2023-08-21 13:29:27,118 ERROR t.TableDao [main] IMPORTANT: The element F626A is missing in the picklist anlymdLists in the picklists\ folder. Putting an empty value.
2023-08-21 13:29:27,118 ERROR t.TableDao [main] IMPORTANT: The element 2017 is missing in the picklist reportYearsList in the picklists\ folder. Putting an empty value.
2023-08-21 13:29:27,138 ERROR t.TableDao [main] IMPORTANT: The element 2017 is missing in the picklist reportYearsList in the picklists\ folder. Putting an empty value.
2023-08-21 13:29:27,149 ERROR t.Relation [main] No relation found for Settings 1=>N CasesInformation
2023-08-21 13:29:27,152 ERROR t.Relation [main] No relation found for Preferences 1=>N CasesInformation
2023-08-21 13:29:27,157 ERROR t.Relation [main] No relation found for Settings 1=>N AnalyticalResults
2023-08-21 13:29:27,161 ERROR t.Relation [main] No relation found for Preferences 1=>N AnalyticalResults
2023-08-21 13:29:27,167 ERROR t.Relation [main] No relation found for Settings 1=>N AnalyticalResults
2023-08-21 13:29:27,169 ERROR t.Relation [main] No relation found for Preferences 1=>N AnalyticalResults
2023-08-21 13:29:27,173 ERROR t.Relation [main] No relation found for Settings 1=>N AnalyticalResults
2023-08-21 13:29:27,176 ERROR t.Relation [main] No relation found for Preferences 1=>N AnalyticalResults
2023-08-21 13:29:39,570 ERROR t.TseReportValidator [main] Cannot check age class
java.io.IOException: Cannot validate age with wrong year/month data. Found Report= 1 Found Birth=2008 10
	at tse_validator.AgeClassValidator.validate(AgeClassValidator.java:101) ~[classes/:?]
	at tse_validator.TseReportValidator.checkAgeClass(TseReportValidator.java:491) [classes/:?]
	at tse_validator.TseReportValidator.checkCaseInfo(TseReportValidator.java:387) [classes/:?]
	at tse_validator.TseReportValidator.validate(TseReportValidator.java:87) [classes/:?]
	at tse_summarized_information.SummarizedInfoDialog$5.widgetSelected(SummarizedInfoDialog.java:345) [classes/:?]
	at org.eclipse.swt.widgets.TypedListener.handleEvent(Unknown Source) [swt.win64-3.655.jar:?]
	at org.eclipse.swt.widgets.EventTable.sendEvent(Unknown Source) [swt.win64-3.655.jar:?]
	at org.eclipse.swt.widgets.Widget.sendEvent(Unknown Source) [swt.win64-3.655.jar:?]
	at org.eclipse.swt.widgets.Display.runDeferredEvents(Unknown Source) [swt.win64-3.655.jar:?]
	at org.eclipse.swt.widgets.Display.readAndDispatch(Unknown Source) [swt.win64-3.655.jar:?]
	at tse_main.StartUI.launch(StartUI.java:368) [classes/:?]
	at tse_main.StartUI.main(StartUI.java:197) [classes/:?]
2023-08-21 13:29:39,626 ERROR t.TseReportValidator [main] Cannot check age class
java.io.IOException: Cannot validate age with wrong year/month data. Found Report= 1 Found Birth=2008 4
	at tse_validator.AgeClassValidator.validate(AgeClassValidator.java:101) ~[classes/:?]
	at tse_validator.TseReportValidator.checkAgeClass(TseReportValidator.java:491) [classes/:?]
	at tse_validator.TseReportValidator.checkCaseInfo(TseReportValidator.java:387) [classes/:?]
	at tse_validator.TseReportValidator.validate(TseReportValidator.java:87) [classes/:?]
	at tse_summarized_information.SummarizedInfoDialog$5.widgetSelected(SummarizedInfoDialog.java:345) [classes/:?]
	at org.eclipse.swt.widgets.TypedListener.handleEvent(Unknown Source) [swt.win64-3.655.jar:?]
	at org.eclipse.swt.widgets.EventTable.sendEvent(Unknown Source) [swt.win64-3.655.jar:?]
	at org.eclipse.swt.widgets.Widget.sendEvent(Unknown Source) [swt.win64-3.655.jar:?]
	at org.eclipse.swt.widgets.Display.runDeferredEvents(Unknown Source) [swt.win64-3.655.jar:?]
	at org.eclipse.swt.widgets.Display.readAndDispatch(Unknown Source) [swt.win64-3.655.jar:?]
	at tse_main.StartUI.launch(StartUI.java:368) [classes/:?]
	at tse_main.StartUI.main(StartUI.java:197) [classes/:?]
2023-08-21 13:29:39,657 ERROR t.TseReportValidator [main] Error in parsing a non-numeric String
java.lang.NumberFormatException: For input string: ""
	at java.lang.NumberFormatException.forInputString(NumberFormatException.java:65) ~[?:1.8.0_382]
	at java.lang.Integer.parseInt(Integer.java:592) ~[?:1.8.0_382]
	at java.lang.Integer.valueOf(Integer.java:766) ~[?:1.8.0_382]
	at date_comparator.TseDate.<init>(TseDate.java:14) ~[classes/:?]
	at tse_validator.TseReportValidator.checkResult(TseReportValidator.java:534) [classes/:?]
	at tse_validator.TseReportValidator.validate(TseReportValidator.java:85) [classes/:?]
	at tse_summarized_information.SummarizedInfoDialog$5.widgetSelected(SummarizedInfoDialog.java:345) [classes/:?]
	at org.eclipse.swt.widgets.TypedListener.handleEvent(Unknown Source) [swt.win64-3.655.jar:?]
	at org.eclipse.swt.widgets.EventTable.sendEvent(Unknown Source) [swt.win64-3.655.jar:?]
	at org.eclipse.swt.widgets.Widget.sendEvent(Unknown Source) [swt.win64-3.655.jar:?]
	at org.eclipse.swt.widgets.Display.runDeferredEvents(Unknown Source) [swt.win64-3.655.jar:?]
	at org.eclipse.swt.widgets.Display.readAndDispatch(Unknown Source) [swt.win64-3.655.jar:?]
	at tse_main.StartUI.launch(StartUI.java:368) [classes/:?]
	at tse_main.StartUI.main(StartUI.java:197) [classes/:?]
2023-08-21 13:29:39,687 ERROR t.TseReportValidator [main] Error in parsing a non-numeric String
java.lang.NumberFormatException: For input string: ""
	at java.lang.NumberFormatException.forInputString(NumberFormatException.java:65) ~[?:1.8.0_382]
	at java.lang.Integer.parseInt(Integer.java:592) ~[?:1.8.0_382]
	at java.lang.Integer.valueOf(Integer.java:766) ~[?:1.8.0_382]
	at date_comparator.TseDate.<init>(TseDate.java:14) ~[classes/:?]
	at tse_validator.TseReportValidator.checkResult(TseReportValidator.java:534) [classes/:?]
	at tse_validator.TseReportValidator.validate(TseReportValidator.java:85) [classes/:?]
	at tse_summarized_information.SummarizedInfoDialog$5.widgetSelected(SummarizedInfoDialog.java:345) [classes/:?]
	at org.eclipse.swt.widgets.TypedListener.handleEvent(Unknown Source) [swt.win64-3.655.jar:?]
	at org.eclipse.swt.widgets.EventTable.sendEvent(Unknown Source) [swt.win64-3.655.jar:?]
	at org.eclipse.swt.widgets.Widget.sendEvent(Unknown Source) [swt.win64-3.655.jar:?]
	at org.eclipse.swt.widgets.Display.runDeferredEvents(Unknown Source) [swt.win64-3.655.jar:?]
	at org.eclipse.swt.widgets.Display.readAndDispatch(Unknown Source) [swt.win64-3.655.jar:?]
	at tse_main.StartUI.launch(StartUI.java:368) [classes/:?]
	at tse_main.StartUI.main(StartUI.java:197) [classes/:?]
2023-08-21 13:29:39,719 ERROR t.TseReportValidator [main] Error in parsing a non-numeric String
java.lang.NumberFormatException: For input string: ""
	at java.lang.NumberFormatException.forInputString(NumberFormatException.java:65) ~[?:1.8.0_382]
	at java.lang.Integer.parseInt(Integer.java:592) ~[?:1.8.0_382]
	at java.lang.Integer.valueOf(Integer.java:766) ~[?:1.8.0_382]
	at date_comparator.TseDate.<init>(TseDate.java:14) ~[classes/:?]
	at tse_validator.TseReportValidator.checkResult(TseReportValidator.java:534) [classes/:?]
	at tse_validator.TseReportValidator.validate(TseReportValidator.java:85) [classes/:?]
	at tse_summarized_information.SummarizedInfoDialog$5.widgetSelected(SummarizedInfoDialog.java:345) [classes/:?]
	at org.eclipse.swt.widgets.TypedListener.handleEvent(Unknown Source) [swt.win64-3.655.jar:?]
	at org.eclipse.swt.widgets.EventTable.sendEvent(Unknown Source) [swt.win64-3.655.jar:?]
	at org.eclipse.swt.widgets.Widget.sendEvent(Unknown Source) [swt.win64-3.655.jar:?]
	at org.eclipse.swt.widgets.Display.runDeferredEvents(Unknown Source) [swt.win64-3.655.jar:?]
	at org.eclipse.swt.widgets.Display.readAndDispatch(Unknown Source) [swt.win64-3.655.jar:?]
	at tse_main.StartUI.launch(StartUI.java:368) [classes/:?]
	at tse_main.StartUI.main(StartUI.java:197) [classes/:?]
2023-08-21 13:29:39,746 ERROR t.TseReportValidator [main] Error in parsing a non-numeric String
java.lang.NumberFormatException: For input string: ""
	at java.lang.NumberFormatException.forInputString(NumberFormatException.java:65) ~[?:1.8.0_382]
	at java.lang.Integer.parseInt(Integer.java:592) ~[?:1.8.0_382]
	at java.lang.Integer.valueOf(Integer.java:766) ~[?:1.8.0_382]
	at date_comparator.TseDate.<init>(TseDate.java:14) ~[classes/:?]
	at tse_validator.TseReportValidator.checkResult(TseReportValidator.java:534) [classes/:?]
	at tse_validator.TseReportValidator.validate(TseReportValidator.java:85) [classes/:?]
	at tse_summarized_information.SummarizedInfoDialog$5.widgetSelected(SummarizedInfoDialog.java:345) [classes/:?]
	at org.eclipse.swt.widgets.TypedListener.handleEvent(Unknown Source) [swt.win64-3.655.jar:?]
	at org.eclipse.swt.widgets.EventTable.sendEvent(Unknown Source) [swt.win64-3.655.jar:?]
	at org.eclipse.swt.widgets.Widget.sendEvent(Unknown Source) [swt.win64-3.655.jar:?]
	at org.eclipse.swt.widgets.Display.runDeferredEvents(Unknown Source) [swt.win64-3.655.jar:?]
	at org.eclipse.swt.widgets.Display.readAndDispatch(Unknown Source) [swt.win64-3.655.jar:?]
	at tse_main.StartUI.launch(StartUI.java:368) [classes/:?]
	at tse_main.StartUI.main(StartUI.java:197) [classes/:?]
2023-08-21 13:29:39,772 ERROR t.TseReportValidator [main] Error in parsing a non-numeric String
java.lang.NumberFormatException: For input string: ""
	at java.lang.NumberFormatException.forInputString(NumberFormatException.java:65) ~[?:1.8.0_382]
	at java.lang.Integer.parseInt(Integer.java:592) ~[?:1.8.0_382]
	at java.lang.Integer.valueOf(Integer.java:766) ~[?:1.8.0_382]
	at date_comparator.TseDate.<init>(TseDate.java:14) ~[classes/:?]
	at tse_validator.TseReportValidator.checkResult(TseReportValidator.java:534) [classes/:?]
	at tse_validator.TseReportValidator.validate(TseReportValidator.java:85) [classes/:?]
	at tse_summarized_information.SummarizedInfoDialog$5.widgetSelected(SummarizedInfoDialog.java:345) [classes/:?]
	at org.eclipse.swt.widgets.TypedListener.handleEvent(Unknown Source) [swt.win64-3.655.jar:?]
	at org.eclipse.swt.widgets.EventTable.sendEvent(Unknown Source) [swt.win64-3.655.jar:?]
	at org.eclipse.swt.widgets.Widget.sendEvent(Unknown Source) [swt.win64-3.655.jar:?]
	at org.eclipse.swt.widgets.Display.runDeferredEvents(Unknown Source) [swt.win64-3.655.jar:?]
	at org.eclipse.swt.widgets.Display.readAndDispatch(Unknown Source) [swt.win64-3.655.jar:?]
	at tse_main.StartUI.launch(StartUI.java:368) [classes/:?]
	at tse_main.StartUI.main(StartUI.java:197) [classes/:?]
2023-08-21 13:29:39,804 ERROR t.TseReportValidator [main] Error in parsing a non-numeric String
java.lang.NumberFormatException: For input string: ""
	at java.lang.NumberFormatException.forInputString(NumberFormatException.java:65) ~[?:1.8.0_382]
	at java.lang.Integer.parseInt(Integer.java:592) ~[?:1.8.0_382]
	at java.lang.Integer.valueOf(Integer.java:766) ~[?:1.8.0_382]
	at date_comparator.TseDate.<init>(TseDate.java:14) ~[classes/:?]
	at tse_validator.TseReportValidator.checkResult(TseReportValidator.java:534) [classes/:?]
	at tse_validator.TseReportValidator.validate(TseReportValidator.java:85) [classes/:?]
	at tse_summarized_information.SummarizedInfoDialog$5.widgetSelected(SummarizedInfoDialog.java:345) [classes/:?]
	at org.eclipse.swt.widgets.TypedListener.handleEvent(Unknown Source) [swt.win64-3.655.jar:?]
	at org.eclipse.swt.widgets.EventTable.sendEvent(Unknown Source) [swt.win64-3.655.jar:?]
	at org.eclipse.swt.widgets.Widget.sendEvent(Unknown Source) [swt.win64-3.655.jar:?]
	at org.eclipse.swt.widgets.Display.runDeferredEvents(Unknown Source) [swt.win64-3.655.jar:?]
	at org.eclipse.swt.widgets.Display.readAndDispatch(Unknown Source) [swt.win64-3.655.jar:?]
	at tse_main.StartUI.launch(StartUI.java:368) [classes/:?]
	at tse_main.StartUI.main(StartUI.java:197) [classes/:?]
2023-08-21 13:30:22,365 ERROR t.TseReportValidator [main] Cannot check age class
java.io.IOException: Cannot validate age with wrong year/month data. Found Report= 1 Found Birth=2008 10
	at tse_validator.AgeClassValidator.validate(AgeClassValidator.java:101) ~[classes/:?]
	at tse_validator.TseReportValidator.checkAgeClass(TseReportValidator.java:491) [classes/:?]
	at tse_validator.TseReportValidator.checkCaseInfo(TseReportValidator.java:387) [classes/:?]
	at tse_validator.TseReportValidator.validate(TseReportValidator.java:87) [classes/:?]
	at tse_summarized_information.SummarizedInfoDialog$5.widgetSelected(SummarizedInfoDialog.java:345) [classes/:?]
	at org.eclipse.swt.widgets.TypedListener.handleEvent(Unknown Source) [swt.win64-3.655.jar:?]
	at org.eclipse.swt.widgets.EventTable.sendEvent(Unknown Source) [swt.win64-3.655.jar:?]
	at org.eclipse.swt.widgets.Widget.sendEvent(Unknown Source) [swt.win64-3.655.jar:?]
	at org.eclipse.swt.widgets.Display.runDeferredEvents(Unknown Source) [swt.win64-3.655.jar:?]
	at org.eclipse.swt.widgets.Display.readAndDispatch(Unknown Source) [swt.win64-3.655.jar:?]
	at tse_main.StartUI.launch(StartUI.java:368) [classes/:?]
	at tse_main.StartUI.main(StartUI.java:197) [classes/:?]
2023-08-21 13:30:22,396 ERROR t.TseReportValidator [main] Cannot check age class
java.io.IOException: Cannot validate age with wrong year/month data. Found Report= 1 Found Birth=2008 4
	at tse_validator.AgeClassValidator.validate(AgeClassValidator.java:101) ~[classes/:?]
	at tse_validator.TseReportValidator.checkAgeClass(TseReportValidator.java:491) [classes/:?]
	at tse_validator.TseReportValidator.checkCaseInfo(TseReportValidator.java:387) [classes/:?]
	at tse_validator.TseReportValidator.validate(TseReportValidator.java:87) [classes/:?]
	at tse_summarized_information.SummarizedInfoDialog$5.widgetSelected(SummarizedInfoDialog.java:345) [classes/:?]
	at org.eclipse.swt.widgets.TypedListener.handleEvent(Unknown Source) [swt.win64-3.655.jar:?]
	at org.eclipse.swt.widgets.EventTable.sendEvent(Unknown Source) [swt.win64-3.655.jar:?]
	at org.eclipse.swt.widgets.Widget.sendEvent(Unknown Source) [swt.win64-3.655.jar:?]
	at org.eclipse.swt.widgets.Display.runDeferredEvents(Unknown Source) [swt.win64-3.655.jar:?]
	at org.eclipse.swt.widgets.Display.readAndDispatch(Unknown Source) [swt.win64-3.655.jar:?]
	at tse_main.StartUI.launch(StartUI.java:368) [classes/:?]
	at tse_main.StartUI.main(StartUI.java:197) [classes/:?]
2023-08-21 13:30:22,420 ERROR t.TseReportValidator [main] Error in parsing a non-numeric String
java.lang.NumberFormatException: For input string: ""
	at java.lang.NumberFormatException.forInputString(NumberFormatException.java:65) ~[?:1.8.0_382]
	at java.lang.Integer.parseInt(Integer.java:592) ~[?:1.8.0_382]
	at java.lang.Integer.valueOf(Integer.java:766) ~[?:1.8.0_382]
	at date_comparator.TseDate.<init>(TseDate.java:14) ~[classes/:?]
	at tse_validator.TseReportValidator.checkResult(TseReportValidator.java:535) [classes/:?]
	at tse_validator.TseReportValidator.validate(TseReportValidator.java:85) [classes/:?]
	at tse_summarized_information.SummarizedInfoDialog$5.widgetSelected(SummarizedInfoDialog.java:345) [classes/:?]
	at org.eclipse.swt.widgets.TypedListener.handleEvent(Unknown Source) [swt.win64-3.655.jar:?]
	at org.eclipse.swt.widgets.EventTable.sendEvent(Unknown Source) [swt.win64-3.655.jar:?]
	at org.eclipse.swt.widgets.Widget.sendEvent(Unknown Source) [swt.win64-3.655.jar:?]
	at org.eclipse.swt.widgets.Display.runDeferredEvents(Unknown Source) [swt.win64-3.655.jar:?]
	at org.eclipse.swt.widgets.Display.readAndDispatch(Unknown Source) [swt.win64-3.655.jar:?]
	at tse_main.StartUI.launch(StartUI.java:368) [classes/:?]
	at tse_main.StartUI.main(StartUI.java:197) [classes/:?]
2023-08-21 13:30:22,446 ERROR t.TseReportValidator [main] Error in parsing a non-numeric String
java.lang.NumberFormatException: For input string: ""
	at java.lang.NumberFormatException.forInputString(NumberFormatException.java:65) ~[?:1.8.0_382]
	at java.lang.Integer.parseInt(Integer.java:592) ~[?:1.8.0_382]
	at java.lang.Integer.valueOf(Integer.java:766) ~[?:1.8.0_382]
	at date_comparator.TseDate.<init>(TseDate.java:14) ~[classes/:?]
	at tse_validator.TseReportValidator.checkResult(TseReportValidator.java:535) [classes/:?]
	at tse_validator.TseReportValidator.validate(TseReportValidator.java:85) [classes/:?]
	at tse_summarized_information.SummarizedInfoDialog$5.widgetSelected(SummarizedInfoDialog.java:345) [classes/:?]
	at org.eclipse.swt.widgets.TypedListener.handleEvent(Unknown Source) [swt.win64-3.655.jar:?]
	at org.eclipse.swt.widgets.EventTable.sendEvent(Unknown Source) [swt.win64-3.655.jar:?]
	at org.eclipse.swt.widgets.Widget.sendEvent(Unknown Source) [swt.win64-3.655.jar:?]
	at org.eclipse.swt.widgets.Display.runDeferredEvents(Unknown Source) [swt.win64-3.655.jar:?]
	at org.eclipse.swt.widgets.Display.readAndDispatch(Unknown Source) [swt.win64-3.655.jar:?]
	at tse_main.StartUI.launch(StartUI.java:368) [classes/:?]
	at tse_main.StartUI.main(StartUI.java:197) [classes/:?]
2023-08-21 13:30:22,472 ERROR t.TseReportValidator [main] Error in parsing a non-numeric String
java.lang.NumberFormatException: For input string: ""
	at java.lang.NumberFormatException.forInputString(NumberFormatException.java:65) ~[?:1.8.0_382]
	at java.lang.Integer.parseInt(Integer.java:592) ~[?:1.8.0_382]
	at java.lang.Integer.valueOf(Integer.java:766) ~[?:1.8.0_382]
	at date_comparator.TseDate.<init>(TseDate.java:14) ~[classes/:?]
	at tse_validator.TseReportValidator.checkResult(TseReportValidator.java:535) [classes/:?]
	at tse_validator.TseReportValidator.validate(TseReportValidator.java:85) [classes/:?]
	at tse_summarized_information.SummarizedInfoDialog$5.widgetSelected(SummarizedInfoDialog.java:345) [classes/:?]
	at org.eclipse.swt.widgets.TypedListener.handleEvent(Unknown Source) [swt.win64-3.655.jar:?]
	at org.eclipse.swt.widgets.EventTable.sendEvent(Unknown Source) [swt.win64-3.655.jar:?]
	at org.eclipse.swt.widgets.Widget.sendEvent(Unknown Source) [swt.win64-3.655.jar:?]
	at org.eclipse.swt.widgets.Display.runDeferredEvents(Unknown Source) [swt.win64-3.655.jar:?]
	at org.eclipse.swt.widgets.Display.readAndDispatch(Unknown Source) [swt.win64-3.655.jar:?]
	at tse_main.StartUI.launch(StartUI.java:368) [classes/:?]
	at tse_main.StartUI.main(StartUI.java:197) [classes/:?]
2023-08-21 13:30:22,506 ERROR t.TseReportValidator [main] Error in parsing a non-numeric String
java.lang.NumberFormatException: For input string: ""
	at java.lang.NumberFormatException.forInputString(NumberFormatException.java:65) ~[?:1.8.0_382]
	at java.lang.Integer.parseInt(Integer.java:592) ~[?:1.8.0_382]
	at java.lang.Integer.valueOf(Integer.java:766) ~[?:1.8.0_382]
	at date_comparator.TseDate.<init>(TseDate.java:14) ~[classes/:?]
	at tse_validator.TseReportValidator.checkResult(TseReportValidator.java:535) [classes/:?]
	at tse_validator.TseReportValidator.validate(TseReportValidator.java:85) [classes/:?]
	at tse_summarized_information.SummarizedInfoDialog$5.widgetSelected(SummarizedInfoDialog.java:345) [classes/:?]
	at org.eclipse.swt.widgets.TypedListener.handleEvent(Unknown Source) [swt.win64-3.655.jar:?]
	at org.eclipse.swt.widgets.EventTable.sendEvent(Unknown Source) [swt.win64-3.655.jar:?]
	at org.eclipse.swt.widgets.Widget.sendEvent(Unknown Source) [swt.win64-3.655.jar:?]
	at org.eclipse.swt.widgets.Display.runDeferredEvents(Unknown Source) [swt.win64-3.655.jar:?]
	at org.eclipse.swt.widgets.Display.readAndDispatch(Unknown Source) [swt.win64-3.655.jar:?]
	at tse_main.StartUI.launch(StartUI.java:368) [classes/:?]
	at tse_main.StartUI.main(StartUI.java:197) [classes/:?]
2023-08-21 13:30:22,530 ERROR t.TseReportValidator [main] Error in parsing a non-numeric String
java.lang.NumberFormatException: For input string: ""
	at java.lang.NumberFormatException.forInputString(NumberFormatException.java:65) ~[?:1.8.0_382]
	at java.lang.Integer.parseInt(Integer.java:592) ~[?:1.8.0_382]
	at java.lang.Integer.valueOf(Integer.java:766) ~[?:1.8.0_382]
	at date_comparator.TseDate.<init>(TseDate.java:14) ~[classes/:?]
	at tse_validator.TseReportValidator.checkResult(TseReportValidator.java:535) [classes/:?]
	at tse_validator.TseReportValidator.validate(TseReportValidator.java:85) [classes/:?]
	at tse_summarized_information.SummarizedInfoDialog$5.widgetSelected(SummarizedInfoDialog.java:345) [classes/:?]
	at org.eclipse.swt.widgets.TypedListener.handleEvent(Unknown Source) [swt.win64-3.655.jar:?]
	at org.eclipse.swt.widgets.EventTable.sendEvent(Unknown Source) [swt.win64-3.655.jar:?]
	at org.eclipse.swt.widgets.Widget.sendEvent(Unknown Source) [swt.win64-3.655.jar:?]
	at org.eclipse.swt.widgets.Display.runDeferredEvents(Unknown Source) [swt.win64-3.655.jar:?]
	at org.eclipse.swt.widgets.Display.readAndDispatch(Unknown Source) [swt.win64-3.655.jar:?]
	at tse_main.StartUI.launch(StartUI.java:368) [classes/:?]
	at tse_main.StartUI.main(StartUI.java:197) [classes/:?]
2023-08-21 13:30:22,555 ERROR t.TseReportValidator [main] Error in parsing a non-numeric String
java.lang.NumberFormatException: For input string: ""
	at java.lang.NumberFormatException.forInputString(NumberFormatException.java:65) ~[?:1.8.0_382]
	at java.lang.Integer.parseInt(Integer.java:592) ~[?:1.8.0_382]
	at java.lang.Integer.valueOf(Integer.java:766) ~[?:1.8.0_382]
	at date_comparator.TseDate.<init>(TseDate.java:14) ~[classes/:?]
	at tse_validator.TseReportValidator.checkResult(TseReportValidator.java:535) [classes/:?]
	at tse_validator.TseReportValidator.validate(TseReportValidator.java:85) [classes/:?]
	at tse_summarized_information.SummarizedInfoDialog$5.widgetSelected(SummarizedInfoDialog.java:345) [classes/:?]
	at org.eclipse.swt.widgets.TypedListener.handleEvent(Unknown Source) [swt.win64-3.655.jar:?]
	at org.eclipse.swt.widgets.EventTable.sendEvent(Unknown Source) [swt.win64-3.655.jar:?]
	at org.eclipse.swt.widgets.Widget.sendEvent(Unknown Source) [swt.win64-3.655.jar:?]
	at org.eclipse.swt.widgets.Display.runDeferredEvents(Unknown Source) [swt.win64-3.655.jar:?]
	at org.eclipse.swt.widgets.Display.readAndDispatch(Unknown Source) [swt.win64-3.655.jar:?]
	at tse_main.StartUI.launch(StartUI.java:368) [classes/:?]
	at tse_main.StartUI.main(StartUI.java:197) [classes/:?]
2023-08-21 13:31:44,893 ERROR t.Database [main] Error in shutting down the database
java.sql.SQLNonTransientConnectionException: Database 'database\' shutdown.
	at org.apache.derby.impl.jdbc.SQLExceptionFactory.getSQLException(Unknown Source) ~[derby-10.14.2.0.jar:?]
	at org.apache.derby.impl.jdbc.Util.generateCsSQLException(Unknown Source) ~[derby-10.14.2.0.jar:?]
	at org.apache.derby.impl.jdbc.TransactionResourceImpl.wrapInSQLException(Unknown Source) ~[derby-10.14.2.0.jar:?]
	at org.apache.derby.impl.jdbc.TransactionResourceImpl.handleException(Unknown Source) ~[derby-10.14.2.0.jar:?]
	at org.apache.derby.impl.jdbc.EmbedConnection.handleException(Unknown Source) ~[derby-10.14.2.0.jar:?]
	at org.apache.derby.impl.jdbc.EmbedConnection.<init>(Unknown Source) ~[derby-10.14.2.0.jar:?]
	at org.apache.derby.jdbc.InternalDriver$1.run(Unknown Source) ~[derby-10.14.2.0.jar:?]
	at org.apache.derby.jdbc.InternalDriver$1.run(Unknown Source) ~[derby-10.14.2.0.jar:?]
	at java.security.AccessController.doPrivileged(Native Method) ~[?:1.8.0_382]
	at org.apache.derby.jdbc.InternalDriver.getNewEmbedConnection(Unknown Source) ~[derby-10.14.2.0.jar:?]
	at org.apache.derby.jdbc.InternalDriver.connect(Unknown Source) ~[derby-10.14.2.0.jar:?]
	at org.apache.derby.jdbc.InternalDriver.connect(Unknown Source) ~[derby-10.14.2.0.jar:?]
	at org.apache.derby.jdbc.AutoloadedDriver.connect(Unknown Source) ~[derby-10.14.2.0.jar:?]
	at java.sql.DriverManager.getConnection(DriverManager.java:664) ~[?:1.8.0_382]
	at java.sql.DriverManager.getConnection(DriverManager.java:270) ~[?:1.8.0_382]
	at table_database.Database.shutdown(Database.java:207) [classes/:?]
	at tse_main.StartUI.shutdown(StartUI.java:156) [classes/:?]
	at tse_main.StartUI.main(StartUI.java:198) [classes/:?]
Caused by: org.apache.derby.iapi.error.StandardException: Database 'database\' shutdown.
	at org.apache.derby.iapi.error.StandardException.newException(Unknown Source) ~[derby-10.14.2.0.jar:?]
	at org.apache.derby.iapi.error.StandardException.newException(Unknown Source) ~[derby-10.14.2.0.jar:?]
	at org.apache.derby.impl.jdbc.TransactionResourceImpl.shutdownDatabaseException(Unknown Source) ~[derby-10.14.2.0.jar:?]
	... 13 more
