2023-08-24 09:55:53,583 WARN f.RelationFormula [Thread-5] No value was found for relation Relation: [SummarizedInformation] 1=>N [AnalyticalResults] for formula RELATION{SummarizedInformation,type.code} in ID: -1
Column: statusHerd code=XE$birthInFlockHerd;value=XE$birthInFlockHerd
Column: sampMatCode code=A04MQ#F01.A057E$F02.A16ZA$F21.A07RV$F31.A16NJ$F32.A0C8Z;value=A04MQ#F01.A057E$F02.A16ZA$F21.A07RV$F31.A16NJ$F32.A0C8Z
Column: sampEventId code=07ea7581-98ad-464c-8e4c-27210e17c65e.A.bovinouli_3;value=07ea7581-98ad-464c-8e4c-27210e17c65e.A.bovinouli_3
Column: sampY code=2021;value=2021
Column: progId code=07ea7581-98ad-464c-8e4c-27210e17c65e.N123A.TG001A;value=07ea7581-98ad-464c-8e4c-27210e17c65e.N123A.TG001A
Column: sampEventInfo code=birthCountry=XE$birthInFlockHerd=Y$birthYear=2019$birthMonth=4;value=birthCountry=XE$birthInFlockHerd=Y$birthYear=2019$birthMonth=4
Column: repYear code=2021;value=2021
Column: sampMatType code=S000A;value=S000A
Column: sampInfo code=origSampId=07ea7581-98ad-464c-8e4c-27210e17c65e;value=origSampId=07ea7581-98ad-464c-8e4c-27210e17c65e
Column: paramType code=P001A;value=P001A
Column: sampAnId code=bse_trial_pos_1;value=bse_trial_pos_1
Column: anMethRefId code=AT12A.F661A;value=AT12A.F661A
Column: sampCountry code=XE;value=XE
Column: paramCodeBaseTerm code=RF-00004885-PAR;value=RF-00004885-PAR
Column: resType code=BIN;value=BIN
Column: ReportId code=801;value=801
Column: progInfo code=tseTargetGroup=TG001A;value=tseTargetGroup=TG001A
Column: sampId code=bse_trial_pos_1;value=bse_trial_pos_1
Column: analysisY code=2021;value=2021
Column: anMethType code=AT12A;value=AT12A
Column: resId code=07ea7581-98ad-464c-8e4c-27210e17c65e.000006;value=07ea7581-98ad-464c-8e4c-27210e17c65e.000006
Column: sampD code=2;value=2
Column: anMethCode code=F661A;value=F661A
Column: sampArea code=MTZZ;value=MTZZ
Column: resQualValue code=POS;value=POS
Column: paramCode code=RF-00004885-PAR;value=RF-00004885-PAR
Column: sampUnitIds code=animalId=bovinouli_3$herdId=panth_1$sampHoldingId=apart_1;value=animalId=bovinouli_3$herdId=panth_1$sampHoldingId=apart_1
Column: anMatCode code=A04MQ#F01.A057E$F02.A16ZA$F21.A07RV$F31.A16NJ$F32.A0C8Z;value=A04MQ#F01.A057E$F02.A16ZA$F21.A07RV$F31.A16NJ$F32.A0C8Z
Column: anPortSeq code=1;value=1
Column: evalInfo code=tseNationalCaseId=efsa_trial_tool_3$tseIndexCase=Y$sampEventAsses=J046A;value=tseNationalCaseId=efsa_trial_tool_3$tseIndexCase=Y$sampEventAsses=J046A
Column: sampUnitType code=G199A;value=G199A
Column: repCountry code=XE;value=XE
Column: sampM code=12;value=12
Column: progLegalRef code=N123A;value=N123A

2023-08-24 09:55:53,612 WARN f.RelationFormula [Thread-5] No value was found for relation Relation: [SummarizedInformation] 1=>N [AnalyticalResults] for formula RELATION{SummarizedInformation,type.code} in ID: -1
Column: statusHerd code=XE$birthInFlockHerd;value=XE$birthInFlockHerd
Column: sampMatCode code=A04MQ#F01.A057E$F02.A16ZA$F21.A07RV$F31.A16NJ$F32.A0C8Z;value=A04MQ#F01.A057E$F02.A16ZA$F21.A07RV$F31.A16NJ$F32.A0C8Z
Column: sampEventId code=07ea7581-98ad-464c-8e4c-27210e17c65e.A.bovinouli_3;value=07ea7581-98ad-464c-8e4c-27210e17c65e.A.bovinouli_3
Column: sampY code=2021;value=2021
Column: progId code=07ea7581-98ad-464c-8e4c-27210e17c65e.N123A.TG001A;value=07ea7581-98ad-464c-8e4c-27210e17c65e.N123A.TG001A
Column: sampEventInfo code=birthCountry=XE$birthInFlockHerd=Y$birthYear=2019$birthMonth=4;value=birthCountry=XE$birthInFlockHerd=Y$birthYear=2019$birthMonth=4
Column: repYear code=2021;value=2021
Column: sampMatType code=S000A;value=S000A
Column: sampInfo code=origSampId=07ea7581-98ad-464c-8e4c-27210e17c65e;value=origSampId=07ea7581-98ad-464c-8e4c-27210e17c65e
Column: paramType code=P001A;value=P001A
Column: sampAnId code=bse_trial_pos_1;value=bse_trial_pos_1
Column: anMethRefId code=AT06A.F639A;value=AT06A.F639A
Column: sampCountry code=XE;value=XE
Column: paramCodeBaseTerm code=RF-00004884-PAR;value=RF-00004884-PAR
Column: resType code=BIN;value=BIN
Column: ReportId code=801;value=801
Column: progInfo code=tseTargetGroup=TG001A;value=tseTargetGroup=TG001A
Column: sampId code=bse_trial_pos_1;value=bse_trial_pos_1
Column: analysisY code=2021;value=2021
Column: anMethType code=AT06A;value=AT06A
Column: resId code=07ea7581-98ad-464c-8e4c-27210e17c65e.000005;value=07ea7581-98ad-464c-8e4c-27210e17c65e.000005
Column: sampD code=2;value=2
Column: anMethCode code=F639A;value=F639A
Column: sampArea code=MTZZ;value=MTZZ
Column: resQualValue code=POS;value=POS
Column: paramCode code=RF-00004884-PAR;value=RF-00004884-PAR
Column: sampUnitIds code=animalId=bovinouli_3$herdId=panth_1$sampHoldingId=apart_1;value=animalId=bovinouli_3$herdId=panth_1$sampHoldingId=apart_1
Column: anMatCode code=A04MQ#F01.A057E$F02.A16ZA$F21.A07RV$F31.A16NJ$F32.A0C8Z;value=A04MQ#F01.A057E$F02.A16ZA$F21.A07RV$F31.A16NJ$F32.A0C8Z
Column: anPortSeq code=1;value=1
Column: evalInfo code=tseNationalCaseId=efsa_trial_tool_3$tseIndexCase=Y$sampEventAsses=J046A;value=tseNationalCaseId=efsa_trial_tool_3$tseIndexCase=Y$sampEventAsses=J046A
Column: sampUnitType code=G199A;value=G199A
Column: repCountry code=XE;value=XE
Column: sampM code=12;value=12
Column: progLegalRef code=N123A;value=N123A

2023-08-24 09:55:53,630 WARN f.RelationFormula [Thread-5] No value was found for relation Relation: [SummarizedInformation] 1=>N [AnalyticalResults] for formula RELATION{SummarizedInformation,type.code} in ID: -1
Column: statusHerd code=XE$birthInFlockHerd;value=XE$birthInFlockHerd
Column: sampMatCode code=A04MQ#F01.A057E$F02.A06AM$F21.A07RV$F31.A16NJ$F32.A0C9A;value=A04MQ#F01.A057E$F02.A06AM$F21.A07RV$F31.A16NJ$F32.A0C9A
Column: sampEventId code=07ea7581-98ad-464c-8e4c-27210e17c65e.A.bovinouli_2;value=07ea7581-98ad-464c-8e4c-27210e17c65e.A.bovinouli_2
Column: sampY code=2021;value=2021
Column: progId code=07ea7581-98ad-464c-8e4c-27210e17c65e.N123A.TG001A;value=07ea7581-98ad-464c-8e4c-27210e17c65e.N123A.TG001A
Column: sampEventInfo code=birthCountry=XE$birthInFlockHerd=Y$birthYear=2019$birthMonth=4;value=birthCountry=XE$birthInFlockHerd=Y$birthYear=2019$birthMonth=4
Column: repYear code=2021;value=2021
Column: sampMatType code=S000A;value=S000A
Column: sampInfo code=origSampId=07ea7581-98ad-464c-8e4c-27210e17c65e;value=origSampId=07ea7581-98ad-464c-8e4c-27210e17c65e
Column: paramType code=P001A;value=P001A
Column: sampAnId code=bse_trial_inc_2;value=bse_trial_inc_2
Column: anMethRefId code=AT12A.F661A;value=AT12A.F661A
Column: sampCountry code=XE;value=XE
Column: paramCodeBaseTerm code=RF-00004888-PAR;value=RF-00004888-PAR
Column: resType code=BIN;value=BIN
Column: ReportId code=801;value=801
Column: progInfo code=tseTargetGroup=TG001A;value=tseTargetGroup=TG001A
Column: sampId code=bse_trial_inc_2;value=bse_trial_inc_2
Column: analysisY code=2021;value=2021
Column: anMethType code=AT12A;value=AT12A
Column: resId code=07ea7581-98ad-464c-8e4c-27210e17c65e.000004;value=07ea7581-98ad-464c-8e4c-27210e17c65e.000004
Column: sampD code=3;value=3
Column: anMethCode code=F661A;value=F661A
Column: sampArea code=MTZZ;value=MTZZ
Column: resQualValue code=POS;value=POS
Column: paramCode code=RF-00004888-PAR;value=RF-00004888-PAR
Column: sampUnitIds code=animalId=bovinouli_2$herdId=panth_1$sampHoldingId=apart_1;value=animalId=bovinouli_2$herdId=panth_1$sampHoldingId=apart_1
Column: anMatCode code=A04MQ#F01.A057E$F02.A06AM$F21.A07RV$F31.A16NJ$F32.A0C9A;value=A04MQ#F01.A057E$F02.A06AM$F21.A07RV$F31.A16NJ$F32.A0C9A
Column: anPortSeq code=1;value=1
Column: evalInfo code=tseNationalCaseId=efsa_trial_tool_2$tseIndexCase=Y$sampEventAsses=J046A;value=tseNationalCaseId=efsa_trial_tool_2$tseIndexCase=Y$sampEventAsses=J046A
Column: sampUnitType code=G199A;value=G199A
Column: repCountry code=XE;value=XE
Column: sampM code=12;value=12
Column: progLegalRef code=N123A;value=N123A

2023-08-24 09:55:53,640 WARN f.RelationFormula [Thread-5] No value was found for relation Relation: [SummarizedInformation] 1=>N [AnalyticalResults] for formula RELATION{SummarizedInformation,type.code} in ID: -1
Column: statusHerd code=XE$birthInFlockHerd;value=XE$birthInFlockHerd
Column: sampMatCode code=A04MQ#F01.A057E$F02.A06AM$F21.A07RV$F31.A16NJ$F32.A0C9A;value=A04MQ#F01.A057E$F02.A06AM$F21.A07RV$F31.A16NJ$F32.A0C9A
Column: sampEventId code=07ea7581-98ad-464c-8e4c-27210e17c65e.A.bovinouli_2;value=07ea7581-98ad-464c-8e4c-27210e17c65e.A.bovinouli_2
Column: sampY code=2021;value=2021
Column: progId code=07ea7581-98ad-464c-8e4c-27210e17c65e.N123A.TG001A;value=07ea7581-98ad-464c-8e4c-27210e17c65e.N123A.TG001A
Column: sampEventInfo code=birthCountry=XE$birthInFlockHerd=Y$birthYear=2019$birthMonth=4;value=birthCountry=XE$birthInFlockHerd=Y$birthYear=2019$birthMonth=4
Column: repYear code=2021;value=2021
Column: sampMatType code=S000A;value=S000A
Column: sampInfo code=origSampId=07ea7581-98ad-464c-8e4c-27210e17c65e;value=origSampId=07ea7581-98ad-464c-8e4c-27210e17c65e
Column: paramType code=P001A;value=P001A
Column: sampAnId code=bse_trial_inc_2;value=bse_trial_inc_2
Column: anMethRefId code=AT06A.F639A;value=AT06A.F639A
Column: sampCountry code=XE;value=XE
Column: paramCodeBaseTerm code=RF-00004884-PAR;value=RF-00004884-PAR
Column: resType code=BIN;value=BIN
Column: ReportId code=801;value=801
Column: progInfo code=tseTargetGroup=TG001A;value=tseTargetGroup=TG001A
Column: sampId code=bse_trial_inc_2;value=bse_trial_inc_2
Column: analysisY code=2021;value=2021
Column: anMethType code=AT06A;value=AT06A
Column: resId code=07ea7581-98ad-464c-8e4c-27210e17c65e.000003;value=07ea7581-98ad-464c-8e4c-27210e17c65e.000003
Column: sampD code=3;value=3
Column: anMethCode code=F639A;value=F639A
Column: sampArea code=MTZZ;value=MTZZ
Column: resQualValue code=POS;value=POS
Column: paramCode code=RF-00004884-PAR;value=RF-00004884-PAR
Column: sampUnitIds code=animalId=bovinouli_2$herdId=panth_1$sampHoldingId=apart_1;value=animalId=bovinouli_2$herdId=panth_1$sampHoldingId=apart_1
Column: anMatCode code=A04MQ#F01.A057E$F02.A06AM$F21.A07RV$F31.A16NJ$F32.A0C9A;value=A04MQ#F01.A057E$F02.A06AM$F21.A07RV$F31.A16NJ$F32.A0C9A
Column: anPortSeq code=1;value=1
Column: evalInfo code=tseNationalCaseId=efsa_trial_tool_2$tseIndexCase=Y$sampEventAsses=J046A;value=tseNationalCaseId=efsa_trial_tool_2$tseIndexCase=Y$sampEventAsses=J046A
Column: sampUnitType code=G199A;value=G199A
Column: repCountry code=XE;value=XE
Column: sampM code=12;value=12
Column: progLegalRef code=N123A;value=N123A

2023-08-24 09:55:53,654 WARN f.RelationFormula [Thread-5] No value was found for relation Relation: [SummarizedInformation] 1=>N [AnalyticalResults] for formula RELATION{SummarizedInformation,type.code} in ID: -1
Column: statusHerd code=XE$birthInFlockHerd;value=XE$birthInFlockHerd
Column: sampMatCode code=A04MQ#F01.A057E$F02.A06AL$F21.A07RV$F31.A16NJ$F32.A0C9A;value=A04MQ#F01.A057E$F02.A06AL$F21.A07RV$F31.A16NJ$F32.A0C9A
Column: sampEventId code=07ea7581-98ad-464c-8e4c-27210e17c65e.A.bovinouli_1;value=07ea7581-98ad-464c-8e4c-27210e17c65e.A.bovinouli_1
Column: sampY code=2021;value=2021
Column: progId code=07ea7581-98ad-464c-8e4c-27210e17c65e.N123A.TG001A;value=07ea7581-98ad-464c-8e4c-27210e17c65e.N123A.TG001A
Column: sampEventInfo code=birthCountry=XE$birthInFlockHerd=Y$birthYear=2019$birthMonth=4;value=birthCountry=XE$birthInFlockHerd=Y$birthYear=2019$birthMonth=4
Column: repYear code=2021;value=2021
Column: sampMatType code=S000A;value=S000A
Column: sampInfo code=origSampId=07ea7581-98ad-464c-8e4c-27210e17c65e;value=origSampId=07ea7581-98ad-464c-8e4c-27210e17c65e
Column: paramType code=P001A;value=P001A
Column: sampAnId code=bse_trial_inc_1;value=bse_trial_inc_1
Column: anMethRefId code=AT12A.F661A;value=AT12A.F661A
Column: sampCountry code=XE;value=XE
Column: paramCodeBaseTerm code=RF-00004888-PAR;value=RF-00004888-PAR
Column: resType code=BIN;value=BIN
Column: ReportId code=801;value=801
Column: progInfo code=tseTargetGroup=TG001A;value=tseTargetGroup=TG001A
Column: sampId code=bse_trial_inc_1;value=bse_trial_inc_1
Column: analysisY code=2021;value=2021
Column: anMethType code=AT12A;value=AT12A
Column: resId code=07ea7581-98ad-464c-8e4c-27210e17c65e.000002;value=07ea7581-98ad-464c-8e4c-27210e17c65e.000002
Column: sampD code=2;value=2
Column: anMethCode code=F661A;value=F661A
Column: sampArea code=MTZZ;value=MTZZ
Column: resQualValue code=POS;value=POS
Column: paramCode code=RF-00004888-PAR;value=RF-00004888-PAR
Column: sampUnitIds code=animalId=bovinouli_1$herdId=panth_1$sampHoldingId=apart_1;value=animalId=bovinouli_1$herdId=panth_1$sampHoldingId=apart_1
Column: anMatCode code=A04MQ#F01.A057E$F02.A06AL$F21.A07RV$F31.A16NJ$F32.A0C9A;value=A04MQ#F01.A057E$F02.A06AL$F21.A07RV$F31.A16NJ$F32.A0C9A
Column: anPortSeq code=1;value=1
Column: evalInfo code=tseNationalCaseId=efsa_trial_tool_1$tseIndexCase=Y$sampEventAsses=J050A;value=tseNationalCaseId=efsa_trial_tool_1$tseIndexCase=Y$sampEventAsses=J050A
Column: sampUnitType code=G199A;value=G199A
Column: repCountry code=XE;value=XE
Column: sampM code=12;value=12
Column: progLegalRef code=N123A;value=N123A

2023-08-24 09:55:53,665 WARN f.RelationFormula [Thread-5] No value was found for relation Relation: [SummarizedInformation] 1=>N [AnalyticalResults] for formula RELATION{SummarizedInformation,type.code} in ID: -1
Column: statusHerd code=XE$birthInFlockHerd;value=XE$birthInFlockHerd
Column: sampMatCode code=A04MQ#F01.A057E$F02.A06AL$F21.A07RV$F31.A16NJ$F32.A0C9A;value=A04MQ#F01.A057E$F02.A06AL$F21.A07RV$F31.A16NJ$F32.A0C9A
Column: sampEventId code=07ea7581-98ad-464c-8e4c-27210e17c65e.A.bovinouli_1;value=07ea7581-98ad-464c-8e4c-27210e17c65e.A.bovinouli_1
Column: sampY code=2021;value=2021
Column: progId code=07ea7581-98ad-464c-8e4c-27210e17c65e.N123A.TG001A;value=07ea7581-98ad-464c-8e4c-27210e17c65e.N123A.TG001A
Column: sampEventInfo code=birthCountry=XE$birthInFlockHerd=Y$birthYear=2019$birthMonth=4;value=birthCountry=XE$birthInFlockHerd=Y$birthYear=2019$birthMonth=4
Column: repYear code=2021;value=2021
Column: sampMatType code=S000A;value=S000A
Column: sampInfo code=origSampId=07ea7581-98ad-464c-8e4c-27210e17c65e;value=origSampId=07ea7581-98ad-464c-8e4c-27210e17c65e
Column: paramType code=P001A;value=P001A
Column: sampAnId code=bse_trial_inc_1;value=bse_trial_inc_1
Column: anMethRefId code=AT06A.F639A;value=AT06A.F639A
Column: sampCountry code=XE;value=XE
Column: paramCodeBaseTerm code=RF-00004884-PAR;value=RF-00004884-PAR
Column: resType code=BIN;value=BIN
Column: ReportId code=801;value=801
Column: progInfo code=tseTargetGroup=TG001A;value=tseTargetGroup=TG001A
Column: sampId code=bse_trial_inc_1;value=bse_trial_inc_1
Column: analysisY code=2021;value=2021
Column: anMethType code=AT06A;value=AT06A
Column: resId code=07ea7581-98ad-464c-8e4c-27210e17c65e.000001;value=07ea7581-98ad-464c-8e4c-27210e17c65e.000001
Column: sampD code=2;value=2
Column: anMethCode code=F639A;value=F639A
Column: sampArea code=MTZZ;value=MTZZ
Column: resQualValue code=POS;value=POS
Column: paramCode code=RF-00004884-PAR;value=RF-00004884-PAR
Column: sampUnitIds code=animalId=bovinouli_1$herdId=panth_1$sampHoldingId=apart_1;value=animalId=bovinouli_1$herdId=panth_1$sampHoldingId=apart_1
Column: anMatCode code=A04MQ#F01.A057E$F02.A06AL$F21.A07RV$F31.A16NJ$F32.A0C9A;value=A04MQ#F01.A057E$F02.A06AL$F21.A07RV$F31.A16NJ$F32.A0C9A
Column: anPortSeq code=1;value=1
Column: evalInfo code=tseNationalCaseId=efsa_trial_tool_1$tseIndexCase=Y$sampEventAsses=J050A;value=tseNationalCaseId=efsa_trial_tool_1$tseIndexCase=Y$sampEventAsses=J050A
Column: sampUnitType code=G199A;value=G199A
Column: repCountry code=XE;value=XE
Column: sampM code=12;value=12
Column: progLegalRef code=N123A;value=N123A

2023-08-24 09:56:29,599 ERROR t.Database [main] Error in shutting down the database
java.sql.SQLNonTransientConnectionException: Database 'database\' shutdown.
	at org.apache.derby.impl.jdbc.SQLExceptionFactory.getSQLException(Unknown Source) ~[derby-10.14.2.0.jar:?]
	at org.apache.derby.impl.jdbc.Util.generateCsSQLException(Unknown Source) ~[derby-10.14.2.0.jar:?]
	at org.apache.derby.impl.jdbc.TransactionResourceImpl.wrapInSQLException(Unknown Source) ~[derby-10.14.2.0.jar:?]
	at org.apache.derby.impl.jdbc.TransactionResourceImpl.handleException(Unknown Source) ~[derby-10.14.2.0.jar:?]
	at org.apache.derby.impl.jdbc.EmbedConnection.handleException(Unknown Source) ~[derby-10.14.2.0.jar:?]
	at org.apache.derby.impl.jdbc.EmbedConnection.<init>(Unknown Source) ~[derby-10.14.2.0.jar:?]
	at org.apache.derby.jdbc.InternalDriver$1.run(Unknown Source) ~[derby-10.14.2.0.jar:?]
	at org.apache.derby.jdbc.InternalDriver$1.run(Unknown Source) ~[derby-10.14.2.0.jar:?]
	at java.security.AccessController.doPrivileged(Native Method) ~[?:1.8.0_382]
	at org.apache.derby.jdbc.InternalDriver.getNewEmbedConnection(Unknown Source) ~[derby-10.14.2.0.jar:?]
	at org.apache.derby.jdbc.InternalDriver.connect(Unknown Source) ~[derby-10.14.2.0.jar:?]
	at org.apache.derby.jdbc.InternalDriver.connect(Unknown Source) ~[derby-10.14.2.0.jar:?]
	at org.apache.derby.jdbc.AutoloadedDriver.connect(Unknown Source) ~[derby-10.14.2.0.jar:?]
	at java.sql.DriverManager.getConnection(DriverManager.java:664) ~[?:1.8.0_382]
	at java.sql.DriverManager.getConnection(DriverManager.java:270) ~[?:1.8.0_382]
	at table_database.Database.shutdown(Database.java:207) [classes/:?]
	at tse_main.StartUI.shutdown(StartUI.java:156) [classes/:?]
	at tse_main.StartUI.main(StartUI.java:198) [classes/:?]
Caused by: org.apache.derby.iapi.error.StandardException: Database 'database\' shutdown.
	at org.apache.derby.iapi.error.StandardException.newException(Unknown Source) ~[derby-10.14.2.0.jar:?]
	at org.apache.derby.iapi.error.StandardException.newException(Unknown Source) ~[derby-10.14.2.0.jar:?]
	at org.apache.derby.impl.jdbc.TransactionResourceImpl.shutdownDatabaseException(Unknown Source) ~[derby-10.14.2.0.jar:?]
	... 13 more
