2023-08-08 14:19:10,081 FATAL t.StartUI [main] Generic error occurred
java.lang.NullPointerException: null
	at tse_amend_report.ReportAmenderDialog.hasAmendableReports(ReportAmenderDialog.java:204) ~[classes/:?]
	at tse_amend_report.ReportAmenderDialog.lambda$filterDcListWithAmendedReports$0(ReportAmenderDialog.java:197) ~[classes/:?]
	at java.util.stream.ReferencePipeline$2$1.accept(ReferencePipeline.java:174) ~[?:1.8.0_382]
	at java.util.ArrayList$ArrayListSpliterator.forEachRemaining(ArrayList.java:1384) ~[?:1.8.0_382]
	at java.util.stream.AbstractPipeline.copyInto(AbstractPipeline.java:482) ~[?:1.8.0_382]
	at java.util.stream.AbstractPipeline.wrapAndCopyInto(AbstractPipeline.java:472) ~[?:1.8.0_382]
	at java.util.stream.ReduceOps$ReduceOp.evaluateSequential(ReduceOps.java:708) ~[?:1.8.0_382]
	at java.util.stream.AbstractPipeline.evaluate(AbstractPipeline.java:234) ~[?:1.8.0_382]
	at java.util.stream.ReferencePipeline.collect(ReferencePipeline.java:566) ~[?:1.8.0_382]
	at tse_amend_report.ReportAmenderDialog.filterDcListWithAmendedReports(ReportAmenderDialog.java:198) ~[classes/:?]
	at tse_amend_report.ReportAmenderDialog.amend(ReportAmenderDialog.java:58) ~[classes/:?]
	at tse_main.MainMenu$7.widgetSelected(MainMenu.java:369) ~[classes/:?]
	at org.eclipse.swt.widgets.TypedListener.handleEvent(Unknown Source) ~[swt.win64-3.655.jar:?]
	at org.eclipse.swt.widgets.EventTable.sendEvent(Unknown Source) ~[swt.win64-3.655.jar:?]
	at org.eclipse.swt.widgets.Widget.sendEvent(Unknown Source) ~[swt.win64-3.655.jar:?]
	at org.eclipse.swt.widgets.Display.runDeferredEvents(Unknown Source) ~[swt.win64-3.655.jar:?]
	at org.eclipse.swt.widgets.Display.readAndDispatch(Unknown Source) ~[swt.win64-3.655.jar:?]
	at tse_main.StartUI.launch(StartUI.java:368) ~[classes/:?]
	at tse_main.StartUI.main(StartUI.java:197) [classes/:?]
