2023-08-24 11:01:11,839 ERROR r.TseReportDownloader [main] No value found in reportYearsList for 2001
2023-08-24 11:01:11,839 ERROR r.TseReportDownloader [main] No value found in reportYearsList for 2017
2023-08-24 11:01:11,840 ERROR r.TseReportDownloader [main] No value found in reportYearsList for 2017
2023-08-24 11:01:11,840 ERROR r.TseReportDownloader [main] No value found in reportYearsList for 2017
2023-08-24 11:01:11,840 ERROR r.TseReportDownloader [main] No value found in reportYearsList for 2015
2023-08-24 11:01:11,841 ERROR r.TseReportDownloader [main] No value found in reportYearsList for 2015
2023-08-24 11:01:11,846 ERROR r.TseReportDownloader [main] No value found in reportYearsList for 2001
2023-08-24 11:01:11,846 ERROR r.TseReportDownloader [main] No value found in reportYearsList for 2017
2023-08-24 11:01:11,847 ERROR r.TseReportDownloader [main] No value found in reportYearsList for 2016
2023-08-24 11:01:11,847 ERROR r.TseReportDownloader [main] No value found in reportYearsList for 2016
2023-08-24 11:01:11,847 ERROR r.TseReportDownloader [main] No value found in reportYearsList for 2016
2023-08-24 11:01:11,847 ERROR r.TseReportDownloader [main] No value found in reportYearsList for 2016
2023-08-24 11:01:11,847 ERROR r.TseReportDownloader [main] No value found in reportYearsList for 2005
2023-08-24 11:01:11,848 ERROR r.TseReportDownloader [main] No value found in reportYearsList for 2001
2023-08-24 11:01:11,848 ERROR r.TseReportDownloader [main] No value found in reportYearsList for 2001
2023-08-24 11:01:11,848 ERROR r.TseReportDownloader [main] No value found in reportYearsList for 2001
2023-08-24 11:01:11,849 ERROR r.TseReportDownloader [main] No value found in reportYearsList for 2017
2023-08-24 11:01:11,849 ERROR r.TseReportDownloader [main] No value found in reportYearsList for 2013
2023-08-24 11:01:11,849 ERROR r.TseReportDownloader [main] No value found in reportYearsList for 2001
2023-08-24 11:01:11,850 ERROR r.TseReportDownloader [main] No value found in reportYearsList for 2017
2023-08-24 11:01:11,850 ERROR r.TseReportDownloader [main] No value found in reportYearsList for 2012
2023-08-24 11:01:11,850 ERROR r.TseReportDownloader [main] No value found in reportYearsList for 2012
2023-08-24 11:01:11,851 ERROR r.TseReportDownloader [main] No value found in reportYearsList for 2016
2023-08-24 11:01:11,851 ERROR r.TseReportDownloader [main] No value found in reportYearsList for 2010
2023-08-24 11:01:11,851 ERROR r.TseReportDownloader [main] No value found in reportYearsList for 2010
2023-08-24 11:01:11,851 ERROR r.TseReportDownloader [main] No value found in reportYearsList for 2096
2023-08-24 11:01:11,851 ERROR r.TseReportDownloader [main] No value found in reportYearsList for 2096
2023-08-24 11:01:11,852 ERROR r.TseReportDownloader [main] No value found in reportYearsList for 2017
2023-08-24 11:01:11,852 ERROR r.TseReportDownloader [main] No value found in reportYearsList for 2015
2023-08-24 11:01:11,852 ERROR r.TseReportDownloader [main] No value found in reportYearsList for 2011
2023-08-24 11:01:11,852 ERROR r.TseReportDownloader [main] No value found in reportYearsList for 2004
2023-08-24 11:01:11,852 ERROR r.TseReportDownloader [main] No value found in reportYearsList for 2001
2023-08-24 11:01:11,853 ERROR r.TseReportDownloader [main] No value found in reportYearsList for 2000
2023-08-24 11:01:11,853 ERROR r.TseReportDownloader [main] No value found in reportYearsList for 2001
2023-08-24 11:02:07,635 WARN t.TableRow [Thread-4] Cannot pick the value 2017 from list reportYearsList. Either the list or the element do not exist. Empty element returned instead.
2023-08-24 11:02:08,325 WARN f.RelationFormula [Thread-4] No value was found for relation Relation: [SummarizedInformation] 1=>N [AnalyticalResults] for formula RELATION{SummarizedInformation,type.code} in ID: -1
Column: statusHerd code=FI$birthYear;value=FI$birthYear
Column: sampMatCode code=A04MQ#F01.A056Q$F02.A16YZ$F21.A07RV$F31.A16NG$F32.A0C8Z;value=A04MQ#F01.A056Q$F02.A16YZ$F21.A07RV$F31.A16NG$F32.A0C8Z
Column: sampEventId code=8e3b71df-209b-4d74-ad6f-d3bdfd035ee5.A.3429;value=8e3b71df-209b-4d74-ad6f-d3bdfd035ee5.A.3429
Column: sampY code=2017;value=2017
Column: progId code=8e3b71df-209b-4d74-ad6f-d3bdfd035ee5.N123A.TG006A;value=8e3b71df-209b-4d74-ad6f-d3bdfd035ee5.N123A.TG006A
Column: sampEventInfo code=birthCountry=FI$birthYear=2008$birthMonth=9;value=birthCountry=FI$birthYear=2008$birthMonth=9
Column: repYear code=2017;value=2017
Column: sampMatType code=S000A;value=S000A
Column: sampInfo code=origSampId=8e3b71df-209b-4d74-ad6f-d3bdfd035ee5;value=origSampId=8e3b71df-209b-4d74-ad6f-d3bdfd035ee5
Column: paramType code=P001A;value=P001A
Column: sampAnId code=0012;value=0012
Column: anMethRefId code=AT12A.F638A;value=AT12A.F638A
Column: sampCountry code=LV;value=LV
Column: paramCodeBaseTerm code=RF-00004896-PAR;value=RF-00004896-PAR
Column: resType code=BIN;value=BIN
Column: ReportId code=1;value=1
Column: progInfo code=tseTargetGroup=TG006A;value=tseTargetGroup=TG006A
Column: sampId code=0012;value=0012
Column: analysisY code=2017;value=2017
Column: anMethType code=AT12A;value=AT12A
Column: resId code=8e3b71df-209b-4d74-ad6f-d3bdfd035ee5.000024;value=8e3b71df-209b-4d74-ad6f-d3bdfd035ee5.000024
Column: anMethCode code=F638A;value=F638A
Column: sampArea code=LV00;value=LV00
Column: resQualValue code=POS;value=POS
Column: paramCode code=RF-00004896-PAR;value=RF-00004896-PAR
Column: sampUnitIds code=animalId=3429 $PSUId=09724;value=animalId=3429 $PSUId=09724
Column: anMatCode code=A04MQ#F01.A056Q$F02.A16YZ$F21.A07RV$F31.A16NG$F32.A0C8Z;value=A04MQ#F01.A056Q$F02.A16YZ$F21.A07RV$F31.A16NG$F32.A0C8Z
Column: anPortSeq code=1;value=1
Column: evalInfo code=tseNationalCaseId=IT986425$tseIndexCase=Y$sampEventAsses=J050A;value=tseNationalCaseId=IT986425$tseIndexCase=Y$sampEventAsses=J050A
Column: sampUnitType code=G199A;value=G199A
Column: repCountry code=LV;value=LV
Column: sampM code=3;value=3
Column: progLegalRef code=N123A;value=N123A

2023-08-24 11:02:08,366 WARN f.RelationFormula [Thread-4] No value was found for relation Relation: [SummarizedInformation] 1=>N [AnalyticalResults] for formula RELATION{SummarizedInformation,type.code} in ID: -1
Column: statusHerd code=FI$birthYear;value=FI$birthYear
Column: sampMatCode code=A04MQ#F01.A056Q$F02.A16YZ$F21.A07RV$F31.A16NG$F32.A0C8Z;value=A04MQ#F01.A056Q$F02.A16YZ$F21.A07RV$F31.A16NG$F32.A0C8Z
Column: sampEventId code=8e3b71df-209b-4d74-ad6f-d3bdfd035ee5.A.3429;value=8e3b71df-209b-4d74-ad6f-d3bdfd035ee5.A.3429
Column: sampY code=2017;value=2017
Column: progId code=8e3b71df-209b-4d74-ad6f-d3bdfd035ee5.N123A.TG006A;value=8e3b71df-209b-4d74-ad6f-d3bdfd035ee5.N123A.TG006A
Column: sampEventInfo code=birthCountry=FI$birthYear=2008$birthMonth=9;value=birthCountry=FI$birthYear=2008$birthMonth=9
Column: repYear code=2017;value=2017
Column: sampMatType code=S000A;value=S000A
Column: sampInfo code=origSampId=8e3b71df-209b-4d74-ad6f-d3bdfd035ee5;value=origSampId=8e3b71df-209b-4d74-ad6f-d3bdfd035ee5
Column: paramType code=P001A;value=P001A
Column: sampAnId code=0012;value=0012
Column: anMethRefId code=AT08A.F626A;value=AT08A.F626A
Column: sampCountry code=LV;value=LV
Column: paramCodeBaseTerm code=RF-00004628-PAR;value=RF-00004628-PAR
Column: resType code=BIN;value=BIN
Column: ReportId code=1;value=1
Column: progInfo code=tseTargetGroup=TG006A;value=tseTargetGroup=TG006A
Column: sampId code=0012;value=0012
Column: analysisY code=2017;value=2017
Column: anMethType code=AT08A;value=AT08A
Column: resId code=8e3b71df-209b-4d74-ad6f-d3bdfd035ee5.000023;value=8e3b71df-209b-4d74-ad6f-d3bdfd035ee5.000023
Column: anMethCode code=F626A;value=F626A
Column: sampArea code=LV00;value=LV00
Column: resQualValue code=POS;value=POS
Column: paramCode code=RF-00004628-PAR;value=RF-00004628-PAR
Column: sampUnitIds code=animalId=3429 $PSUId=09724;value=animalId=3429 $PSUId=09724
Column: anMatCode code=A04MQ#F01.A056Q$F02.A16YZ$F21.A07RV$F31.A16NG$F32.A0C8Z;value=A04MQ#F01.A056Q$F02.A16YZ$F21.A07RV$F31.A16NG$F32.A0C8Z
Column: anPortSeq code=1;value=1
Column: evalInfo code=tseNationalCaseId=IT986425$tseIndexCase=Y$sampEventAsses=J050A;value=tseNationalCaseId=IT986425$tseIndexCase=Y$sampEventAsses=J050A
Column: sampUnitType code=G199A;value=G199A
Column: repCountry code=LV;value=LV
Column: sampM code=3;value=3
Column: progLegalRef code=N123A;value=N123A

2023-08-24 11:02:08,379 WARN f.RelationFormula [Thread-4] No value was found for relation Relation: [SummarizedInformation] 1=>N [AnalyticalResults] for formula RELATION{SummarizedInformation,type.code} in ID: -1
Column: statusHerd code=FI$birthYear;value=FI$birthYear
Column: sampMatCode code=A04MQ#F01.A056Q$F02.A16YZ$F21.A07RV$F31.A16NG$F32.A0C8Z;value=A04MQ#F01.A056Q$F02.A16YZ$F21.A07RV$F31.A16NG$F32.A0C8Z
Column: sampEventId code=8e3b71df-209b-4d74-ad6f-d3bdfd035ee5.A.3429;value=8e3b71df-209b-4d74-ad6f-d3bdfd035ee5.A.3429
Column: sampY code=2017;value=2017
Column: progId code=8e3b71df-209b-4d74-ad6f-d3bdfd035ee5.N123A.TG006A;value=8e3b71df-209b-4d74-ad6f-d3bdfd035ee5.N123A.TG006A
Column: sampEventInfo code=birthCountry=FI$birthYear=2008$birthMonth=9;value=birthCountry=FI$birthYear=2008$birthMonth=9
Column: repYear code=2017;value=2017
Column: sampMatType code=S000A;value=S000A
Column: sampInfo code=origSampId=8e3b71df-209b-4d74-ad6f-d3bdfd035ee5;value=origSampId=8e3b71df-209b-4d74-ad6f-d3bdfd035ee5
Column: paramType code=P001A;value=P001A
Column: sampAnId code=0012;value=0012
Column: anMethRefId code=AT06A.F647A;value=AT06A.F647A
Column: sampCountry code=LV;value=LV
Column: paramCodeBaseTerm code=RF-00004895-PAR;value=RF-00004895-PAR
Column: resType code=BIN;value=BIN
Column: ReportId code=1;value=1
Column: progInfo code=tseTargetGroup=TG006A;value=tseTargetGroup=TG006A
Column: sampId code=0012;value=0012
Column: analysisY code=2017;value=2017
Column: anMethType code=AT06A;value=AT06A
Column: resId code=8e3b71df-209b-4d74-ad6f-d3bdfd035ee5.000022;value=8e3b71df-209b-4d74-ad6f-d3bdfd035ee5.000022
Column: anMethCode code=F647A;value=F647A
Column: sampArea code=LV00;value=LV00
Column: resQualValue code=POS;value=POS
Column: paramCode code=RF-00004895-PAR;value=RF-00004895-PAR
Column: sampUnitIds code=animalId=3429 $PSUId=09724;value=animalId=3429 $PSUId=09724
Column: anMatCode code=A04MQ#F01.A056Q$F02.A16YZ$F21.A07RV$F31.A16NG$F32.A0C8Z;value=A04MQ#F01.A056Q$F02.A16YZ$F21.A07RV$F31.A16NG$F32.A0C8Z
Column: anPortSeq code=1;value=1
Column: evalInfo code=tseNationalCaseId=IT986425$tseIndexCase=Y$sampEventAsses=J050A;value=tseNationalCaseId=IT986425$tseIndexCase=Y$sampEventAsses=J050A
Column: sampUnitType code=G199A;value=G199A
Column: repCountry code=LV;value=LV
Column: sampM code=3;value=3
Column: progLegalRef code=N123A;value=N123A

2023-08-24 11:02:08,396 WARN f.RelationFormula [Thread-4] No value was found for relation Relation: [SummarizedInformation] 1=>N [AnalyticalResults] for formula RELATION{SummarizedInformation,type.code} in ID: -1
Column: statusHerd code=FI$birthYear;value=FI$birthYear
Column: sampMatCode code=A04MQ#F01.A056Q$F02.A16YL$F21.A07RV$F31.A16NG$F32.A0C8Z;value=A04MQ#F01.A056Q$F02.A16YL$F21.A07RV$F31.A16NG$F32.A0C8Z
Column: sampEventId code=8e3b71df-209b-4d74-ad6f-d3bdfd035ee5.A.3429;value=8e3b71df-209b-4d74-ad6f-d3bdfd035ee5.A.3429
Column: sampY code=2017;value=2017
Column: progId code=8e3b71df-209b-4d74-ad6f-d3bdfd035ee5.N123A.TG006A;value=8e3b71df-209b-4d74-ad6f-d3bdfd035ee5.N123A.TG006A
Column: sampEventInfo code=birthCountry=FI$birthYear=2008$birthMonth=9;value=birthCountry=FI$birthYear=2008$birthMonth=9
Column: repYear code=2017;value=2017
Column: sampMatType code=S000A;value=S000A
Column: sampInfo code=origSampId=8e3b71df-209b-4d74-ad6f-d3bdfd035ee5;value=origSampId=8e3b71df-209b-4d74-ad6f-d3bdfd035ee5
Column: paramType code=P001A;value=P001A
Column: sampAnId code=0011;value=0011
Column: anMethRefId code=AT12A.F638A;value=AT12A.F638A
Column: sampCountry code=LV;value=LV
Column: paramCodeBaseTerm code=RF-00004896-PAR;value=RF-00004896-PAR
Column: resType code=BIN;value=BIN
Column: ReportId code=1;value=1
Column: progInfo code=tseTargetGroup=TG006A;value=tseTargetGroup=TG006A
Column: sampId code=0011;value=0011
Column: analysisY code=2017;value=2017
Column: anMethType code=AT12A;value=AT12A
Column: resId code=8e3b71df-209b-4d74-ad6f-d3bdfd035ee5.000021;value=8e3b71df-209b-4d74-ad6f-d3bdfd035ee5.000021
Column: anMethCode code=F638A;value=F638A
Column: sampArea code=LV00;value=LV00
Column: resQualValue code=POS;value=POS
Column: paramCode code=RF-00004896-PAR;value=RF-00004896-PAR
Column: sampUnitIds code=animalId=3429 $PSUId=09724;value=animalId=3429 $PSUId=09724
Column: anMatCode code=A04MQ#F01.A056Q$F02.A16YL$F21.A07RV$F31.A16NG$F32.A0C8Z;value=A04MQ#F01.A056Q$F02.A16YL$F21.A07RV$F31.A16NG$F32.A0C8Z
Column: anPortSeq code=1;value=1
Column: evalInfo code=tseNationalCaseId=IT986425$tseIndexCase=Y$sampEventAsses=J050A;value=tseNationalCaseId=IT986425$tseIndexCase=Y$sampEventAsses=J050A
Column: sampUnitType code=G199A;value=G199A
Column: repCountry code=LV;value=LV
Column: sampM code=3;value=3
Column: progLegalRef code=N123A;value=N123A

2023-08-24 11:02:08,407 WARN f.RelationFormula [Thread-4] No value was found for relation Relation: [SummarizedInformation] 1=>N [AnalyticalResults] for formula RELATION{SummarizedInformation,type.code} in ID: -1
Column: statusHerd code=FI$birthYear;value=FI$birthYear
Column: sampMatCode code=A04MQ#F01.A056Q$F02.A16YL$F21.A07RV$F31.A16NG$F32.A0C8Z;value=A04MQ#F01.A056Q$F02.A16YL$F21.A07RV$F31.A16NG$F32.A0C8Z
Column: sampEventId code=8e3b71df-209b-4d74-ad6f-d3bdfd035ee5.A.3429;value=8e3b71df-209b-4d74-ad6f-d3bdfd035ee5.A.3429
Column: sampY code=2017;value=2017
Column: progId code=8e3b71df-209b-4d74-ad6f-d3bdfd035ee5.N123A.TG006A;value=8e3b71df-209b-4d74-ad6f-d3bdfd035ee5.N123A.TG006A
Column: sampEventInfo code=birthCountry=FI$birthYear=2008$birthMonth=9;value=birthCountry=FI$birthYear=2008$birthMonth=9
Column: repYear code=2017;value=2017
Column: sampMatType code=S000A;value=S000A
Column: sampInfo code=origSampId=8e3b71df-209b-4d74-ad6f-d3bdfd035ee5;value=origSampId=8e3b71df-209b-4d74-ad6f-d3bdfd035ee5
Column: paramType code=P001A;value=P001A
Column: sampAnId code=0011;value=0011
Column: anMethRefId code=AT08A.F626A;value=AT08A.F626A
Column: sampCountry code=LV;value=LV
Column: paramCodeBaseTerm code=RF-00004628-PAR;value=RF-00004628-PAR
Column: resType code=BIN;value=BIN
Column: ReportId code=1;value=1
Column: progInfo code=tseTargetGroup=TG006A;value=tseTargetGroup=TG006A
Column: sampId code=0011;value=0011
Column: analysisY code=2017;value=2017
Column: anMethType code=AT08A;value=AT08A
Column: resId code=8e3b71df-209b-4d74-ad6f-d3bdfd035ee5.000020;value=8e3b71df-209b-4d74-ad6f-d3bdfd035ee5.000020
Column: anMethCode code=F626A;value=F626A
Column: sampArea code=LV00;value=LV00
Column: resQualValue code=POS;value=POS
Column: paramCode code=RF-00004628-PAR;value=RF-00004628-PAR
Column: sampUnitIds code=animalId=3429 $PSUId=09724;value=animalId=3429 $PSUId=09724
Column: anMatCode code=A04MQ#F01.A056Q$F02.A16YL$F21.A07RV$F31.A16NG$F32.A0C8Z;value=A04MQ#F01.A056Q$F02.A16YL$F21.A07RV$F31.A16NG$F32.A0C8Z
Column: anPortSeq code=1;value=1
Column: evalInfo code=tseNationalCaseId=IT986425$tseIndexCase=Y$sampEventAsses=J050A;value=tseNationalCaseId=IT986425$tseIndexCase=Y$sampEventAsses=J050A
Column: sampUnitType code=G199A;value=G199A
Column: repCountry code=LV;value=LV
Column: sampM code=3;value=3
Column: progLegalRef code=N123A;value=N123A

2023-08-24 11:02:08,419 WARN f.RelationFormula [Thread-4] No value was found for relation Relation: [SummarizedInformation] 1=>N [AnalyticalResults] for formula RELATION{SummarizedInformation,type.code} in ID: -1
Column: statusHerd code=FI$birthYear;value=FI$birthYear
Column: sampMatCode code=A04MQ#F01.A056Q$F02.A16YL$F21.A07RV$F31.A16NG$F32.A0C8Z;value=A04MQ#F01.A056Q$F02.A16YL$F21.A07RV$F31.A16NG$F32.A0C8Z
Column: sampEventId code=8e3b71df-209b-4d74-ad6f-d3bdfd035ee5.A.3429;value=8e3b71df-209b-4d74-ad6f-d3bdfd035ee5.A.3429
Column: sampY code=2017;value=2017
Column: progId code=8e3b71df-209b-4d74-ad6f-d3bdfd035ee5.N123A.TG006A;value=8e3b71df-209b-4d74-ad6f-d3bdfd035ee5.N123A.TG006A
Column: sampEventInfo code=birthCountry=FI$birthYear=2008$birthMonth=9;value=birthCountry=FI$birthYear=2008$birthMonth=9
Column: repYear code=2017;value=2017
Column: sampMatType code=S000A;value=S000A
Column: sampInfo code=origSampId=8e3b71df-209b-4d74-ad6f-d3bdfd035ee5;value=origSampId=8e3b71df-209b-4d74-ad6f-d3bdfd035ee5
Column: paramType code=P001A;value=P001A
Column: sampAnId code=0011;value=0011
Column: anMethRefId code=AT06A.F647A;value=AT06A.F647A
Column: sampCountry code=LV;value=LV
Column: paramCodeBaseTerm code=RF-00004895-PAR;value=RF-00004895-PAR
Column: resType code=BIN;value=BIN
Column: ReportId code=1;value=1
Column: progInfo code=tseTargetGroup=TG006A;value=tseTargetGroup=TG006A
Column: sampId code=0011;value=0011
Column: analysisY code=2017;value=2017
Column: anMethType code=AT06A;value=AT06A
Column: resId code=8e3b71df-209b-4d74-ad6f-d3bdfd035ee5.000019;value=8e3b71df-209b-4d74-ad6f-d3bdfd035ee5.000019
Column: anMethCode code=F647A;value=F647A
Column: sampArea code=LV00;value=LV00
Column: resQualValue code=POS;value=POS
Column: paramCode code=RF-00004895-PAR;value=RF-00004895-PAR
Column: sampUnitIds code=animalId=3429 $PSUId=09724;value=animalId=3429 $PSUId=09724
Column: anMatCode code=A04MQ#F01.A056Q$F02.A16YL$F21.A07RV$F31.A16NG$F32.A0C8Z;value=A04MQ#F01.A056Q$F02.A16YL$F21.A07RV$F31.A16NG$F32.A0C8Z
Column: anPortSeq code=1;value=1
Column: evalInfo code=tseNationalCaseId=IT986425$tseIndexCase=Y$sampEventAsses=J050A;value=tseNationalCaseId=IT986425$tseIndexCase=Y$sampEventAsses=J050A
Column: sampUnitType code=G199A;value=G199A
Column: repCountry code=LV;value=LV
Column: sampM code=3;value=3
Column: progLegalRef code=N123A;value=N123A

2023-08-24 11:02:08,437 WARN f.RelationFormula [Thread-4] No value was found for relation Relation: [SummarizedInformation] 1=>N [AnalyticalResults] for formula RELATION{SummarizedInformation,type.code} in ID: -1
Column: statusHerd code=FI$birthYear;value=FI$birthYear
Column: sampMatCode code=A04MQ#F01.A056Q$F02.A16YZ$F21.A07RV$F31.A16NG$F32.A0C8Z;value=A04MQ#F01.A056Q$F02.A16YZ$F21.A07RV$F31.A16NG$F32.A0C8Z
Column: sampEventId code=8e3b71df-209b-4d74-ad6f-d3bdfd035ee5.A.IT896424;value=8e3b71df-209b-4d74-ad6f-d3bdfd035ee5.A.IT896424
Column: sampY code=2017;value=2017
Column: progId code=8e3b71df-209b-4d74-ad6f-d3bdfd035ee5.N123A.TG006A;value=8e3b71df-209b-4d74-ad6f-d3bdfd035ee5.N123A.TG006A
Column: sampEventInfo code=birthCountry=FI$birthYear=2008$birthMonth=7;value=birthCountry=FI$birthYear=2008$birthMonth=7
Column: repYear code=2017;value=2017
Column: sampMatType code=S000A;value=S000A
Column: sampInfo code=origSampId=8e3b71df-209b-4d74-ad6f-d3bdfd035ee5;value=origSampId=8e3b71df-209b-4d74-ad6f-d3bdfd035ee5
Column: paramType code=P001A;value=P001A
Column: sampAnId code=0014;value=0014
Column: anMethRefId code=AT12A.F638A;value=AT12A.F638A
Column: sampCountry code=LV;value=LV
Column: paramCodeBaseTerm code=RF-00004896-PAR;value=RF-00004896-PAR
Column: resType code=BIN;value=BIN
Column: ReportId code=1;value=1
Column: progInfo code=tseTargetGroup=TG006A;value=tseTargetGroup=TG006A
Column: sampId code=0014;value=0014
Column: analysisY code=2017;value=2017
Column: anMethType code=AT12A;value=AT12A
Column: resId code=8e3b71df-209b-4d74-ad6f-d3bdfd035ee5.000018;value=8e3b71df-209b-4d74-ad6f-d3bdfd035ee5.000018
Column: anMethCode code=F638A;value=F638A
Column: sampArea code=LV00;value=LV00
Column: resQualValue code=POS;value=POS
Column: paramCode code=RF-00004896-PAR;value=RF-00004896-PAR
Column: sampUnitIds code=animalId=IT896424 $PSUId=09724;value=animalId=IT896424 $PSUId=09724
Column: anMatCode code=A04MQ#F01.A056Q$F02.A16YZ$F21.A07RV$F31.A16NG$F32.A0C8Z;value=A04MQ#F01.A056Q$F02.A16YZ$F21.A07RV$F31.A16NG$F32.A0C8Z
Column: anPortSeq code=1;value=1
Column: evalInfo code=tseNationalCaseId=IT25783$tseIndexCase=Y$sampEventAsses=J049A;value=tseNationalCaseId=IT25783$tseIndexCase=Y$sampEventAsses=J049A
Column: sampUnitType code=G199A;value=G199A
Column: repCountry code=LV;value=LV
Column: sampM code=3;value=3
Column: progLegalRef code=N123A;value=N123A

2023-08-24 11:02:08,451 WARN f.RelationFormula [Thread-4] No value was found for relation Relation: [SummarizedInformation] 1=>N [AnalyticalResults] for formula RELATION{SummarizedInformation,type.code} in ID: -1
Column: statusHerd code=FI$birthYear;value=FI$birthYear
Column: sampMatCode code=A04MQ#F01.A056Q$F02.A16YZ$F21.A07RV$F31.A16NG$F32.A0C8Z;value=A04MQ#F01.A056Q$F02.A16YZ$F21.A07RV$F31.A16NG$F32.A0C8Z
Column: sampEventId code=8e3b71df-209b-4d74-ad6f-d3bdfd035ee5.A.IT896424;value=8e3b71df-209b-4d74-ad6f-d3bdfd035ee5.A.IT896424
Column: sampY code=2017;value=2017
Column: progId code=8e3b71df-209b-4d74-ad6f-d3bdfd035ee5.N123A.TG006A;value=8e3b71df-209b-4d74-ad6f-d3bdfd035ee5.N123A.TG006A
Column: sampEventInfo code=birthCountry=FI$birthYear=2008$birthMonth=7;value=birthCountry=FI$birthYear=2008$birthMonth=7
Column: repYear code=2017;value=2017
Column: sampMatType code=S000A;value=S000A
Column: sampInfo code=origSampId=8e3b71df-209b-4d74-ad6f-d3bdfd035ee5;value=origSampId=8e3b71df-209b-4d74-ad6f-d3bdfd035ee5
Column: paramType code=P001A;value=P001A
Column: sampAnId code=0014;value=0014
Column: anMethRefId code=AT08A.F626A;value=AT08A.F626A
Column: sampCountry code=LV;value=LV
Column: paramCodeBaseTerm code=RF-00004628-PAR;value=RF-00004628-PAR
Column: resType code=BIN;value=BIN
Column: ReportId code=1;value=1
Column: progInfo code=tseTargetGroup=TG006A;value=tseTargetGroup=TG006A
Column: sampId code=0014;value=0014
Column: analysisY code=2017;value=2017
Column: anMethType code=AT08A;value=AT08A
Column: resId code=8e3b71df-209b-4d74-ad6f-d3bdfd035ee5.000017;value=8e3b71df-209b-4d74-ad6f-d3bdfd035ee5.000017
Column: anMethCode code=F626A;value=F626A
Column: sampArea code=LV00;value=LV00
Column: resQualValue code=POS;value=POS
Column: paramCode code=RF-00004628-PAR;value=RF-00004628-PAR
Column: sampUnitIds code=animalId=IT896424 $PSUId=09724;value=animalId=IT896424 $PSUId=09724
Column: anMatCode code=A04MQ#F01.A056Q$F02.A16YZ$F21.A07RV$F31.A16NG$F32.A0C8Z;value=A04MQ#F01.A056Q$F02.A16YZ$F21.A07RV$F31.A16NG$F32.A0C8Z
Column: anPortSeq code=1;value=1
Column: evalInfo code=tseNationalCaseId=IT25783$tseIndexCase=Y$sampEventAsses=J049A;value=tseNationalCaseId=IT25783$tseIndexCase=Y$sampEventAsses=J049A
Column: sampUnitType code=G199A;value=G199A
Column: repCountry code=LV;value=LV
Column: sampM code=3;value=3
Column: progLegalRef code=N123A;value=N123A

2023-08-24 11:02:08,462 WARN f.RelationFormula [Thread-4] No value was found for relation Relation: [SummarizedInformation] 1=>N [AnalyticalResults] for formula RELATION{SummarizedInformation,type.code} in ID: -1
Column: statusHerd code=FI$birthYear;value=FI$birthYear
Column: sampMatCode code=A04MQ#F01.A056Q$F02.A16YZ$F21.A07RV$F31.A16NG$F32.A0C8Z;value=A04MQ#F01.A056Q$F02.A16YZ$F21.A07RV$F31.A16NG$F32.A0C8Z
Column: sampEventId code=8e3b71df-209b-4d74-ad6f-d3bdfd035ee5.A.IT896424;value=8e3b71df-209b-4d74-ad6f-d3bdfd035ee5.A.IT896424
Column: sampY code=2017;value=2017
Column: progId code=8e3b71df-209b-4d74-ad6f-d3bdfd035ee5.N123A.TG006A;value=8e3b71df-209b-4d74-ad6f-d3bdfd035ee5.N123A.TG006A
Column: sampEventInfo code=birthCountry=FI$birthYear=2008$birthMonth=7;value=birthCountry=FI$birthYear=2008$birthMonth=7
Column: repYear code=2017;value=2017
Column: sampMatType code=S000A;value=S000A
Column: sampInfo code=origSampId=8e3b71df-209b-4d74-ad6f-d3bdfd035ee5;value=origSampId=8e3b71df-209b-4d74-ad6f-d3bdfd035ee5
Column: paramType code=P001A;value=P001A
Column: sampAnId code=0014;value=0014
Column: anMethRefId code=AT06A.F647A;value=AT06A.F647A
Column: sampCountry code=LV;value=LV
Column: paramCodeBaseTerm code=RF-00004895-PAR;value=RF-00004895-PAR
Column: resType code=BIN;value=BIN
Column: ReportId code=1;value=1
Column: progInfo code=tseTargetGroup=TG006A;value=tseTargetGroup=TG006A
Column: sampId code=0014;value=0014
Column: analysisY code=2017;value=2017
Column: anMethType code=AT06A;value=AT06A
Column: resId code=8e3b71df-209b-4d74-ad6f-d3bdfd035ee5.000016;value=8e3b71df-209b-4d74-ad6f-d3bdfd035ee5.000016
Column: anMethCode code=F647A;value=F647A
Column: sampArea code=LV00;value=LV00
Column: resQualValue code=POS;value=POS
Column: paramCode code=RF-00004895-PAR;value=RF-00004895-PAR
Column: sampUnitIds code=animalId=IT896424 $PSUId=09724;value=animalId=IT896424 $PSUId=09724
Column: anMatCode code=A04MQ#F01.A056Q$F02.A16YZ$F21.A07RV$F31.A16NG$F32.A0C8Z;value=A04MQ#F01.A056Q$F02.A16YZ$F21.A07RV$F31.A16NG$F32.A0C8Z
Column: anPortSeq code=1;value=1
Column: evalInfo code=tseNationalCaseId=IT25783$tseIndexCase=Y$sampEventAsses=J049A;value=tseNationalCaseId=IT25783$tseIndexCase=Y$sampEventAsses=J049A
Column: sampUnitType code=G199A;value=G199A
Column: repCountry code=LV;value=LV
Column: sampM code=3;value=3
Column: progLegalRef code=N123A;value=N123A

2023-08-24 11:02:08,479 WARN f.RelationFormula [Thread-4] No value was found for relation Relation: [SummarizedInformation] 1=>N [AnalyticalResults] for formula RELATION{SummarizedInformation,type.code} in ID: -1
Column: statusHerd code=FI$birthYear;value=FI$birthYear
Column: sampMatCode code=A04MQ#F01.A056Q$F02.A16YL$F21.A07RV$F31.A16NG$F32.A0C8Z;value=A04MQ#F01.A056Q$F02.A16YL$F21.A07RV$F31.A16NG$F32.A0C8Z
Column: sampEventId code=8e3b71df-209b-4d74-ad6f-d3bdfd035ee5.A.IT896424;value=8e3b71df-209b-4d74-ad6f-d3bdfd035ee5.A.IT896424
Column: sampY code=2017;value=2017
Column: progId code=8e3b71df-209b-4d74-ad6f-d3bdfd035ee5.N123A.TG006A;value=8e3b71df-209b-4d74-ad6f-d3bdfd035ee5.N123A.TG006A
Column: sampEventInfo code=birthCountry=FI$birthYear=2008$birthMonth=7;value=birthCountry=FI$birthYear=2008$birthMonth=7
Column: repYear code=2017;value=2017
Column: sampMatType code=S000A;value=S000A
Column: sampInfo code=origSampId=8e3b71df-209b-4d74-ad6f-d3bdfd035ee5;value=origSampId=8e3b71df-209b-4d74-ad6f-d3bdfd035ee5
Column: paramType code=P001A;value=P001A
Column: sampAnId code=0013;value=0013
Column: anMethRefId code=AT12A.F638A;value=AT12A.F638A
Column: sampCountry code=LV;value=LV
Column: paramCodeBaseTerm code=RF-00004896-PAR;value=RF-00004896-PAR
Column: resType code=BIN;value=BIN
Column: ReportId code=1;value=1
Column: progInfo code=tseTargetGroup=TG006A;value=tseTargetGroup=TG006A
Column: sampId code=0013;value=0013
Column: analysisY code=2017;value=2017
Column: anMethType code=AT12A;value=AT12A
Column: resId code=8e3b71df-209b-4d74-ad6f-d3bdfd035ee5.000015;value=8e3b71df-209b-4d74-ad6f-d3bdfd035ee5.000015
Column: anMethCode code=F638A;value=F638A
Column: sampArea code=LV00;value=LV00
Column: resQualValue code=POS;value=POS
Column: paramCode code=RF-00004896-PAR;value=RF-00004896-PAR
Column: sampUnitIds code=animalId=IT896424 $PSUId=09724;value=animalId=IT896424 $PSUId=09724
Column: anMatCode code=A04MQ#F01.A056Q$F02.A16YL$F21.A07RV$F31.A16NG$F32.A0C8Z;value=A04MQ#F01.A056Q$F02.A16YL$F21.A07RV$F31.A16NG$F32.A0C8Z
Column: anPortSeq code=1;value=1
Column: evalInfo code=tseNationalCaseId=IT25783$tseIndexCase=Y$sampEventAsses=J049A;value=tseNationalCaseId=IT25783$tseIndexCase=Y$sampEventAsses=J049A
Column: sampUnitType code=G199A;value=G199A
Column: repCountry code=LV;value=LV
Column: sampM code=3;value=3
Column: progLegalRef code=N123A;value=N123A

2023-08-24 11:02:08,493 WARN f.RelationFormula [Thread-4] No value was found for relation Relation: [SummarizedInformation] 1=>N [AnalyticalResults] for formula RELATION{SummarizedInformation,type.code} in ID: -1
Column: statusHerd code=FI$birthYear;value=FI$birthYear
Column: sampMatCode code=A04MQ#F01.A056Q$F02.A16YL$F21.A07RV$F31.A16NG$F32.A0C8Z;value=A04MQ#F01.A056Q$F02.A16YL$F21.A07RV$F31.A16NG$F32.A0C8Z
Column: sampEventId code=8e3b71df-209b-4d74-ad6f-d3bdfd035ee5.A.IT896424;value=8e3b71df-209b-4d74-ad6f-d3bdfd035ee5.A.IT896424
Column: sampY code=2017;value=2017
Column: progId code=8e3b71df-209b-4d74-ad6f-d3bdfd035ee5.N123A.TG006A;value=8e3b71df-209b-4d74-ad6f-d3bdfd035ee5.N123A.TG006A
Column: sampEventInfo code=birthCountry=FI$birthYear=2008$birthMonth=7;value=birthCountry=FI$birthYear=2008$birthMonth=7
Column: repYear code=2017;value=2017
Column: sampMatType code=S000A;value=S000A
Column: sampInfo code=origSampId=8e3b71df-209b-4d74-ad6f-d3bdfd035ee5;value=origSampId=8e3b71df-209b-4d74-ad6f-d3bdfd035ee5
Column: paramType code=P001A;value=P001A
Column: sampAnId code=0013;value=0013
Column: anMethRefId code=AT08A.F626A;value=AT08A.F626A
Column: sampCountry code=LV;value=LV
Column: paramCodeBaseTerm code=RF-00004628-PAR;value=RF-00004628-PAR
Column: resType code=BIN;value=BIN
Column: ReportId code=1;value=1
Column: progInfo code=tseTargetGroup=TG006A;value=tseTargetGroup=TG006A
Column: sampId code=0013;value=0013
Column: analysisY code=2017;value=2017
Column: anMethType code=AT08A;value=AT08A
Column: resId code=8e3b71df-209b-4d74-ad6f-d3bdfd035ee5.000014;value=8e3b71df-209b-4d74-ad6f-d3bdfd035ee5.000014
Column: anMethCode code=F626A;value=F626A
Column: sampArea code=LV00;value=LV00
Column: resQualValue code=POS;value=POS
Column: paramCode code=RF-00004628-PAR;value=RF-00004628-PAR
Column: sampUnitIds code=animalId=IT896424 $PSUId=09724;value=animalId=IT896424 $PSUId=09724
Column: anMatCode code=A04MQ#F01.A056Q$F02.A16YL$F21.A07RV$F31.A16NG$F32.A0C8Z;value=A04MQ#F01.A056Q$F02.A16YL$F21.A07RV$F31.A16NG$F32.A0C8Z
Column: anPortSeq code=1;value=1
Column: evalInfo code=tseNationalCaseId=IT25783$tseIndexCase=Y$sampEventAsses=J049A;value=tseNationalCaseId=IT25783$tseIndexCase=Y$sampEventAsses=J049A
Column: sampUnitType code=G199A;value=G199A
Column: repCountry code=LV;value=LV
Column: sampM code=3;value=3
Column: progLegalRef code=N123A;value=N123A

2023-08-24 11:02:08,506 WARN f.RelationFormula [Thread-4] No value was found for relation Relation: [SummarizedInformation] 1=>N [AnalyticalResults] for formula RELATION{SummarizedInformation,type.code} in ID: -1
Column: statusHerd code=FI$birthYear;value=FI$birthYear
Column: sampMatCode code=A04MQ#F01.A056Q$F02.A16YL$F21.A07RV$F31.A16NG$F32.A0C8Z;value=A04MQ#F01.A056Q$F02.A16YL$F21.A07RV$F31.A16NG$F32.A0C8Z
Column: sampEventId code=8e3b71df-209b-4d74-ad6f-d3bdfd035ee5.A.IT896424;value=8e3b71df-209b-4d74-ad6f-d3bdfd035ee5.A.IT896424
Column: sampY code=2017;value=2017
Column: progId code=8e3b71df-209b-4d74-ad6f-d3bdfd035ee5.N123A.TG006A;value=8e3b71df-209b-4d74-ad6f-d3bdfd035ee5.N123A.TG006A
Column: sampEventInfo code=birthCountry=FI$birthYear=2008$birthMonth=7;value=birthCountry=FI$birthYear=2008$birthMonth=7
Column: repYear code=2017;value=2017
Column: sampMatType code=S000A;value=S000A
Column: sampInfo code=origSampId=8e3b71df-209b-4d74-ad6f-d3bdfd035ee5;value=origSampId=8e3b71df-209b-4d74-ad6f-d3bdfd035ee5
Column: paramType code=P001A;value=P001A
Column: sampAnId code=0013;value=0013
Column: anMethRefId code=AT06A.F647A;value=AT06A.F647A
Column: sampCountry code=LV;value=LV
Column: paramCodeBaseTerm code=RF-00004895-PAR;value=RF-00004895-PAR
Column: resType code=BIN;value=BIN
Column: ReportId code=1;value=1
Column: progInfo code=tseTargetGroup=TG006A;value=tseTargetGroup=TG006A
Column: sampId code=0013;value=0013
Column: analysisY code=2017;value=2017
Column: anMethType code=AT06A;value=AT06A
Column: resId code=8e3b71df-209b-4d74-ad6f-d3bdfd035ee5.000013;value=8e3b71df-209b-4d74-ad6f-d3bdfd035ee5.000013
Column: anMethCode code=F647A;value=F647A
Column: sampArea code=LV00;value=LV00
Column: resQualValue code=POS;value=POS
Column: paramCode code=RF-00004895-PAR;value=RF-00004895-PAR
Column: sampUnitIds code=animalId=IT896424 $PSUId=09724;value=animalId=IT896424 $PSUId=09724
Column: anMatCode code=A04MQ#F01.A056Q$F02.A16YL$F21.A07RV$F31.A16NG$F32.A0C8Z;value=A04MQ#F01.A056Q$F02.A16YL$F21.A07RV$F31.A16NG$F32.A0C8Z
Column: anPortSeq code=1;value=1
Column: evalInfo code=tseNationalCaseId=IT25783$tseIndexCase=Y$sampEventAsses=J049A;value=tseNationalCaseId=IT25783$tseIndexCase=Y$sampEventAsses=J049A
Column: sampUnitType code=G199A;value=G199A
Column: repCountry code=LV;value=LV
Column: sampM code=3;value=3
Column: progLegalRef code=N123A;value=N123A

2023-08-24 11:02:59,117 ERROR r.TseReportDownloader [main] No value found in reportYearsList for 2001
2023-08-24 11:02:59,118 ERROR r.TseReportDownloader [main] No value found in reportYearsList for 2017
2023-08-24 11:02:59,118 ERROR r.TseReportDownloader [main] No value found in reportYearsList for 2017
2023-08-24 11:02:59,118 ERROR r.TseReportDownloader [main] No value found in reportYearsList for 2017
2023-08-24 11:02:59,118 ERROR r.TseReportDownloader [main] No value found in reportYearsList for 2015
2023-08-24 11:02:59,118 ERROR r.TseReportDownloader [main] No value found in reportYearsList for 2015
2023-08-24 11:02:59,118 ERROR r.TseReportDownloader [main] No value found in reportYearsList for 2001
2023-08-24 11:02:59,119 ERROR r.TseReportDownloader [main] No value found in reportYearsList for 2017
2023-08-24 11:02:59,119 ERROR r.TseReportDownloader [main] No value found in reportYearsList for 2016
2023-08-24 11:02:59,119 ERROR r.TseReportDownloader [main] No value found in reportYearsList for 2016
2023-08-24 11:02:59,120 ERROR r.TseReportDownloader [main] No value found in reportYearsList for 2016
2023-08-24 11:02:59,120 ERROR r.TseReportDownloader [main] No value found in reportYearsList for 2016
2023-08-24 11:02:59,120 ERROR r.TseReportDownloader [main] No value found in reportYearsList for 2005
2023-08-24 11:02:59,120 ERROR r.TseReportDownloader [main] No value found in reportYearsList for 2001
2023-08-24 11:02:59,120 ERROR r.TseReportDownloader [main] No value found in reportYearsList for 2001
2023-08-24 11:02:59,121 ERROR r.TseReportDownloader [main] No value found in reportYearsList for 2001
2023-08-24 11:02:59,121 ERROR r.TseReportDownloader [main] No value found in reportYearsList for 2017
2023-08-24 11:02:59,121 ERROR r.TseReportDownloader [main] No value found in reportYearsList for 2013
2023-08-24 11:02:59,121 ERROR r.TseReportDownloader [main] No value found in reportYearsList for 2001
2023-08-24 11:02:59,121 ERROR r.TseReportDownloader [main] No value found in reportYearsList for 2017
2023-08-24 11:02:59,122 ERROR r.TseReportDownloader [main] No value found in reportYearsList for 2012
2023-08-24 11:02:59,122 ERROR r.TseReportDownloader [main] No value found in reportYearsList for 2012
2023-08-24 11:02:59,122 ERROR r.TseReportDownloader [main] No value found in reportYearsList for 2016
2023-08-24 11:02:59,122 ERROR r.TseReportDownloader [main] No value found in reportYearsList for 2010
2023-08-24 11:02:59,122 ERROR r.TseReportDownloader [main] No value found in reportYearsList for 2010
2023-08-24 11:02:59,123 ERROR r.TseReportDownloader [main] No value found in reportYearsList for 2096
2023-08-24 11:02:59,123 ERROR r.TseReportDownloader [main] No value found in reportYearsList for 2096
2023-08-24 11:02:59,123 ERROR r.TseReportDownloader [main] No value found in reportYearsList for 2017
2023-08-24 11:02:59,123 ERROR r.TseReportDownloader [main] No value found in reportYearsList for 2015
2023-08-24 11:02:59,123 ERROR r.TseReportDownloader [main] No value found in reportYearsList for 2011
2023-08-24 11:02:59,124 ERROR r.TseReportDownloader [main] No value found in reportYearsList for 2004
2023-08-24 11:02:59,124 ERROR r.TseReportDownloader [main] No value found in reportYearsList for 2001
2023-08-24 11:02:59,124 ERROR r.TseReportDownloader [main] No value found in reportYearsList for 2000
2023-08-24 11:02:59,124 ERROR r.TseReportDownloader [main] No value found in reportYearsList for 2001
2023-08-24 11:03:11,950 WARN t.TableRow [Thread-6] Cannot pick the value 2017 from list reportYearsList. Either the list or the element do not exist. Empty element returned instead.
2023-08-24 11:03:12,097 WARN f.RelationFormula [Thread-6] No value was found for relation Relation: [SummarizedInformation] 1=>N [AnalyticalResults] for formula RELATION{SummarizedInformation,type.code} in ID: -1
Column: statusHerd code=IE$birthYear;value=IE$birthYear
Column: sampMatCode code=A04MQ#F01.A057E$F02.A06AM$F21.A07RV$F31.A16NQ;value=A04MQ#F01.A057E$F02.A06AM$F21.A07RV$F31.A16NQ
Column: sampEventId code=5a8e7319-0fe8-41a3-b6d2-9f26f5a2edeb.A.IT9862340;value=5a8e7319-0fe8-41a3-b6d2-9f26f5a2edeb.A.IT9862340
Column: sampY code=2017;value=2017
Column: progId code=5a8e7319-0fe8-41a3-b6d2-9f26f5a2edeb.N123A.TG002A;value=5a8e7319-0fe8-41a3-b6d2-9f26f5a2edeb.N123A.TG002A
Column: sampEventInfo code=birthCountry=IE$birthYear=2008$birthMonth=10;value=birthCountry=IE$birthYear=2008$birthMonth=10
Column: repYear code=2017;value=2017
Column: sampMatType code=S000A;value=S000A
Column: sampInfo code=origSampId=5a8e7319-0fe8-41a3-b6d2-9f26f5a2edeb;value=origSampId=5a8e7319-0fe8-41a3-b6d2-9f26f5a2edeb
Column: paramType code=P001A;value=P001A
Column: sampAnId code=8964;value=8964
Column: anMethRefId code=AT12A.F638A;value=AT12A.F638A
Column: sampCountry code=LV;value=LV
Column: paramCodeBaseTerm code=RF-00004888-PAR;value=RF-00004888-PAR
Column: resType code=BIN;value=BIN
Column: ReportId code=2;value=2
Column: progInfo code=tseTargetGroup=TG002A;value=tseTargetGroup=TG002A
Column: sampId code=8964;value=8964
Column: analysisY code=2017;value=2017
Column: anMethType code=AT12A;value=AT12A
Column: resId code=5a8e7319-0fe8-41a3-b6d2-9f26f5a2edeb.000006;value=5a8e7319-0fe8-41a3-b6d2-9f26f5a2edeb.000006
Column: anMethCode code=F638A;value=F638A
Column: sampArea code=LV00;value=LV00
Column: resQualValue code=POS;value=POS
Column: paramCode code=RF-00004888-PAR;value=RF-00004888-PAR
Column: sampUnitIds code=animalId=IT9862340;value=animalId=IT9862340
Column: anMatCode code=A04MQ#F01.A057E$F02.A06AM$F21.A07RV$F31.A16NQ;value=A04MQ#F01.A057E$F02.A06AM$F21.A07RV$F31.A16NQ
Column: anPortSeq code=1;value=1
Column: evalInfo code=tseNationalCaseId=IT_BSE_inc_001$tseIndexCase=Y$sampEventAsses=J050A;value=tseNationalCaseId=IT_BSE_inc_001$tseIndexCase=Y$sampEventAsses=J050A
Column: sampUnitType code=G199A;value=G199A
Column: repCountry code=LV;value=LV
Column: sampM code=1;value=1
Column: progLegalRef code=N123A;value=N123A

2023-08-24 11:03:12,109 WARN f.RelationFormula [Thread-6] No value was found for relation Relation: [SummarizedInformation] 1=>N [AnalyticalResults] for formula RELATION{SummarizedInformation,type.code} in ID: -1
Column: statusHerd code=IE$birthYear;value=IE$birthYear
Column: sampMatCode code=A04MQ#F01.A057E$F02.A06AM$F21.A07RV$F31.A16NQ;value=A04MQ#F01.A057E$F02.A06AM$F21.A07RV$F31.A16NQ
Column: sampEventId code=5a8e7319-0fe8-41a3-b6d2-9f26f5a2edeb.A.IT9862340;value=5a8e7319-0fe8-41a3-b6d2-9f26f5a2edeb.A.IT9862340
Column: sampY code=2017;value=2017
Column: progId code=5a8e7319-0fe8-41a3-b6d2-9f26f5a2edeb.N123A.TG002A;value=5a8e7319-0fe8-41a3-b6d2-9f26f5a2edeb.N123A.TG002A
Column: sampEventInfo code=birthCountry=IE$birthYear=2008$birthMonth=10;value=birthCountry=IE$birthYear=2008$birthMonth=10
Column: repYear code=2017;value=2017
Column: sampMatType code=S000A;value=S000A
Column: sampInfo code=origSampId=5a8e7319-0fe8-41a3-b6d2-9f26f5a2edeb;value=origSampId=5a8e7319-0fe8-41a3-b6d2-9f26f5a2edeb
Column: paramType code=P001A;value=P001A
Column: sampAnId code=8964;value=8964
Column: anMethRefId code=AT08A.F626A;value=AT08A.F626A
Column: sampCountry code=LV;value=LV
Column: paramCodeBaseTerm code=RF-00004628-PAR;value=RF-00004628-PAR
Column: resType code=BIN;value=BIN
Column: ReportId code=2;value=2
Column: progInfo code=tseTargetGroup=TG002A;value=tseTargetGroup=TG002A
Column: sampId code=8964;value=8964
Column: analysisY code=2017;value=2017
Column: anMethType code=AT08A;value=AT08A
Column: resId code=5a8e7319-0fe8-41a3-b6d2-9f26f5a2edeb.000005;value=5a8e7319-0fe8-41a3-b6d2-9f26f5a2edeb.000005
Column: anMethCode code=F626A;value=F626A
Column: sampArea code=LV00;value=LV00
Column: resQualValue code=NEG;value=NEG
Column: paramCode code=RF-00004628-PAR;value=RF-00004628-PAR
Column: sampUnitIds code=animalId=IT9862340;value=animalId=IT9862340
Column: anMatCode code=A04MQ#F01.A057E$F02.A06AM$F21.A07RV$F31.A16NQ;value=A04MQ#F01.A057E$F02.A06AM$F21.A07RV$F31.A16NQ
Column: anPortSeq code=1;value=1
Column: evalInfo code=tseNationalCaseId=IT_BSE_inc_001$tseIndexCase=Y$sampEventAsses=J050A;value=tseNationalCaseId=IT_BSE_inc_001$tseIndexCase=Y$sampEventAsses=J050A
Column: sampUnitType code=G199A;value=G199A
Column: repCountry code=LV;value=LV
Column: sampM code=1;value=1
Column: progLegalRef code=N123A;value=N123A

2023-08-24 11:03:12,121 WARN f.RelationFormula [Thread-6] No value was found for relation Relation: [SummarizedInformation] 1=>N [AnalyticalResults] for formula RELATION{SummarizedInformation,type.code} in ID: -1
Column: statusHerd code=IE$birthYear;value=IE$birthYear
Column: sampMatCode code=A04MQ#F01.A057E$F02.A06AM$F21.A07RV$F31.A16NQ;value=A04MQ#F01.A057E$F02.A06AM$F21.A07RV$F31.A16NQ
Column: sampEventId code=5a8e7319-0fe8-41a3-b6d2-9f26f5a2edeb.A.IT9862340;value=5a8e7319-0fe8-41a3-b6d2-9f26f5a2edeb.A.IT9862340
Column: sampY code=2017;value=2017
Column: progId code=5a8e7319-0fe8-41a3-b6d2-9f26f5a2edeb.N123A.TG002A;value=5a8e7319-0fe8-41a3-b6d2-9f26f5a2edeb.N123A.TG002A
Column: sampEventInfo code=birthCountry=IE$birthYear=2008$birthMonth=10;value=birthCountry=IE$birthYear=2008$birthMonth=10
Column: repYear code=2017;value=2017
Column: sampMatType code=S000A;value=S000A
Column: sampInfo code=origSampId=5a8e7319-0fe8-41a3-b6d2-9f26f5a2edeb;value=origSampId=5a8e7319-0fe8-41a3-b6d2-9f26f5a2edeb
Column: paramType code=P001A;value=P001A
Column: sampAnId code=8964;value=8964
Column: anMethRefId code=AT06A.F639A;value=AT06A.F639A
Column: sampCountry code=LV;value=LV
Column: paramCodeBaseTerm code=RF-00004884-PAR;value=RF-00004884-PAR
Column: resType code=BIN;value=BIN
Column: ReportId code=2;value=2
Column: progInfo code=tseTargetGroup=TG002A;value=tseTargetGroup=TG002A
Column: sampId code=8964;value=8964
Column: analysisY code=2017;value=2017
Column: anMethType code=AT06A;value=AT06A
Column: resId code=5a8e7319-0fe8-41a3-b6d2-9f26f5a2edeb.000004;value=5a8e7319-0fe8-41a3-b6d2-9f26f5a2edeb.000004
Column: anMethCode code=F639A;value=F639A
Column: sampArea code=LV00;value=LV00
Column: resQualValue code=POS;value=POS
Column: paramCode code=RF-00004884-PAR;value=RF-00004884-PAR
Column: sampUnitIds code=animalId=IT9862340;value=animalId=IT9862340
Column: anMatCode code=A04MQ#F01.A057E$F02.A06AM$F21.A07RV$F31.A16NQ;value=A04MQ#F01.A057E$F02.A06AM$F21.A07RV$F31.A16NQ
Column: anPortSeq code=1;value=1
Column: evalInfo code=tseNationalCaseId=IT_BSE_inc_001$tseIndexCase=Y$sampEventAsses=J050A;value=tseNationalCaseId=IT_BSE_inc_001$tseIndexCase=Y$sampEventAsses=J050A
Column: sampUnitType code=G199A;value=G199A
Column: repCountry code=LV;value=LV
Column: sampM code=1;value=1
Column: progLegalRef code=N123A;value=N123A

2023-08-24 11:03:12,137 WARN f.RelationFormula [Thread-6] No value was found for relation Relation: [SummarizedInformation] 1=>N [AnalyticalResults] for formula RELATION{SummarizedInformation,type.code} in ID: -1
Column: statusHerd code=IT$birthYear;value=IT$birthYear
Column: sampMatCode code=A04MQ#F01.A057E$F02.A16YL$F21.A07RV$F31.A16NQ;value=A04MQ#F01.A057E$F02.A16YL$F21.A07RV$F31.A16NQ
Column: sampEventId code=5a8e7319-0fe8-41a3-b6d2-9f26f5a2edeb.A.IT89632;value=5a8e7319-0fe8-41a3-b6d2-9f26f5a2edeb.A.IT89632
Column: sampY code=2017;value=2017
Column: progId code=5a8e7319-0fe8-41a3-b6d2-9f26f5a2edeb.N123A.TG002A;value=5a8e7319-0fe8-41a3-b6d2-9f26f5a2edeb.N123A.TG002A
Column: sampEventInfo code=birthCountry=IT$birthYear=2008$birthMonth=4;value=birthCountry=IT$birthYear=2008$birthMonth=4
Column: repYear code=2017;value=2017
Column: sampMatType code=S000A;value=S000A
Column: sampInfo code=origSampId=5a8e7319-0fe8-41a3-b6d2-9f26f5a2edeb;value=origSampId=5a8e7319-0fe8-41a3-b6d2-9f26f5a2edeb
Column: paramType code=P001A;value=P001A
Column: sampAnId code=9683;value=9683
Column: anMethRefId code=AT12A.F638A;value=AT12A.F638A
Column: sampCountry code=LV;value=LV
Column: paramCodeBaseTerm code=RF-00004885-PAR;value=RF-00004885-PAR
Column: resType code=BIN;value=BIN
Column: ReportId code=2;value=2
Column: progInfo code=tseTargetGroup=TG002A;value=tseTargetGroup=TG002A
Column: sampId code=9683;value=9683
Column: analysisY code=2017;value=2017
Column: anMethType code=AT12A;value=AT12A
Column: resId code=5a8e7319-0fe8-41a3-b6d2-9f26f5a2edeb.000003;value=5a8e7319-0fe8-41a3-b6d2-9f26f5a2edeb.000003
Column: anMethCode code=F638A;value=F638A
Column: sampArea code=LV00;value=LV00
Column: resQualValue code=POS;value=POS
Column: paramCode code=RF-00004885-PAR;value=RF-00004885-PAR
Column: sampUnitIds code=animalId=IT89632;value=animalId=IT89632
Column: anMatCode code=A04MQ#F01.A057E$F02.A16YL$F21.A07RV$F31.A16NQ;value=A04MQ#F01.A057E$F02.A16YL$F21.A07RV$F31.A16NQ
Column: anPortSeq code=1;value=1
Column: evalInfo code=tseNationalCaseId=IT_BSE_001$tseIndexCase=Y$sampEventAsses=J046A;value=tseNationalCaseId=IT_BSE_001$tseIndexCase=Y$sampEventAsses=J046A
Column: sampUnitType code=G199A;value=G199A
Column: repCountry code=LV;value=LV
Column: sampM code=1;value=1
Column: progLegalRef code=N123A;value=N123A

2023-08-24 11:03:12,148 WARN f.RelationFormula [Thread-6] No value was found for relation Relation: [SummarizedInformation] 1=>N [AnalyticalResults] for formula RELATION{SummarizedInformation,type.code} in ID: -1
Column: statusHerd code=IT$birthYear;value=IT$birthYear
Column: sampMatCode code=A04MQ#F01.A057E$F02.A16YL$F21.A07RV$F31.A16NQ;value=A04MQ#F01.A057E$F02.A16YL$F21.A07RV$F31.A16NQ
Column: sampEventId code=5a8e7319-0fe8-41a3-b6d2-9f26f5a2edeb.A.IT89632;value=5a8e7319-0fe8-41a3-b6d2-9f26f5a2edeb.A.IT89632
Column: sampY code=2017;value=2017
Column: progId code=5a8e7319-0fe8-41a3-b6d2-9f26f5a2edeb.N123A.TG002A;value=5a8e7319-0fe8-41a3-b6d2-9f26f5a2edeb.N123A.TG002A
Column: sampEventInfo code=birthCountry=IT$birthYear=2008$birthMonth=4;value=birthCountry=IT$birthYear=2008$birthMonth=4
Column: repYear code=2017;value=2017
Column: sampMatType code=S000A;value=S000A
Column: sampInfo code=origSampId=5a8e7319-0fe8-41a3-b6d2-9f26f5a2edeb;value=origSampId=5a8e7319-0fe8-41a3-b6d2-9f26f5a2edeb
Column: paramType code=P001A;value=P001A
Column: sampAnId code=9683;value=9683
Column: anMethRefId code=AT08A.F626A;value=AT08A.F626A
Column: sampCountry code=LV;value=LV
Column: paramCodeBaseTerm code=RF-00004628-PAR;value=RF-00004628-PAR
Column: resType code=BIN;value=BIN
Column: ReportId code=2;value=2
Column: progInfo code=tseTargetGroup=TG002A;value=tseTargetGroup=TG002A
Column: sampId code=9683;value=9683
Column: analysisY code=2017;value=2017
Column: anMethType code=AT08A;value=AT08A
Column: resId code=5a8e7319-0fe8-41a3-b6d2-9f26f5a2edeb.000002;value=5a8e7319-0fe8-41a3-b6d2-9f26f5a2edeb.000002
Column: anMethCode code=F626A;value=F626A
Column: sampArea code=LV00;value=LV00
Column: resQualValue code=POS;value=POS
Column: paramCode code=RF-00004628-PAR;value=RF-00004628-PAR
Column: sampUnitIds code=animalId=IT89632;value=animalId=IT89632
Column: anMatCode code=A04MQ#F01.A057E$F02.A16YL$F21.A07RV$F31.A16NQ;value=A04MQ#F01.A057E$F02.A16YL$F21.A07RV$F31.A16NQ
Column: anPortSeq code=1;value=1
Column: evalInfo code=tseNationalCaseId=IT_BSE_001$tseIndexCase=Y$sampEventAsses=J046A;value=tseNationalCaseId=IT_BSE_001$tseIndexCase=Y$sampEventAsses=J046A
Column: sampUnitType code=G199A;value=G199A
Column: repCountry code=LV;value=LV
Column: sampM code=1;value=1
Column: progLegalRef code=N123A;value=N123A

2023-08-24 11:03:12,158 WARN f.RelationFormula [Thread-6] No value was found for relation Relation: [SummarizedInformation] 1=>N [AnalyticalResults] for formula RELATION{SummarizedInformation,type.code} in ID: -1
Column: statusHerd code=IT$birthYear;value=IT$birthYear
Column: sampMatCode code=A04MQ#F01.A057E$F02.A16YL$F21.A07RV$F31.A16NQ;value=A04MQ#F01.A057E$F02.A16YL$F21.A07RV$F31.A16NQ
Column: sampEventId code=5a8e7319-0fe8-41a3-b6d2-9f26f5a2edeb.A.IT89632;value=5a8e7319-0fe8-41a3-b6d2-9f26f5a2edeb.A.IT89632
Column: sampY code=2017;value=2017
Column: progId code=5a8e7319-0fe8-41a3-b6d2-9f26f5a2edeb.N123A.TG002A;value=5a8e7319-0fe8-41a3-b6d2-9f26f5a2edeb.N123A.TG002A
Column: sampEventInfo code=birthCountry=IT$birthYear=2008$birthMonth=4;value=birthCountry=IT$birthYear=2008$birthMonth=4
Column: repYear code=2017;value=2017
Column: sampMatType code=S000A;value=S000A
Column: sampInfo code=origSampId=5a8e7319-0fe8-41a3-b6d2-9f26f5a2edeb;value=origSampId=5a8e7319-0fe8-41a3-b6d2-9f26f5a2edeb
Column: paramType code=P001A;value=P001A
Column: sampAnId code=9683;value=9683
Column: anMethRefId code=AT06A.F639A;value=AT06A.F639A
Column: sampCountry code=LV;value=LV
Column: paramCodeBaseTerm code=RF-00004884-PAR;value=RF-00004884-PAR
Column: resType code=BIN;value=BIN
Column: ReportId code=2;value=2
Column: progInfo code=tseTargetGroup=TG002A;value=tseTargetGroup=TG002A
Column: sampId code=9683;value=9683
Column: analysisY code=2017;value=2017
Column: anMethType code=AT06A;value=AT06A
Column: resId code=5a8e7319-0fe8-41a3-b6d2-9f26f5a2edeb.000001;value=5a8e7319-0fe8-41a3-b6d2-9f26f5a2edeb.000001
Column: anMethCode code=F639A;value=F639A
Column: sampArea code=LV00;value=LV00
Column: resQualValue code=POS;value=POS
Column: paramCode code=RF-00004884-PAR;value=RF-00004884-PAR
Column: sampUnitIds code=animalId=IT89632;value=animalId=IT89632
Column: anMatCode code=A04MQ#F01.A057E$F02.A16YL$F21.A07RV$F31.A16NQ;value=A04MQ#F01.A057E$F02.A16YL$F21.A07RV$F31.A16NQ
Column: anPortSeq code=1;value=1
Column: evalInfo code=tseNationalCaseId=IT_BSE_001$tseIndexCase=Y$sampEventAsses=J046A;value=tseNationalCaseId=IT_BSE_001$tseIndexCase=Y$sampEventAsses=J046A
Column: sampUnitType code=G199A;value=G199A
Column: repCountry code=LV;value=LV
Column: sampM code=1;value=1
Column: progLegalRef code=N123A;value=N123A

2023-08-24 11:06:39,064 ERROR t.TableDao [main] IMPORTANT: The element F638A is missing in the picklist anlymdLists in the picklists\ folder. Putting an empty value.
2023-08-24 11:06:39,064 ERROR t.TableDao [main] IMPORTANT: The element 2017 is missing in the picklist reportYearsList in the picklists\ folder. Putting an empty value.
2023-08-24 11:06:39,322 ERROR t.TableDao [main] IMPORTANT: The element F626A is missing in the picklist anlymdLists in the picklists\ folder. Putting an empty value.
2023-08-24 11:06:39,322 ERROR t.TableDao [main] IMPORTANT: The element 2017 is missing in the picklist reportYearsList in the picklists\ folder. Putting an empty value.
2023-08-24 11:06:39,344 ERROR t.TableDao [main] IMPORTANT: The element 2017 is missing in the picklist reportYearsList in the picklists\ folder. Putting an empty value.
2023-08-24 11:06:39,356 ERROR t.Relation [main] No relation found for Settings 1=>N CasesInformation
2023-08-24 11:06:39,357 ERROR t.Relation [main] No relation found for Preferences 1=>N CasesInformation
2023-08-24 11:06:45,747 ERROR t.Relation [main] No relation found for Settings 1=>N AnalyticalResults
2023-08-24 11:06:45,750 ERROR t.Relation [main] No relation found for Preferences 1=>N AnalyticalResults
2023-08-24 11:06:45,760 ERROR t.Relation [main] No relation found for Settings 1=>N AnalyticalResults
2023-08-24 11:06:45,762 ERROR t.Relation [main] No relation found for Preferences 1=>N AnalyticalResults
2023-08-24 11:06:45,766 ERROR t.Relation [main] No relation found for Settings 1=>N AnalyticalResults
2023-08-24 11:06:45,768 ERROR t.Relation [main] No relation found for Preferences 1=>N AnalyticalResults
2023-08-24 11:06:45,848 ERROR t.TableDao [main] IMPORTANT: The element F638A is missing in the picklist anlymdLists in the picklists\ folder. Putting an empty value.
2023-08-24 11:06:45,848 ERROR t.TableDao [main] IMPORTANT: The element 2017 is missing in the picklist reportYearsList in the picklists\ folder. Putting an empty value.
2023-08-24 11:06:45,931 ERROR t.TableDao [main] IMPORTANT: The element F626A is missing in the picklist anlymdLists in the picklists\ folder. Putting an empty value.
2023-08-24 11:06:45,931 ERROR t.TableDao [main] IMPORTANT: The element 2017 is missing in the picklist reportYearsList in the picklists\ folder. Putting an empty value.
2023-08-24 11:06:45,940 ERROR t.TableDao [main] IMPORTANT: The element 2017 is missing in the picklist reportYearsList in the picklists\ folder. Putting an empty value.
2023-08-24 11:06:45,953 ERROR t.Relation [main] No relation found for Settings 1=>N CasesInformation
2023-08-24 11:06:45,956 ERROR t.Relation [main] No relation found for Preferences 1=>N CasesInformation
2023-08-24 11:06:45,959 ERROR t.Relation [main] No relation found for Settings 1=>N AnalyticalResults
2023-08-24 11:06:45,961 ERROR t.Relation [main] No relation found for Preferences 1=>N AnalyticalResults
2023-08-24 11:06:45,964 ERROR t.Relation [main] No relation found for Settings 1=>N AnalyticalResults
2023-08-24 11:06:45,965 ERROR t.Relation [main] No relation found for Preferences 1=>N AnalyticalResults
2023-08-24 11:06:45,969 ERROR t.Relation [main] No relation found for Settings 1=>N AnalyticalResults
2023-08-24 11:06:45,971 ERROR t.Relation [main] No relation found for Preferences 1=>N AnalyticalResults
2023-08-24 11:06:46,049 ERROR t.TableDao [main] IMPORTANT: The element F638A is missing in the picklist anlymdLists in the picklists\ folder. Putting an empty value.
2023-08-24 11:06:46,049 ERROR t.TableDao [main] IMPORTANT: The element 2017 is missing in the picklist reportYearsList in the picklists\ folder. Putting an empty value.
2023-08-24 11:06:46,149 ERROR t.TableDao [main] IMPORTANT: The element F626A is missing in the picklist anlymdLists in the picklists\ folder. Putting an empty value.
2023-08-24 11:06:46,149 ERROR t.TableDao [main] IMPORTANT: The element 2017 is missing in the picklist reportYearsList in the picklists\ folder. Putting an empty value.
2023-08-24 11:06:46,160 ERROR t.TableDao [main] IMPORTANT: The element 2017 is missing in the picklist reportYearsList in the picklists\ folder. Putting an empty value.
2023-08-24 11:06:46,170 ERROR t.Relation [main] No relation found for Settings 1=>N CasesInformation
2023-08-24 11:06:46,173 ERROR t.Relation [main] No relation found for Preferences 1=>N CasesInformation
2023-08-24 11:06:46,176 ERROR t.Relation [main] No relation found for Settings 1=>N AnalyticalResults
2023-08-24 11:06:46,178 ERROR t.Relation [main] No relation found for Preferences 1=>N AnalyticalResults
2023-08-24 11:06:46,182 ERROR t.Relation [main] No relation found for Settings 1=>N AnalyticalResults
2023-08-24 11:06:46,184 ERROR t.Relation [main] No relation found for Preferences 1=>N AnalyticalResults
2023-08-24 11:06:46,187 ERROR t.Relation [main] No relation found for Settings 1=>N AnalyticalResults
2023-08-24 11:06:46,189 ERROR t.Relation [main] No relation found for Preferences 1=>N AnalyticalResults
2023-08-24 11:06:46,256 ERROR t.TableDao [main] IMPORTANT: The element F638A is missing in the picklist anlymdLists in the picklists\ folder. Putting an empty value.
2023-08-24 11:06:46,256 ERROR t.TableDao [main] IMPORTANT: The element 2017 is missing in the picklist reportYearsList in the picklists\ folder. Putting an empty value.
2023-08-24 11:06:46,332 ERROR t.TableDao [main] IMPORTANT: The element F626A is missing in the picklist anlymdLists in the picklists\ folder. Putting an empty value.
2023-08-24 11:06:46,332 ERROR t.TableDao [main] IMPORTANT: The element 2017 is missing in the picklist reportYearsList in the picklists\ folder. Putting an empty value.
2023-08-24 11:06:46,340 ERROR t.TableDao [main] IMPORTANT: The element 2017 is missing in the picklist reportYearsList in the picklists\ folder. Putting an empty value.
2023-08-24 11:06:46,350 ERROR t.Relation [main] No relation found for Settings 1=>N CasesInformation
2023-08-24 11:06:46,352 ERROR t.Relation [main] No relation found for Preferences 1=>N CasesInformation
2023-08-24 11:06:46,357 ERROR t.Relation [main] No relation found for Settings 1=>N AnalyticalResults
2023-08-24 11:06:46,359 ERROR t.Relation [main] No relation found for Preferences 1=>N AnalyticalResults
2023-08-24 11:06:46,363 ERROR t.Relation [main] No relation found for Settings 1=>N AnalyticalResults
2023-08-24 11:06:46,365 ERROR t.Relation [main] No relation found for Preferences 1=>N AnalyticalResults
2023-08-24 11:06:46,368 ERROR t.Relation [main] No relation found for Settings 1=>N AnalyticalResults
2023-08-24 11:06:46,370 ERROR t.Relation [main] No relation found for Preferences 1=>N AnalyticalResults
2023-08-24 11:07:03,820 ERROR t.Database [main] Error in shutting down the database
java.sql.SQLNonTransientConnectionException: Database 'database\' shutdown.
	at org.apache.derby.impl.jdbc.SQLExceptionFactory.getSQLException(Unknown Source) ~[derby-10.14.2.0.jar:?]
	at org.apache.derby.impl.jdbc.Util.generateCsSQLException(Unknown Source) ~[derby-10.14.2.0.jar:?]
	at org.apache.derby.impl.jdbc.TransactionResourceImpl.wrapInSQLException(Unknown Source) ~[derby-10.14.2.0.jar:?]
	at org.apache.derby.impl.jdbc.TransactionResourceImpl.handleException(Unknown Source) ~[derby-10.14.2.0.jar:?]
	at org.apache.derby.impl.jdbc.EmbedConnection.handleException(Unknown Source) ~[derby-10.14.2.0.jar:?]
	at org.apache.derby.impl.jdbc.EmbedConnection.<init>(Unknown Source) ~[derby-10.14.2.0.jar:?]
	at org.apache.derby.jdbc.InternalDriver$1.run(Unknown Source) ~[derby-10.14.2.0.jar:?]
	at org.apache.derby.jdbc.InternalDriver$1.run(Unknown Source) ~[derby-10.14.2.0.jar:?]
	at java.security.AccessController.doPrivileged(Native Method) ~[?:1.8.0_382]
	at org.apache.derby.jdbc.InternalDriver.getNewEmbedConnection(Unknown Source) ~[derby-10.14.2.0.jar:?]
	at org.apache.derby.jdbc.InternalDriver.connect(Unknown Source) ~[derby-10.14.2.0.jar:?]
	at org.apache.derby.jdbc.InternalDriver.connect(Unknown Source) ~[derby-10.14.2.0.jar:?]
	at org.apache.derby.jdbc.AutoloadedDriver.connect(Unknown Source) ~[derby-10.14.2.0.jar:?]
	at java.sql.DriverManager.getConnection(DriverManager.java:664) ~[?:1.8.0_382]
	at java.sql.DriverManager.getConnection(DriverManager.java:270) ~[?:1.8.0_382]
	at table_database.Database.shutdown(Database.java:207) [classes/:?]
	at tse_main.StartUI.shutdown(StartUI.java:156) [classes/:?]
	at tse_main.StartUI.main(StartUI.java:198) [classes/:?]
Caused by: org.apache.derby.iapi.error.StandardException: Database 'database\' shutdown.
	at org.apache.derby.iapi.error.StandardException.newException(Unknown Source) ~[derby-10.14.2.0.jar:?]
	at org.apache.derby.iapi.error.StandardException.newException(Unknown Source) ~[derby-10.14.2.0.jar:?]
	at org.apache.derby.impl.jdbc.TransactionResourceImpl.shutdownDatabaseException(Unknown Source) ~[derby-10.14.2.0.jar:?]
	... 13 more
