2023-09-02 16:36:37,539 ERROR t.Relation [main] No relation found for Settings 1=>N CasesInformation
2023-09-02 16:36:37,541 ERROR t.Relation [main] No relation found for Preferences 1=>N CasesInformation
2023-09-02 16:36:37,553 ERROR t.Relation [main] No relation found for Settings 1=>N AnalyticalResults
2023-09-02 16:36:37,555 ERROR t.Relation [main] No relation found for Preferences 1=>N AnalyticalResults
2023-09-02 16:36:37,576 ERROR t.Relation [main] No relation found for Settings 1=>N AnalyticalResults
2023-09-02 16:36:37,579 ERROR t.Relation [main] No relation found for Preferences 1=>N AnalyticalResults
2023-09-02 16:36:37,583 ERROR t.Relation [main] No relation found for Settings 1=>N AnalyticalResults
2023-09-02 16:36:37,586 ERROR t.Relation [main] No relation found for Preferences 1=>N AnalyticalResults
2023-09-02 16:36:37,590 ERROR t.Relation [main] No relation found for Settings 1=>N AnalyticalResults
2023-09-02 16:36:37,594 ERROR t.Relation [main] No relation found for Preferences 1=>N AnalyticalResults
2023-09-02 16:36:37,828 ERROR t.Relation [main] No relation found for Settings 1=>N CasesInformation
2023-09-02 16:36:37,830 ERROR t.Relation [main] No relation found for Preferences 1=>N CasesInformation
2023-09-02 16:36:37,838 ERROR t.Relation [main] No relation found for Settings 1=>N AnalyticalResults
2023-09-02 16:36:37,840 ERROR t.Relation [main] No relation found for Preferences 1=>N AnalyticalResults
2023-09-02 16:36:37,844 ERROR t.Relation [main] No relation found for Settings 1=>N AnalyticalResults
2023-09-02 16:36:37,846 ERROR t.Relation [main] No relation found for Preferences 1=>N AnalyticalResults
2023-09-02 16:36:37,853 ERROR t.Relation [main] No relation found for Settings 1=>N AnalyticalResults
2023-09-02 16:36:37,854 ERROR t.Relation [main] No relation found for Preferences 1=>N AnalyticalResults
2023-09-02 16:36:37,948 ERROR t.Relation [main] No relation found for Settings 1=>N CasesInformation
2023-09-02 16:36:37,950 ERROR t.Relation [main] No relation found for Preferences 1=>N CasesInformation
2023-09-02 16:36:37,953 ERROR t.Relation [main] No relation found for Settings 1=>N AnalyticalResults
2023-09-02 16:36:37,955 ERROR t.Relation [main] No relation found for Preferences 1=>N AnalyticalResults
2023-09-02 16:36:37,958 ERROR t.Relation [main] No relation found for Settings 1=>N AnalyticalResults
2023-09-02 16:36:37,959 ERROR t.Relation [main] No relation found for Preferences 1=>N AnalyticalResults
2023-09-02 16:36:37,962 ERROR t.Relation [main] No relation found for Settings 1=>N AnalyticalResults
2023-09-02 16:36:37,963 ERROR t.Relation [main] No relation found for Preferences 1=>N AnalyticalResults
2023-09-02 16:36:38,153 ERROR t.Relation [main] No relation found for Settings 1=>N CasesInformation
2023-09-02 16:36:38,154 ERROR t.Relation [main] No relation found for Preferences 1=>N CasesInformation
2023-09-02 16:36:38,156 ERROR t.Relation [main] No relation found for Settings 1=>N AnalyticalResults
2023-09-02 16:36:38,157 ERROR t.Relation [main] No relation found for Preferences 1=>N AnalyticalResults
2023-09-02 16:36:38,159 ERROR t.Relation [main] No relation found for Settings 1=>N AnalyticalResults
2023-09-02 16:36:38,161 ERROR t.Relation [main] No relation found for Preferences 1=>N AnalyticalResults
2023-09-02 16:36:38,244 ERROR t.Relation [main] No relation found for Settings 1=>N CasesInformation
2023-09-02 16:36:38,245 ERROR t.Relation [main] No relation found for Preferences 1=>N CasesInformation
2023-09-02 16:36:38,246 ERROR t.Relation [main] No relation found for Settings 1=>N AnalyticalResults
2023-09-02 16:36:38,247 ERROR t.Relation [main] No relation found for Preferences 1=>N AnalyticalResults
2023-09-02 16:36:38,250 ERROR t.Relation [main] No relation found for Settings 1=>N AnalyticalResults
2023-09-02 16:36:38,251 ERROR t.Relation [main] No relation found for Preferences 1=>N AnalyticalResults
2023-09-02 16:36:38,792 ERROR t.Relation [main] No relation found for Settings 1=>N CasesInformation
2023-09-02 16:36:38,793 ERROR t.Relation [main] No relation found for Preferences 1=>N CasesInformation
2023-09-02 16:36:38,796 ERROR t.Relation [main] No relation found for Settings 1=>N AnalyticalResults
2023-09-02 16:36:38,797 ERROR t.Relation [main] No relation found for Preferences 1=>N AnalyticalResults
2023-09-02 16:36:38,799 ERROR t.Relation [main] No relation found for Settings 1=>N AnalyticalResults
2023-09-02 16:36:38,800 ERROR t.Relation [main] No relation found for Preferences 1=>N AnalyticalResults
2023-09-02 16:36:38,882 ERROR t.Relation [main] No relation found for Settings 1=>N CasesInformation
2023-09-02 16:36:38,884 ERROR t.Relation [main] No relation found for Preferences 1=>N CasesInformation
2023-09-02 16:36:38,887 ERROR t.Relation [main] No relation found for Settings 1=>N AnalyticalResults
2023-09-02 16:36:38,888 ERROR t.Relation [main] No relation found for Preferences 1=>N AnalyticalResults
2023-09-02 16:36:38,891 ERROR t.Relation [main] No relation found for Settings 1=>N AnalyticalResults
2023-09-02 16:36:38,893 ERROR t.Relation [main] No relation found for Preferences 1=>N AnalyticalResults
2023-09-02 16:36:39,082 ERROR t.Relation [main] No relation found for Settings 1=>N CasesInformation
2023-09-02 16:36:39,084 ERROR t.Relation [main] No relation found for Preferences 1=>N CasesInformation
2023-09-02 16:36:39,091 ERROR t.Relation [main] No relation found for Settings 1=>N AnalyticalResults
2023-09-02 16:36:39,092 ERROR t.Relation [main] No relation found for Preferences 1=>N AnalyticalResults
2023-09-02 16:36:39,095 ERROR t.Relation [main] No relation found for Settings 1=>N AnalyticalResults
2023-09-02 16:36:39,096 ERROR t.Relation [main] No relation found for Preferences 1=>N AnalyticalResults
2023-09-02 16:36:39,100 ERROR t.Relation [main] No relation found for Settings 1=>N AnalyticalResults
2023-09-02 16:36:39,102 ERROR t.Relation [main] No relation found for Preferences 1=>N AnalyticalResults
2023-09-02 16:36:39,212 ERROR t.Relation [main] No relation found for Settings 1=>N CasesInformation
2023-09-02 16:36:39,213 ERROR t.Relation [main] No relation found for Preferences 1=>N CasesInformation
2023-09-02 16:36:39,215 ERROR t.Relation [main] No relation found for Settings 1=>N AnalyticalResults
2023-09-02 16:36:39,216 ERROR t.Relation [main] No relation found for Preferences 1=>N AnalyticalResults
2023-09-02 16:36:39,219 ERROR t.Relation [main] No relation found for Settings 1=>N AnalyticalResults
2023-09-02 16:36:39,220 ERROR t.Relation [main] No relation found for Preferences 1=>N AnalyticalResults
2023-09-02 16:36:39,222 ERROR t.Relation [main] No relation found for Settings 1=>N AnalyticalResults
2023-09-02 16:36:39,223 ERROR t.Relation [main] No relation found for Preferences 1=>N AnalyticalResults
2023-09-02 16:36:39,409 ERROR t.Relation [main] No relation found for Settings 1=>N CasesInformation
2023-09-02 16:36:39,410 ERROR t.Relation [main] No relation found for Preferences 1=>N CasesInformation
2023-09-02 16:36:39,416 ERROR t.Relation [main] No relation found for Settings 1=>N AnalyticalResults
2023-09-02 16:36:39,417 ERROR t.Relation [main] No relation found for Preferences 1=>N AnalyticalResults
2023-09-02 16:36:39,419 ERROR t.Relation [main] No relation found for Settings 1=>N AnalyticalResults
2023-09-02 16:36:39,420 ERROR t.Relation [main] No relation found for Preferences 1=>N AnalyticalResults
2023-09-02 16:36:39,422 ERROR t.Relation [main] No relation found for Settings 1=>N AnalyticalResults
2023-09-02 16:36:39,423 ERROR t.Relation [main] No relation found for Preferences 1=>N AnalyticalResults
2023-09-02 16:36:39,425 ERROR t.Relation [main] No relation found for Settings 1=>N AnalyticalResults
2023-09-02 16:36:39,426 ERROR t.Relation [main] No relation found for Preferences 1=>N AnalyticalResults
2023-09-02 16:42:59,778 ERROR t.Database [main] Error in shutting down the database
java.sql.SQLNonTransientConnectionException: Database 'database\' shutdown.
	at org.apache.derby.impl.jdbc.SQLExceptionFactory.getSQLException(Unknown Source) ~[derby-10.14.2.0.jar:?]
	at org.apache.derby.impl.jdbc.Util.generateCsSQLException(Unknown Source) ~[derby-10.14.2.0.jar:?]
	at org.apache.derby.impl.jdbc.TransactionResourceImpl.wrapInSQLException(Unknown Source) ~[derby-10.14.2.0.jar:?]
	at org.apache.derby.impl.jdbc.TransactionResourceImpl.handleException(Unknown Source) ~[derby-10.14.2.0.jar:?]
	at org.apache.derby.impl.jdbc.EmbedConnection.handleException(Unknown Source) ~[derby-10.14.2.0.jar:?]
	at org.apache.derby.impl.jdbc.EmbedConnection.<init>(Unknown Source) ~[derby-10.14.2.0.jar:?]
	at org.apache.derby.jdbc.InternalDriver$1.run(Unknown Source) ~[derby-10.14.2.0.jar:?]
	at org.apache.derby.jdbc.InternalDriver$1.run(Unknown Source) ~[derby-10.14.2.0.jar:?]
	at java.security.AccessController.doPrivileged(Native Method) ~[?:1.8.0_202]
	at org.apache.derby.jdbc.InternalDriver.getNewEmbedConnection(Unknown Source) ~[derby-10.14.2.0.jar:?]
	at org.apache.derby.jdbc.InternalDriver.connect(Unknown Source) ~[derby-10.14.2.0.jar:?]
	at org.apache.derby.jdbc.InternalDriver.connect(Unknown Source) ~[derby-10.14.2.0.jar:?]
	at org.apache.derby.jdbc.AutoloadedDriver.connect(Unknown Source) ~[derby-10.14.2.0.jar:?]
	at java.sql.DriverManager.getConnection(DriverManager.java:664) ~[?:1.8.0_202]
	at java.sql.DriverManager.getConnection(DriverManager.java:270) ~[?:1.8.0_202]
	at table_database.Database.shutdown(Database.java:207) [classes/:?]
	at tse_main.StartUI.shutdown(StartUI.java:156) [classes/:?]
	at tse_main.StartUI.main(StartUI.java:198) [classes/:?]
Caused by: org.apache.derby.iapi.error.StandardException: Database 'database\' shutdown.
	at org.apache.derby.iapi.error.StandardException.newException(Unknown Source) ~[derby-10.14.2.0.jar:?]
	at org.apache.derby.iapi.error.StandardException.newException(Unknown Source) ~[derby-10.14.2.0.jar:?]
	at org.apache.derby.impl.jdbc.TransactionResourceImpl.shutdownDatabaseException(Unknown Source) ~[derby-10.14.2.0.jar:?]
	... 13 more
